Vivado Simulator v2022.1
Copyright 1986-1999, 2001-2022 Xilinx, Inc. All Rights Reserved.
Running: C:/Xilinx/Vivado/2022.1/bin/unwrapped/win64.o/xelab.exe --debug typical --relax --mt 2 -L xil_defaultlib -L unisims_ver -L unimacro_ver -L secureip -L xpm --snapshot intensityRebinTest_behav xil_defaultlib.intensityRebinTest xil_defaultlib.glbl -log elaborate.log 
Using 2 slave threads.
Starting static elaboration
Pass Through NonSizing Optimizer
Completed static elaboration
Starting simulation data flow analysis
Completed simulation data flow analysis
Time Resolution for simulation is 1ps
Compiling package std.standard
Compiling package std.textio
Compiling package ieee.std_logic_1164
Compiling package ieee.numeric_std
Compiling package std.env
Compiling package ieee.math_real
Compiling module xil_defaultlib.glbl
Compiling architecture behavioral of entity xil_defaultlib.intensityRebin [\intensityRebin(pointsperintensi...]
Compiling architecture behavioral of entity xil_defaultlib.intensityrebintest
Built simulation snapshot intensityRebinTest_behav
