Copyright 1986-2022 Xilinx, Inc. All Rights Reserved. Copyright 2022-2023 Advanced Micro Devices, Inc. All Rights Reserved.
---------------------------------------------------------------------------------------------------------------------------------------------
| Tool Version : Vivado v.2023.1 (win64) Build 3865809 Sun May  7 15:05:29 MDT 2023
| Date         : Wed Mar 18 21:38:37 2026
| Host         : JohnWorkstat running 64-bit major release  (build 9200)
| Command      : upgrade_ip
| Device       : xc7a75tfgg484-1
---------------------------------------------------------------------------------------------------------------------------------------------

Upgrade Log for IP 'uint32_to_single'

1. Summary
----------

SUCCESS in the update of uint32_to_single (xilinx.com:ip:floating_point:7.1 (Rev. 15)) to current project options.






Copyright 1986-2022 Xilinx, Inc. All Rights Reserved. Copyright 2022-2023 Advanced Micro Devices, Inc. All Rights Reserved.
---------------------------------------------------------------------------------------------------------------------------------------------
| Tool Version : Vivado v.2023.1 (win64) Build 3865809 Sun May  7 15:05:29 MDT 2023
| Date         : Wed Mar 18 21:38:31 2026
| Host         : JohnWorkstat running 64-bit major release  (build 9200)
| Command      : upgrade_ip
| Device       : xc7a75tfgg484-1
---------------------------------------------------------------------------------------------------------------------------------------------

Upgrade Log for IP 'uart_fifo'

1. Summary
----------

SUCCESS in the update of uart_fifo (xilinx.com:ip:fifo_generator:13.2 (Rev. 8)) to current project options.






Copyright 1986-2022 Xilinx, Inc. All Rights Reserved. Copyright 2022-2023 Advanced Micro Devices, Inc. All Rights Reserved.
---------------------------------------------------------------------------------------------------------------------------------------------
| Tool Version : Vivado v.2023.1 (win64) Build 3865809 Sun May  7 15:05:29 MDT 2023
| Date         : Wed Mar 18 21:38:29 2026
| Host         : JohnWorkstat running 64-bit major release  (build 9200)
| Command      : upgrade_ip
| Device       : xc7a75tfgg484-1
---------------------------------------------------------------------------------------------------------------------------------------------

Upgrade Log for IP 'single_multiply'

1. Summary
----------

SUCCESS in the update of single_multiply (xilinx.com:ip:floating_point:7.1 (Rev. 15)) to current project options.






Copyright 1986-2022 Xilinx, Inc. All Rights Reserved. Copyright 2022-2023 Advanced Micro Devices, Inc. All Rights Reserved.
---------------------------------------------------------------------------------------------------------------------------------------------
| Tool Version : Vivado v.2023.1 (win64) Build 3865809 Sun May  7 15:05:29 MDT 2023
| Date         : Wed Mar 18 21:38:22 2026
| Host         : JohnWorkstat running 64-bit major release  (build 9200)
| Command      : upgrade_ip
| Device       : xc7a75tfgg484-1
---------------------------------------------------------------------------------------------------------------------------------------------

Upgrade Log for IP 'single_divide_fast'

1. Summary
----------

SUCCESS in the update of single_divide_fast (xilinx.com:ip:floating_point:7.1 (Rev. 15)) to current project options.






Copyright 1986-2022 Xilinx, Inc. All Rights Reserved. Copyright 2022-2023 Advanced Micro Devices, Inc. All Rights Reserved.
---------------------------------------------------------------------------------------------------------------------------------------------
| Tool Version : Vivado v.2023.1 (win64) Build 3865809 Sun May  7 15:05:29 MDT 2023
| Date         : Wed Mar 18 21:38:14 2026
| Host         : JohnWorkstat running 64-bit major release  (build 9200)
| Command      : upgrade_ip
| Device       : xc7a75tfgg484-1
---------------------------------------------------------------------------------------------------------------------------------------------

Upgrade Log for IP 'intensityFIFO'

1. Summary
----------

SUCCESS in the update of intensityFIFO (xilinx.com:ip:fifo_generator:13.2 (Rev. 8)) to current project options.






Copyright 1986-2022 Xilinx, Inc. All Rights Reserved. Copyright 2022-2023 Advanced Micro Devices, Inc. All Rights Reserved.
---------------------------------------------------------------------------------------------------------------------------------------------
| Tool Version : Vivado v.2023.1 (win64) Build 3865809 Sun May  7 15:05:29 MDT 2023
| Date         : Wed Mar 18 21:38:03 2026
| Host         : JohnWorkstat running 64-bit major release  (build 9200)
| Command      : upgrade_ip
| Device       : xc7a75tfgg484-1
---------------------------------------------------------------------------------------------------------------------------------------------

Upgrade Log for IP 'design_1_system_ila_0_0'

1. Summary
----------

SUCCESS in the update of design_1_system_ila_0_0 (xilinx.com:ip:system_ila:1.1 (Rev. 14)) to current project options.

After upgrade, an IP may have parameter and port differences compared to the original customization. Please review the parameters within the IP customization GUI to ensure proper functionality. Also, please review the updated IP instantiation template to ensure proper connectivity, and update your design if required.

2. Connection and Interface Information
---------------------------------------

Connection and Interface information can not be compared for deferred elaboration IPs.
design_1_system_ila_0_0 may have connection or interface changes.







Copyright 1986-2022 Xilinx, Inc. All Rights Reserved. Copyright 2022-2023 Advanced Micro Devices, Inc. All Rights Reserved.
---------------------------------------------------------------------------------------------------------------------------------------------
| Tool Version : Vivado v.2023.1 (win64) Build 3865809 Sun May  7 15:05:29 MDT 2023
| Date         : Wed Mar 18 21:38:03 2026
| Host         : JohnWorkstat running 64-bit major release  (build 9200)
| Command      : upgrade_ip
| Device       : xc7a75tfgg484-1
---------------------------------------------------------------------------------------------------------------------------------------------

Upgrade Log for IP 'design_1_rst_clk_wiz_100M_0'

1. Summary
----------

SUCCESS in the update of design_1_rst_clk_wiz_100M_0 (xilinx.com:ip:proc_sys_reset:5.0 (Rev. 13)) to current project options.






Copyright 1986-2022 Xilinx, Inc. All Rights Reserved. Copyright 2022-2023 Advanced Micro Devices, Inc. All Rights Reserved.
---------------------------------------------------------------------------------------------------------------------------------------------
| Tool Version : Vivado v.2023.1 (win64) Build 3865809 Sun May  7 15:05:29 MDT 2023
| Date         : Wed Mar 18 21:38:03 2026
| Host         : JohnWorkstat running 64-bit major release  (build 9200)
| Command      : upgrade_ip
| Device       : xc7a75tfgg484-1
---------------------------------------------------------------------------------------------------------------------------------------------

Upgrade Log for IP 'design_1_microblaze_0_xlconcat_1'

1. Summary
----------

SUCCESS in the update of design_1_microblaze_0_xlconcat_1 (xilinx.com:ip:xlconcat:2.1 (Rev. 4)) to current project options.






Copyright 1986-2022 Xilinx, Inc. All Rights Reserved. Copyright 2022-2023 Advanced Micro Devices, Inc. All Rights Reserved.
---------------------------------------------------------------------------------------------------------------------------------------------
| Tool Version : Vivado v.2023.1 (win64) Build 3865809 Sun May  7 15:05:29 MDT 2023
| Date         : Wed Mar 18 21:38:03 2026
| Host         : JohnWorkstat running 64-bit major release  (build 9200)
| Command      : upgrade_ip
| Device       : xc7a75tfgg484-1
---------------------------------------------------------------------------------------------------------------------------------------------

Upgrade Log for IP 'design_1_microblaze_0_axi_periph_1'

1. Summary
----------

SUCCESS in the update of design_1_microblaze_0_axi_periph_1 (xilinx.com:ip:axi_interconnect:2.1 (Rev. 29)) to current project options.






Copyright 1986-2022 Xilinx, Inc. All Rights Reserved. Copyright 2022-2023 Advanced Micro Devices, Inc. All Rights Reserved.
---------------------------------------------------------------------------------------------------------------------------------------------
| Tool Version : Vivado v.2023.1 (win64) Build 3865809 Sun May  7 15:05:29 MDT 2023
| Date         : Wed Mar 18 21:38:03 2026
| Host         : JohnWorkstat running 64-bit major release  (build 9200)
| Command      : upgrade_ip
| Device       : xc7a75tfgg484-1
---------------------------------------------------------------------------------------------------------------------------------------------

Upgrade Log for IP 'design_1_microblaze_0_axi_intc_1'

1. Summary
----------

SUCCESS in the update of design_1_microblaze_0_axi_intc_1 (xilinx.com:ip:axi_intc:4.1 (Rev. 17)) to current project options.

2. Upgrade messages
-------------------

Set parameter C_IVAR_RESET_VALUE to value 0x0000000000000010 (source 'default')






Copyright 1986-2022 Xilinx, Inc. All Rights Reserved. Copyright 2022-2023 Advanced Micro Devices, Inc. All Rights Reserved.
---------------------------------------------------------------------------------------------------------------------------------------------
| Tool Version : Vivado v.2023.1 (win64) Build 3865809 Sun May  7 15:05:29 MDT 2023
| Date         : Wed Mar 18 21:38:03 2026
| Host         : JohnWorkstat running 64-bit major release  (build 9200)
| Command      : upgrade_ip
| Device       : xc7a75tfgg484-1
---------------------------------------------------------------------------------------------------------------------------------------------

Upgrade Log for IP 'design_1_microblaze_0_1'

1. Summary
----------

SUCCESS in the update of design_1_microblaze_0_1 (xilinx.com:ip:microblaze:11.0 (Rev. 11)) to current project options.






Copyright 1986-2022 Xilinx, Inc. All Rights Reserved. Copyright 2022-2023 Advanced Micro Devices, Inc. All Rights Reserved.
---------------------------------------------------------------------------------------------------------------------------------------------
| Tool Version : Vivado v.2023.1 (win64) Build 3865809 Sun May  7 15:05:29 MDT 2023
| Date         : Wed Mar 18 21:38:03 2026
| Host         : JohnWorkstat running 64-bit major release  (build 9200)
| Command      : upgrade_ip
| Device       : xc7a75tfgg484-1
---------------------------------------------------------------------------------------------------------------------------------------------

Upgrade Log for IP 'design_1_mdm_1_1'

1. Summary
----------

SUCCESS in the update of design_1_mdm_1_1 (xilinx.com:ip:mdm:3.2 (Rev. 24)) to current project options.

2. Upgrade messages
-------------------

Set parameter C_M_AXIS_ID_WIDTH to value 7 (source 'default')






Copyright 1986-2022 Xilinx, Inc. All Rights Reserved. Copyright 2022-2023 Advanced Micro Devices, Inc. All Rights Reserved.
---------------------------------------------------------------------------------------------------------------------------------------------
| Tool Version : Vivado v.2023.1 (win64) Build 3865809 Sun May  7 15:05:29 MDT 2023
| Date         : Wed Mar 18 21:38:03 2026
| Host         : JohnWorkstat running 64-bit major release  (build 9200)
| Command      : upgrade_ip
| Device       : xc7a75tfgg484-1
---------------------------------------------------------------------------------------------------------------------------------------------

Upgrade Log for IP 'design_1_lmb_bram_1'

1. Summary
----------

SUCCESS in the update of design_1_lmb_bram_1 (xilinx.com:ip:blk_mem_gen:8.4 (Rev. 6)) to current project options.






Copyright 1986-2022 Xilinx, Inc. All Rights Reserved. Copyright 2022-2023 Advanced Micro Devices, Inc. All Rights Reserved.
---------------------------------------------------------------------------------------------------------------------------------------------
| Tool Version : Vivado v.2023.1 (win64) Build 3865809 Sun May  7 15:05:29 MDT 2023
| Date         : Wed Mar 18 21:38:03 2026
| Host         : JohnWorkstat running 64-bit major release  (build 9200)
| Command      : upgrade_ip
| Device       : xc7a75tfgg484-1
---------------------------------------------------------------------------------------------------------------------------------------------

Upgrade Log for IP 'design_1_intensityRebin_0_0'

1. Summary
----------

SUCCESS in the update of design_1_intensityRebin_0_0 (xilinx.com:module_ref:intensityRebin:1.0 (Rev. 1)) to current project options.






Copyright 1986-2022 Xilinx, Inc. All Rights Reserved. Copyright 2022-2023 Advanced Micro Devices, Inc. All Rights Reserved.
---------------------------------------------------------------------------------------------------------------------------------------------
| Tool Version : Vivado v.2023.1 (win64) Build 3865809 Sun May  7 15:05:29 MDT 2023
| Date         : Wed Mar 18 21:38:03 2026
| Host         : JohnWorkstat running 64-bit major release  (build 9200)
| Command      : upgrade_ip
| Device       : xc7a75tfgg484-1
---------------------------------------------------------------------------------------------------------------------------------------------

Upgrade Log for IP 'design_1_ilmb_v10_1'

1. Summary
----------

SUCCESS in the update of design_1_ilmb_v10_1 (xilinx.com:ip:lmb_v10:3.0 (Rev. 12)) to current project options.






Copyright 1986-2022 Xilinx, Inc. All Rights Reserved. Copyright 2022-2023 Advanced Micro Devices, Inc. All Rights Reserved.
---------------------------------------------------------------------------------------------------------------------------------------------
| Tool Version : Vivado v.2023.1 (win64) Build 3865809 Sun May  7 15:05:29 MDT 2023
| Date         : Wed Mar 18 21:38:03 2026
| Host         : JohnWorkstat running 64-bit major release  (build 9200)
| Command      : upgrade_ip
| Device       : xc7a75tfgg484-1
---------------------------------------------------------------------------------------------------------------------------------------------

Upgrade Log for IP 'design_1_ilmb_bram_if_cntlr_1'

1. Summary
----------

SUCCESS in the update of design_1_ilmb_bram_if_cntlr_1 (xilinx.com:ip:lmb_bram_if_cntlr:4.0 (Rev. 22)) to current project options.

2. Upgrade messages
-------------------

Set parameter C_MASK1 to value 0x0000000000800000 (source 'default')
Set parameter C_MASK2 to value 0x0000000000800000 (source 'default')
Set parameter C_MASK3 to value 0x0000000000800000 (source 'default')






Copyright 1986-2022 Xilinx, Inc. All Rights Reserved. Copyright 2022-2023 Advanced Micro Devices, Inc. All Rights Reserved.
---------------------------------------------------------------------------------------------------------------------------------------------
| Tool Version : Vivado v.2023.1 (win64) Build 3865809 Sun May  7 15:05:29 MDT 2023
| Date         : Wed Mar 18 21:38:03 2026
| Host         : JohnWorkstat running 64-bit major release  (build 9200)
| Command      : upgrade_ip
| Device       : xc7a75tfgg484-1
---------------------------------------------------------------------------------------------------------------------------------------------

Upgrade Log for IP 'design_1_dlmb_v10_1'

1. Summary
----------

SUCCESS in the update of design_1_dlmb_v10_1 (xilinx.com:ip:lmb_v10:3.0 (Rev. 12)) to current project options.






Copyright 1986-2022 Xilinx, Inc. All Rights Reserved. Copyright 2022-2023 Advanced Micro Devices, Inc. All Rights Reserved.
---------------------------------------------------------------------------------------------------------------------------------------------
| Tool Version : Vivado v.2023.1 (win64) Build 3865809 Sun May  7 15:05:29 MDT 2023
| Date         : Wed Mar 18 21:38:03 2026
| Host         : JohnWorkstat running 64-bit major release  (build 9200)
| Command      : upgrade_ip
| Device       : xc7a75tfgg484-1
---------------------------------------------------------------------------------------------------------------------------------------------

Upgrade Log for IP 'design_1_dlmb_bram_if_cntlr_1'

1. Summary
----------

SUCCESS in the update of design_1_dlmb_bram_if_cntlr_1 (xilinx.com:ip:lmb_bram_if_cntlr:4.0 (Rev. 22)) to current project options.

2. Upgrade messages
-------------------

Set parameter C_MASK1 to value 0x0000000000800000 (source 'default')
Set parameter C_MASK2 to value 0x0000000000800000 (source 'default')
Set parameter C_MASK3 to value 0x0000000000800000 (source 'default')






Copyright 1986-2022 Xilinx, Inc. All Rights Reserved. Copyright 2022-2023 Advanced Micro Devices, Inc. All Rights Reserved.
---------------------------------------------------------------------------------------------------------------------------------------------
| Tool Version : Vivado v.2023.1 (win64) Build 3865809 Sun May  7 15:05:29 MDT 2023
| Date         : Wed Mar 18 21:38:03 2026
| Host         : JohnWorkstat running 64-bit major release  (build 9200)
| Command      : upgrade_ip
| Device       : xc7a75tfgg484-1
---------------------------------------------------------------------------------------------------------------------------------------------

Upgrade Log for IP 'design_1_clk_wiz_0_0'

1. Summary
----------

SUCCESS in the update of design_1_clk_wiz_0_0 (xilinx.com:ip:clk_wiz:6.0 (Rev. 12)) to current project options.






Copyright 1986-2022 Xilinx, Inc. All Rights Reserved. Copyright 2022-2023 Advanced Micro Devices, Inc. All Rights Reserved.
---------------------------------------------------------------------------------------------------------------------------------------------
| Tool Version : Vivado v.2023.1 (win64) Build 3865809 Sun May  7 15:05:29 MDT 2023
| Date         : Wed Mar 18 21:38:03 2026
| Host         : JohnWorkstat running 64-bit major release  (build 9200)
| Command      : upgrade_ip
| Device       : xc7a75tfgg484-1
---------------------------------------------------------------------------------------------------------------------------------------------

Upgrade Log for IP 'design_1_axi_fifo_mm_s_0_1'

1. Summary
----------

SUCCESS in the update of design_1_axi_fifo_mm_s_0_1 (xilinx.com:ip:axi_fifo_mm_s:4.3) to current project options.






Copyright 1986-2022 Xilinx, Inc. All Rights Reserved. Copyright 2022-2023 Advanced Micro Devices, Inc. All Rights Reserved.
---------------------------------------------------------------------------------------------------------------------------------------------
| Tool Version : Vivado v.2023.1 (win64) Build 3865809 Sun May  7 15:05:29 MDT 2023
| Date         : Wed Mar 18 21:38:03 2026
| Host         : JohnWorkstat running 64-bit major release  (build 9200)
| Command      : upgrade_ip
| Device       : xc7a75tfgg484-1
---------------------------------------------------------------------------------------------------------------------------------------------

Upgrade Log for IP 'design_1_axi_bram_ctrl_0_bram_0'

1. Summary
----------

SUCCESS in the update of design_1_axi_bram_ctrl_0_bram_0 (xilinx.com:ip:blk_mem_gen:8.4 (Rev. 6)) to current project options.






Copyright 1986-2022 Xilinx, Inc. All Rights Reserved. Copyright 2022-2023 Advanced Micro Devices, Inc. All Rights Reserved.
---------------------------------------------------------------------------------------------------------------------------------------------
| Tool Version : Vivado v.2023.1 (win64) Build 3865809 Sun May  7 15:05:29 MDT 2023
| Date         : Wed Mar 18 21:38:03 2026
| Host         : JohnWorkstat running 64-bit major release  (build 9200)
| Command      : upgrade_ip
| Device       : xc7a75tfgg484-1
---------------------------------------------------------------------------------------------------------------------------------------------

Upgrade Log for IP 'design_1_axi_bram_ctrl_0_0'

1. Summary
----------

SUCCESS in the update of design_1_axi_bram_ctrl_0_0 (xilinx.com:ip:axi_bram_ctrl:4.1 (Rev. 8)) to current project options.

2. Upgrade messages
-------------------

WARNING: upgrade cannot remove parameter C_SELECT_XPM : there is no parameter called C_SELECT_XPM in axi_bram_ctrl_v4_1






Copyright 1986-2022 Xilinx, Inc. All Rights Reserved. Copyright 2022-2023 Advanced Micro Devices, Inc. All Rights Reserved.
---------------------------------------------------------------------------------------------------------------------------------------------
| Tool Version : Vivado v.2023.1 (win64) Build 3865809 Sun May  7 15:05:29 MDT 2023
| Date         : Wed Mar 18 21:38:03 2026
| Host         : JohnWorkstat running 64-bit major release  (build 9200)
| Command      : upgrade_ip
| Device       : xc7a75tfgg484-1
---------------------------------------------------------------------------------------------------------------------------------------------

Upgrade Log for IP 'design_1_DCS_Analyzer_0_0'

1. Summary
----------

SUCCESS in the update of design_1_DCS_Analyzer_0_0 (xilinx.com:user:DCS_Analyzer:1.0 (Rev. 18)) to current project options.






Copyright 1986-2022 Xilinx, Inc. All Rights Reserved. Copyright 2022-2023 Advanced Micro Devices, Inc. All Rights Reserved.
---------------------------------------------------------------------------------------------------------------------------------------------
| Tool Version : Vivado v.2023.1 (win64) Build 3865809 Sun May  7 15:05:29 MDT 2023
| Date         : Wed Mar 18 21:33:43 2026
| Host         : JohnWorkstat running 64-bit major release  (build 9200)
| Command      : upgrade_ip
| Device       : xc7a75tfgg484-1
---------------------------------------------------------------------------------------------------------------------------------------------

Upgrade Log for IP 'correlator_mt'

1. Summary
----------

SUCCESS in the update of correlator_mt (xilinx.com:user:correlator:1.0 (Rev. 19)) to current project options.






Copyright 1986-2022 Xilinx, Inc. All Rights Reserved. Copyright 2022-2023 Advanced Micro Devices, Inc. All Rights Reserved.
---------------------------------------------------------------------------------------------------------------------------------------------
| Tool Version : Vivado v.2023.1 (win64) Build 3865809 Sun May  7 15:05:29 MDT 2023
| Date         : Wed Mar 18 21:33:31 2026
| Host         : JohnWorkstat running 64-bit major release  (build 9200)
| Command      : upgrade_ip
| Device       : xc7a75tfgg484-1
---------------------------------------------------------------------------------------------------------------------------------------------

Upgrade Log for IP 'correlatorFIFO'

1. Summary
----------

SUCCESS in the update of correlatorFIFO (xilinx.com:ip:fifo_generator:13.2 (Rev. 8)) to current project options.






Copyright 1986-2022 Xilinx, Inc. All Rights Reserved. Copyright 2022-2023 Advanced Micro Devices, Inc. All Rights Reserved.
---------------------------------------------------------------------------------------------------------------------------------------------
| Tool Version : Vivado v.2023.1 (win64) Build 3865809 Sun May  7 15:05:29 MDT 2023
| Date         : Mon Feb 23 05:44:34 2026
| Host         : JohnWorkstat running 64-bit major release  (build 9200)
| Command      : upgrade_ip
| Device       : xc7a75tfgg484-3
---------------------------------------------------------------------------------------------------------------------------------------------

Upgrade Log for IP 'design_1_uart_aggregator_0_0'

1. Summary
----------

SUCCESS in the update of design_1_uart_aggregator_0_0 (xilinx.com:module_ref:uart_aggregator:1.0 (Rev. 1)) to current project options.






Copyright 1986-2022 Xilinx, Inc. All Rights Reserved. Copyright 2022-2023 Advanced Micro Devices, Inc. All Rights Reserved.
---------------------------------------------------------------------------------------------------------------------------------------------
| Tool Version : Vivado v.2023.1 (win64) Build 3865809 Sun May  7 15:05:29 MDT 2023
| Date         : Mon Feb 23 05:44:34 2026
| Host         : JohnWorkstat running 64-bit major release  (build 9200)
| Command      : upgrade_ip
| Device       : xc7a75tfgg484-3
---------------------------------------------------------------------------------------------------------------------------------------------

Upgrade Log for IP 'design_1_system_ila_0_0'

1. Summary
----------

SUCCESS in the upgrade of design_1_system_ila_0_0 (xilinx.com:ip:system_ila:1.1) from (Rev. 12) to (Rev. 14)

After upgrade, an IP may have parameter and port differences compared to the original customization. Please review the parameters within the IP customization GUI to ensure proper functionality. Also, please review the updated IP instantiation template to ensure proper connectivity, and update your design if required.

2. Connection and Interface Information
---------------------------------------

Connection and Interface information can not be compared for deferred elaboration IPs.
design_1_system_ila_0_0 may have connection or interface changes.







Copyright 1986-2022 Xilinx, Inc. All Rights Reserved. Copyright 2022-2023 Advanced Micro Devices, Inc. All Rights Reserved.
---------------------------------------------------------------------------------------------------------------------------------------------
| Tool Version : Vivado v.2023.1 (win64) Build 3865809 Sun May  7 15:05:29 MDT 2023
| Date         : Mon Feb 23 05:44:34 2026
| Host         : JohnWorkstat running 64-bit major release  (build 9200)
| Command      : upgrade_ip
| Device       : xc7a75tfgg484-3
---------------------------------------------------------------------------------------------------------------------------------------------

Upgrade Log for IP 'design_1_countCorrelateWrapper_0_0'

1. Summary
----------

SUCCESS in the update of design_1_countCorrelateWrapper_0_0 (xilinx.com:module_ref:countCorrelateWrapper:1.0 (Rev. 1)) to current project options.






Copyright 1986-2022 Xilinx, Inc. All Rights Reserved. Copyright 2022-2023 Advanced Micro Devices, Inc. All Rights Reserved.
---------------------------------------------------------------------------------------------------------------------------------------------
| Tool Version : Vivado v.2023.1 (win64) Build 3865809 Sun May  7 15:05:29 MDT 2023
| Date         : Mon Feb 23 05:44:34 2026
| Host         : JohnWorkstat running 64-bit major release  (build 9200)
| Command      : upgrade_ip
| Device       : xc7a75tfgg484-3
---------------------------------------------------------------------------------------------------------------------------------------------

Upgrade Log for IP 'design_1_DCS_Analyzer_0_0'

1. Summary
----------

SUCCESS in the update of design_1_DCS_Analyzer_0_0 (xilinx.com:user:DCS_Analyzer:1.0 (Rev. 18)) to current project options.






Copyright 1986-2022 Xilinx, Inc. All Rights Reserved. Copyright 2022-2023 Advanced Micro Devices, Inc. All Rights Reserved.
---------------------------------------------------------------------------------------------------------------------------------------------
| Tool Version : Vivado v.2023.1 (win64) Build 3865809 Sun May  7 15:05:29 MDT 2023
| Date         : Mon Feb 23 05:40:48 2026
| Host         : JohnWorkstat running 64-bit major release  (build 9200)
| Command      : upgrade_ip
| Device       : xc7a75tfgg484-3
---------------------------------------------------------------------------------------------------------------------------------------------

Upgrade Log for IP 'correlator_mt'

1. Summary
----------

SUCCESS in the update of correlator_mt (xilinx.com:user:correlator:1.0 (Rev. 19)) to current project options.






Copyright 1986-2022 Xilinx, Inc. All Rights Reserved. Copyright 2022-2023 Advanced Micro Devices, Inc. All Rights Reserved.
---------------------------------------------------------------------------------------------------------------------------------------------
| Tool Version : Vivado v.2023.1 (win64) Build 3865809 Sun May  7 15:05:29 MDT 2023
| Date         : Fri Feb 20 22:03:42 2026
| Host         : JohnWorkstat running 64-bit major release  (build 9200)
| Command      : upgrade_ip
| Device       : xc7a75tfgg484-3
---------------------------------------------------------------------------------------------------------------------------------------------

Upgrade Log for IP 'uint32_to_single'

1. Summary
----------

SUCCESS in the upgrade of uint32_to_single (xilinx.com:ip:floating_point:7.1) from (Rev. 14) to (Rev. 15)






Copyright 1986-2022 Xilinx, Inc. All Rights Reserved. Copyright 2022-2023 Advanced Micro Devices, Inc. All Rights Reserved.
---------------------------------------------------------------------------------------------------------------------------------------------
| Tool Version : Vivado v.2023.1 (win64) Build 3865809 Sun May  7 15:05:29 MDT 2023
| Date         : Fri Feb 20 22:03:40 2026
| Host         : JohnWorkstat running 64-bit major release  (build 9200)
| Command      : upgrade_ip
| Device       : xc7a75tfgg484-3
---------------------------------------------------------------------------------------------------------------------------------------------

Upgrade Log for IP 'uart_fifo'

1. Summary
----------

SUCCESS in the upgrade of uart_fifo (xilinx.com:ip:fifo_generator:13.2) from (Rev. 7) to (Rev. 8)






Copyright 1986-2022 Xilinx, Inc. All Rights Reserved. Copyright 2022-2023 Advanced Micro Devices, Inc. All Rights Reserved.
---------------------------------------------------------------------------------------------------------------------------------------------
| Tool Version : Vivado v.2023.1 (win64) Build 3865809 Sun May  7 15:05:29 MDT 2023
| Date         : Fri Feb 20 22:03:38 2026
| Host         : JohnWorkstat running 64-bit major release  (build 9200)
| Command      : upgrade_ip
| Device       : xc7a75tfgg484-3
---------------------------------------------------------------------------------------------------------------------------------------------

Upgrade Log for IP 'single_multiply'

1. Summary
----------

SUCCESS in the upgrade of single_multiply (xilinx.com:ip:floating_point:7.1) from (Rev. 14) to (Rev. 15)






Copyright 1986-2022 Xilinx, Inc. All Rights Reserved. Copyright 2022-2023 Advanced Micro Devices, Inc. All Rights Reserved.
---------------------------------------------------------------------------------------------------------------------------------------------
| Tool Version : Vivado v.2023.1 (win64) Build 3865809 Sun May  7 15:05:29 MDT 2023
| Date         : Fri Feb 20 22:03:37 2026
| Host         : JohnWorkstat running 64-bit major release  (build 9200)
| Command      : upgrade_ip
| Device       : xc7a75tfgg484-3
---------------------------------------------------------------------------------------------------------------------------------------------

Upgrade Log for IP 'single_divide_fast'

1. Summary
----------

SUCCESS in the upgrade of single_divide_fast (xilinx.com:ip:floating_point:7.1) from (Rev. 14) to (Rev. 15)






Copyright 1986-2022 Xilinx, Inc. All Rights Reserved. Copyright 2022-2023 Advanced Micro Devices, Inc. All Rights Reserved.
---------------------------------------------------------------------------------------------------------------------------------------------
| Tool Version : Vivado v.2023.1 (win64) Build 3865809 Sun May  7 15:05:29 MDT 2023
| Date         : Fri Feb 20 22:03:35 2026
| Host         : JohnWorkstat running 64-bit major release  (build 9200)
| Command      : upgrade_ip
| Device       : xc7a75tfgg484-3
---------------------------------------------------------------------------------------------------------------------------------------------

Upgrade Log for IP 'intensityFIFO'

1. Summary
----------

SUCCESS in the update of intensityFIFO (xilinx.com:ip:fifo_generator:13.2 (Rev. 8)) to current project options.






Copyright 1986-2022 Xilinx, Inc. All Rights Reserved. Copyright 2022-2023 Advanced Micro Devices, Inc. All Rights Reserved.
---------------------------------------------------------------------------------------------------------------------------------------------
| Tool Version : Vivado v.2023.1 (win64) Build 3865809 Sun May  7 15:05:29 MDT 2023
| Date         : Fri Feb 20 22:03:32 2026
| Host         : JohnWorkstat running 64-bit major release  (build 9200)
| Command      : upgrade_ip
| Device       : xc7a75tfgg484-3
---------------------------------------------------------------------------------------------------------------------------------------------

Upgrade Log for IP 'design_1_rst_clk_wiz_100M_0'

1. Summary
----------

CAUTION (success, with warnings) in the update of design_1_rst_clk_wiz_100M_0 (xilinx.com:ip:proc_sys_reset:5.0 (Rev. 13)) to current project options.

After upgrade, an IP may have parameter differences compared to the original customization. Please review the parameters within the IP customization GUI to ensure proper functionality.

2. Failures
-----------

Could not write the upgrade log for 'design_1_DCS_Analyzer_0_0'.
If the problem persists, please contact Xilinx support.

3. Warnings
-----------

WARNING: The upgraded user parameter set contained parameters that could not be mapped on to the upgraded IP. When checking the upgrade script, note that parameter names are case sensitive.


4. Customization warnings
-------------------------

The normal upgrade process failed due to validation failures in the given configuration. Attempting partial upgrade to set as many user parameters as possible. Please check the parameters whose values were not applied.

Customization errors found on 'design_1_rst_clk_wiz_100M_0'. Restoring to previous valid configuration.


5. Debug Commands
-----------------

  The following debug information can be passed to Vivado as Tcl commands,
in order to validate or debug the output of the upgrade flow.
  You may consult any warnings from within this upgrade, and alter or remove
the configuration parameter(s) which caused the warning; then execute the Tcl
commands, and use the IP Customization GUI to verify the IP configuration.

create_ip -vlnv xilinx.com:ip:proc_sys_reset:5.0 -user_name design_1_rst_clk_wiz_100M_0
set_property -dict "\
  CONFIG.C_AUX_RESET_HIGH {0} \
  CONFIG.C_AUX_RST_WIDTH {4} \
  CONFIG.C_EXT_RESET_HIGH {0} \
  CONFIG.C_EXT_RST_WIDTH {4} \
  CONFIG.C_NUM_BUS_RST {1} \
  CONFIG.C_NUM_INTERCONNECT_ARESETN {1} \
  CONFIG.C_NUM_PERP_ARESETN {1} \
  CONFIG.C_NUM_PERP_RST {1} \
  CONFIG.Component_Name {design_1_rst_clk_wiz_100M_0} \
  CONFIG.RESET_BOARD_INTERFACE {reset} \
  CONFIG.USE_BOARD_FLOW {false} \
  CONFIG.aux_reset.INSERT_VIP {0} \
  CONFIG.aux_reset.POLARITY {ACTIVE_LOW} \
  CONFIG.bus_struct_reset.INSERT_VIP {0} \
  CONFIG.bus_struct_reset.POLARITY {ACTIVE_HIGH} \
  CONFIG.bus_struct_reset.TYPE {INTERCONNECT} \
  CONFIG.clock.ASSOCIATED_BUSIF {} \
  CONFIG.clock.ASSOCIATED_PORT {} \
  CONFIG.clock.ASSOCIATED_RESET {mb_reset:bus_struct_reset:interconnect_aresetn:peripheral_aresetn:peripheral_reset} \
  CONFIG.clock.CLK_DOMAIN {/clk_wiz_0_clk_out1} \
  CONFIG.clock.FREQ_HZ {100000000} \
  CONFIG.clock.FREQ_TOLERANCE_HZ {0} \
  CONFIG.clock.INSERT_VIP {0} \
  CONFIG.clock.PHASE {0.0} \
  CONFIG.dbg_reset.INSERT_VIP {0} \
  CONFIG.dbg_reset.POLARITY {ACTIVE_HIGH} \
  CONFIG.ext_reset.BOARD.ASSOCIATED_PARAM {RESET_BOARD_INTERFACE} \
  CONFIG.ext_reset.INSERT_VIP {0} \
  CONFIG.ext_reset.POLARITY {ACTIVE_LOW} \
  CONFIG.interconnect_low_rst.INSERT_VIP {0} \
  CONFIG.interconnect_low_rst.POLARITY {ACTIVE_LOW} \
  CONFIG.interconnect_low_rst.TYPE {INTERCONNECT} \
  CONFIG.mb_rst.INSERT_VIP {0} \
  CONFIG.mb_rst.POLARITY {ACTIVE_HIGH} \
  CONFIG.mb_rst.TYPE {PROCESSOR} \
  CONFIG.peripheral_high_rst.INSERT_VIP {0} \
  CONFIG.peripheral_high_rst.POLARITY {ACTIVE_HIGH} \
  CONFIG.peripheral_high_rst.TYPE {PERIPHERAL} \
  CONFIG.peripheral_low_rst.INSERT_VIP {0} \
  CONFIG.peripheral_low_rst.POLARITY {ACTIVE_LOW} \
  CONFIG.peripheral_low_rst.TYPE {PERIPHERAL} " [get_ips design_1_rst_clk_wiz_100M_0]







Copyright 1986-2022 Xilinx, Inc. All Rights Reserved. Copyright 2022-2023 Advanced Micro Devices, Inc. All Rights Reserved.
---------------------------------------------------------------------------------------------------------------------------------------------
| Tool Version : Vivado v.2023.1 (win64) Build 3865809 Sun May  7 15:05:29 MDT 2023
| Date         : Fri Feb 20 22:03:32 2026
| Host         : JohnWorkstat running 64-bit major release  (build 9200)
| Command      : upgrade_ip
| Device       : xc7a75tfgg484-3
---------------------------------------------------------------------------------------------------------------------------------------------

Upgrade Log for IP 'design_1_microblaze_0_xlconcat_1'

1. Summary
----------

SUCCESS in the update of design_1_microblaze_0_xlconcat_1 (xilinx.com:ip:xlconcat:2.1 (Rev. 4)) to current project options.

2. Failures
-----------

Could not write the upgrade log for 'design_1_DCS_Analyzer_0_0'.
If the problem persists, please contact Xilinx support.






Copyright 1986-2022 Xilinx, Inc. All Rights Reserved. Copyright 2022-2023 Advanced Micro Devices, Inc. All Rights Reserved.
---------------------------------------------------------------------------------------------------------------------------------------------
| Tool Version : Vivado v.2023.1 (win64) Build 3865809 Sun May  7 15:05:29 MDT 2023
| Date         : Fri Feb 20 22:03:32 2026
| Host         : JohnWorkstat running 64-bit major release  (build 9200)
| Command      : upgrade_ip
| Device       : xc7a75tfgg484-3
---------------------------------------------------------------------------------------------------------------------------------------------

Upgrade Log for IP 'design_1_microblaze_0_axi_periph_1'

1. Summary
----------

SUCCESS in the upgrade of design_1_microblaze_0_axi_periph_1 (xilinx.com:ip:axi_interconnect:2.1) from (Rev. 27) to (Rev. 29)

2. Failures
-----------

Could not write the upgrade log for 'design_1_DCS_Analyzer_0_0'.
If the problem persists, please contact Xilinx support.






Copyright 1986-2022 Xilinx, Inc. All Rights Reserved. Copyright 2022-2023 Advanced Micro Devices, Inc. All Rights Reserved.
---------------------------------------------------------------------------------------------------------------------------------------------
| Tool Version : Vivado v.2023.1 (win64) Build 3865809 Sun May  7 15:05:29 MDT 2023
| Date         : Fri Feb 20 22:03:32 2026
| Host         : JohnWorkstat running 64-bit major release  (build 9200)
| Command      : upgrade_ip
| Device       : xc7a75tfgg484-3
---------------------------------------------------------------------------------------------------------------------------------------------

Upgrade Log for IP 'design_1_microblaze_0_axi_intc_1'

1. Summary
----------

SUCCESS in the update of design_1_microblaze_0_axi_intc_1 (xilinx.com:ip:axi_intc:4.1 (Rev. 17)) to current project options.

2. Failures
-----------

Could not write the upgrade log for 'design_1_DCS_Analyzer_0_0'.
If the problem persists, please contact Xilinx support.

3. Upgrade messages
-------------------

Set parameter C_IVAR_RESET_VALUE to value 0x0000000000000010 (source 'default')






Copyright 1986-2022 Xilinx, Inc. All Rights Reserved. Copyright 2022-2023 Advanced Micro Devices, Inc. All Rights Reserved.
---------------------------------------------------------------------------------------------------------------------------------------------
| Tool Version : Vivado v.2023.1 (win64) Build 3865809 Sun May  7 15:05:29 MDT 2023
| Date         : Fri Feb 20 22:03:32 2026
| Host         : JohnWorkstat running 64-bit major release  (build 9200)
| Command      : upgrade_ip
| Device       : xc7a75tfgg484-3
---------------------------------------------------------------------------------------------------------------------------------------------

Upgrade Log for IP 'design_1_microblaze_0_1'

1. Summary
----------

SUCCESS in the upgrade of design_1_microblaze_0_1 (xilinx.com:ip:microblaze:11.0) from (Rev. 9) to (Rev. 11)

2. Failures
-----------

Could not write the upgrade log for 'design_1_DCS_Analyzer_0_0'.
If the problem persists, please contact Xilinx support.






Copyright 1986-2022 Xilinx, Inc. All Rights Reserved. Copyright 2022-2023 Advanced Micro Devices, Inc. All Rights Reserved.
---------------------------------------------------------------------------------------------------------------------------------------------
| Tool Version : Vivado v.2023.1 (win64) Build 3865809 Sun May  7 15:05:29 MDT 2023
| Date         : Fri Feb 20 22:03:32 2026
| Host         : JohnWorkstat running 64-bit major release  (build 9200)
| Command      : upgrade_ip
| Device       : xc7a75tfgg484-3
---------------------------------------------------------------------------------------------------------------------------------------------

Upgrade Log for IP 'design_1_mdm_1_1'

1. Summary
----------

SUCCESS in the upgrade of design_1_mdm_1_1 (xilinx.com:ip:mdm:3.2) from (Rev. 23) to (Rev. 24)

2. Failures
-----------

Could not write the upgrade log for 'design_1_DCS_Analyzer_0_0'.
If the problem persists, please contact Xilinx support.

3. Upgrade messages
-------------------

Set parameter C_M_AXIS_ID_WIDTH to value 7 (source 'default')






Copyright 1986-2022 Xilinx, Inc. All Rights Reserved. Copyright 2022-2023 Advanced Micro Devices, Inc. All Rights Reserved.
---------------------------------------------------------------------------------------------------------------------------------------------
| Tool Version : Vivado v.2023.1 (win64) Build 3865809 Sun May  7 15:05:29 MDT 2023
| Date         : Fri Feb 20 22:03:32 2026
| Host         : JohnWorkstat running 64-bit major release  (build 9200)
| Command      : upgrade_ip
| Device       : xc7a75tfgg484-3
---------------------------------------------------------------------------------------------------------------------------------------------

Upgrade Log for IP 'design_1_lmb_bram_1'

1. Summary
----------

SUCCESS in the upgrade of design_1_lmb_bram_1 (xilinx.com:ip:blk_mem_gen:8.4) from (Rev. 5) to (Rev. 6)

2. Failures
-----------

Could not write the upgrade log for 'design_1_DCS_Analyzer_0_0'.
If the problem persists, please contact Xilinx support.






Copyright 1986-2022 Xilinx, Inc. All Rights Reserved. Copyright 2022-2023 Advanced Micro Devices, Inc. All Rights Reserved.
---------------------------------------------------------------------------------------------------------------------------------------------
| Tool Version : Vivado v.2023.1 (win64) Build 3865809 Sun May  7 15:05:29 MDT 2023
| Date         : Fri Feb 20 22:03:32 2026
| Host         : JohnWorkstat running 64-bit major release  (build 9200)
| Command      : upgrade_ip
| Device       : xc7a75tfgg484-3
---------------------------------------------------------------------------------------------------------------------------------------------

Upgrade Log for IP 'design_1_intensityRebin_0_0'

1. Summary
----------

SUCCESS in the update of design_1_intensityRebin_0_0 (xilinx.com:module_ref:intensityRebin:1.0 (Rev. 1)) to current project options.

2. Failures
-----------

Could not write the upgrade log for 'design_1_DCS_Analyzer_0_0'.
If the problem persists, please contact Xilinx support.






Copyright 1986-2022 Xilinx, Inc. All Rights Reserved. Copyright 2022-2023 Advanced Micro Devices, Inc. All Rights Reserved.
---------------------------------------------------------------------------------------------------------------------------------------------
| Tool Version : Vivado v.2023.1 (win64) Build 3865809 Sun May  7 15:05:29 MDT 2023
| Date         : Fri Feb 20 22:03:32 2026
| Host         : JohnWorkstat running 64-bit major release  (build 9200)
| Command      : upgrade_ip
| Device       : xc7a75tfgg484-3
---------------------------------------------------------------------------------------------------------------------------------------------

Upgrade Log for IP 'design_1_ilmb_v10_1'

1. Summary
----------

SUCCESS in the update of design_1_ilmb_v10_1 (xilinx.com:ip:lmb_v10:3.0 (Rev. 12)) to current project options.

2. Failures
-----------

Could not write the upgrade log for 'design_1_DCS_Analyzer_0_0'.
If the problem persists, please contact Xilinx support.






Copyright 1986-2022 Xilinx, Inc. All Rights Reserved. Copyright 2022-2023 Advanced Micro Devices, Inc. All Rights Reserved.
---------------------------------------------------------------------------------------------------------------------------------------------
| Tool Version : Vivado v.2023.1 (win64) Build 3865809 Sun May  7 15:05:29 MDT 2023
| Date         : Fri Feb 20 22:03:32 2026
| Host         : JohnWorkstat running 64-bit major release  (build 9200)
| Command      : upgrade_ip
| Device       : xc7a75tfgg484-3
---------------------------------------------------------------------------------------------------------------------------------------------

Upgrade Log for IP 'design_1_ilmb_bram_if_cntlr_1'

1. Summary
----------

CAUTION (success, with warnings) in the upgrade of design_1_ilmb_bram_if_cntlr_1 (xilinx.com:ip:lmb_bram_if_cntlr:4.0) from (Rev. 21) to (Rev. 22)

2. Failures
-----------

Could not write the upgrade log for 'design_1_DCS_Analyzer_0_0'.
If the problem persists, please contact Xilinx support.

3. Addressing Information
-------------------------

Detected addressing differences while upgrading 'design_1_ilmb_bram_if_cntlr_1'. These changes may impact your design.


-Upgrade has added address block 'SLMB4/Mem'

-Upgrade has added address block 'SLMB5/Mem'

-Upgrade has added address block 'SLMB6/Mem'

-Upgrade has added address block 'SLMB7/Mem'


4. Upgrade messages
-------------------

Set parameter C_MASK1 to value 0x0000000000800000 (source 'default')
Set parameter C_MASK2 to value 0x0000000000800000 (source 'default')
Set parameter C_MASK3 to value 0x0000000000800000 (source 'default')






Copyright 1986-2022 Xilinx, Inc. All Rights Reserved. Copyright 2022-2023 Advanced Micro Devices, Inc. All Rights Reserved.
---------------------------------------------------------------------------------------------------------------------------------------------
| Tool Version : Vivado v.2023.1 (win64) Build 3865809 Sun May  7 15:05:29 MDT 2023
| Date         : Fri Feb 20 22:03:32 2026
| Host         : JohnWorkstat running 64-bit major release  (build 9200)
| Command      : upgrade_ip
| Device       : xc7a75tfgg484-3
---------------------------------------------------------------------------------------------------------------------------------------------

Upgrade Log for IP 'design_1_dlmb_v10_1'

1. Summary
----------

SUCCESS in the update of design_1_dlmb_v10_1 (xilinx.com:ip:lmb_v10:3.0 (Rev. 12)) to current project options.

2. Failures
-----------

Could not write the upgrade log for 'design_1_DCS_Analyzer_0_0'.
If the problem persists, please contact Xilinx support.






Copyright 1986-2022 Xilinx, Inc. All Rights Reserved. Copyright 2022-2023 Advanced Micro Devices, Inc. All Rights Reserved.
---------------------------------------------------------------------------------------------------------------------------------------------
| Tool Version : Vivado v.2023.1 (win64) Build 3865809 Sun May  7 15:05:29 MDT 2023
| Date         : Fri Feb 20 22:03:32 2026
| Host         : JohnWorkstat running 64-bit major release  (build 9200)
| Command      : upgrade_ip
| Device       : xc7a75tfgg484-3
---------------------------------------------------------------------------------------------------------------------------------------------

Upgrade Log for IP 'design_1_dlmb_bram_if_cntlr_1'

1. Summary
----------

CAUTION (success, with warnings) in the upgrade of design_1_dlmb_bram_if_cntlr_1 (xilinx.com:ip:lmb_bram_if_cntlr:4.0) from (Rev. 21) to (Rev. 22)

2. Failures
-----------

Could not write the upgrade log for 'design_1_DCS_Analyzer_0_0'.
If the problem persists, please contact Xilinx support.

3. Addressing Information
-------------------------

Detected addressing differences while upgrading 'design_1_dlmb_bram_if_cntlr_1'. These changes may impact your design.


-Upgrade has added address block 'SLMB4/Mem'

-Upgrade has added address block 'SLMB5/Mem'

-Upgrade has added address block 'SLMB6/Mem'

-Upgrade has added address block 'SLMB7/Mem'


4. Upgrade messages
-------------------

Set parameter C_MASK1 to value 0x0000000000800000 (source 'default')
Set parameter C_MASK2 to value 0x0000000000800000 (source 'default')
Set parameter C_MASK3 to value 0x0000000000800000 (source 'default')






Copyright 1986-2022 Xilinx, Inc. All Rights Reserved. Copyright 2022-2023 Advanced Micro Devices, Inc. All Rights Reserved.
---------------------------------------------------------------------------------------------------------------------------------------------
| Tool Version : Vivado v.2023.1 (win64) Build 3865809 Sun May  7 15:05:29 MDT 2023
| Date         : Fri Feb 20 22:03:32 2026
| Host         : JohnWorkstat running 64-bit major release  (build 9200)
| Command      : upgrade_ip
| Device       : xc7a75tfgg484-3
---------------------------------------------------------------------------------------------------------------------------------------------

Upgrade Log for IP 'design_1_countCorrelateWrapper_0_0'

1. Summary
----------

SUCCESS in the update of design_1_countCorrelateWrapper_0_0 (xilinx.com:module_ref:countCorrelateWrapper:1.0 (Rev. 1)) to current project options.

2. Failures
-----------

Could not write the upgrade log for 'design_1_DCS_Analyzer_0_0'.
If the problem persists, please contact Xilinx support.






Copyright 1986-2022 Xilinx, Inc. All Rights Reserved. Copyright 2022-2023 Advanced Micro Devices, Inc. All Rights Reserved.
---------------------------------------------------------------------------------------------------------------------------------------------
| Tool Version : Vivado v.2023.1 (win64) Build 3865809 Sun May  7 15:05:29 MDT 2023
| Date         : Fri Feb 20 22:03:32 2026
| Host         : JohnWorkstat running 64-bit major release  (build 9200)
| Command      : upgrade_ip
| Device       : xc7a75tfgg484-3
---------------------------------------------------------------------------------------------------------------------------------------------

Upgrade Log for IP 'design_1_clk_wiz_0_0'

1. Summary
----------

SUCCESS in the upgrade of design_1_clk_wiz_0_0 (xilinx.com:ip:clk_wiz:6.0) from (Rev. 10) to (Rev. 12)

2. Failures
-----------

Could not write the upgrade log for 'design_1_DCS_Analyzer_0_0'.
If the problem persists, please contact Xilinx support.






Copyright 1986-2022 Xilinx, Inc. All Rights Reserved. Copyright 2022-2023 Advanced Micro Devices, Inc. All Rights Reserved.
---------------------------------------------------------------------------------------------------------------------------------------------
| Tool Version : Vivado v.2023.1 (win64) Build 3865809 Sun May  7 15:05:29 MDT 2023
| Date         : Fri Feb 20 22:03:32 2026
| Host         : JohnWorkstat running 64-bit major release  (build 9200)
| Command      : upgrade_ip
| Device       : xc7a75tfgg484-3
---------------------------------------------------------------------------------------------------------------------------------------------

Upgrade Log for IP 'design_1_axi_fifo_mm_s_0_1'

1. Summary
----------

SUCCESS in the upgrade of design_1_axi_fifo_mm_s_0_1 from xilinx.com:ip:axi_fifo_mm_s:4.2 (Rev. 8) to xilinx.com:ip:axi_fifo_mm_s:4.3

2. Failures
-----------

Could not write the upgrade log for 'design_1_DCS_Analyzer_0_0'.
If the problem persists, please contact Xilinx support.






Copyright 1986-2022 Xilinx, Inc. All Rights Reserved. Copyright 2022-2023 Advanced Micro Devices, Inc. All Rights Reserved.
---------------------------------------------------------------------------------------------------------------------------------------------
| Tool Version : Vivado v.2023.1 (win64) Build 3865809 Sun May  7 15:05:29 MDT 2023
| Date         : Fri Feb 20 22:03:32 2026
| Host         : JohnWorkstat running 64-bit major release  (build 9200)
| Command      : upgrade_ip
| Device       : xc7a75tfgg484-3
---------------------------------------------------------------------------------------------------------------------------------------------

Upgrade Log for IP 'design_1_axi_bram_ctrl_0_bram_0'

1. Summary
----------

SUCCESS in the upgrade of design_1_axi_bram_ctrl_0_bram_0 (xilinx.com:ip:blk_mem_gen:8.4) from (Rev. 5) to (Rev. 6)

2. Failures
-----------

Could not write the upgrade log for 'design_1_DCS_Analyzer_0_0'.
If the problem persists, please contact Xilinx support.






Copyright 1986-2022 Xilinx, Inc. All Rights Reserved. Copyright 2022-2023 Advanced Micro Devices, Inc. All Rights Reserved.
---------------------------------------------------------------------------------------------------------------------------------------------
| Tool Version : Vivado v.2023.1 (win64) Build 3865809 Sun May  7 15:05:29 MDT 2023
| Date         : Fri Feb 20 22:03:32 2026
| Host         : JohnWorkstat running 64-bit major release  (build 9200)
| Command      : upgrade_ip
| Device       : xc7a75tfgg484-3
---------------------------------------------------------------------------------------------------------------------------------------------

Upgrade Log for IP 'design_1_axi_bram_ctrl_0_0'

1. Summary
----------

SUCCESS in the upgrade of design_1_axi_bram_ctrl_0_0 (xilinx.com:ip:axi_bram_ctrl:4.1) from (Rev. 6) to (Rev. 8)

2. Failures
-----------

Could not write the upgrade log for 'design_1_DCS_Analyzer_0_0'.
If the problem persists, please contact Xilinx support.

3. Upgrade messages
-------------------

WARNING: upgrade cannot remove parameter C_SELECT_XPM : there is no parameter called C_SELECT_XPM in axi_bram_ctrl_v4_1






Copyright 1986-2022 Xilinx, Inc. All Rights Reserved. Copyright 2022-2023 Advanced Micro Devices, Inc. All Rights Reserved.
---------------------------------------------------------------------------------------------------------------------------------------------
| Tool Version : Vivado v.2023.1 (win64) Build 3865809 Sun May  7 15:05:29 MDT 2023
| Date         : Fri Feb 20 22:03:07 2026
| Host         : JohnWorkstat running 64-bit major release  (build 9200)
| Command      : upgrade_ip
| Device       : xc7a75tfgg484-3
---------------------------------------------------------------------------------------------------------------------------------------------

Upgrade Log for IP 'correlatorFIFO'

1. Summary
----------

SUCCESS in the upgrade of correlatorFIFO (xilinx.com:ip:fifo_generator:13.2) from (Rev. 7) to (Rev. 8)






Copyright 1986-2022 Xilinx, Inc. All Rights Reserved. Copyright 2022-2023 Advanced Micro Devices, Inc. All Rights Reserved.
---------------------------------------------------------------------------------------------------------------------------------------------
| Tool Version : Vivado v.2023.1 (win64) Build 3865809 Sun May  7 15:05:29 MDT 2023
| Date         : Tue Dec 23 12:04:51 2025
| Host         : JohnWorkstat running 64-bit major release  (build 9200)
| Command      : upgrade_ip
| Device       : xc7a100tcsg324-1
---------------------------------------------------------------------------------------------------------------------------------------------

Upgrade Log for IP 'intensityFIFO'

1. Summary
----------

SUCCESS in the upgrade of intensityFIFO (xilinx.com:ip:fifo_generator:13.2) from (Rev. 7) to (Rev. 8)

