#-----------------------------------------------------------
# Vivado v2022.1 (64-bit)
# SW Build 3526262 on Mon Apr 18 15:48:16 MDT 2022
# IP Build 3524634 on Mon Apr 18 20:55:01 MDT 2022
# Start of session at: Fri Jun 23 13:43:11 2023
# Process ID: 109332
# Current directory: C:/Users/Christopher/AppData/Roaming/Xilinx/Vivado
# Command line: vivado.exe -gui_launcher_event rodinguilauncherevent129600
# Log file: C:/Users/Christopher/AppData/Roaming/Xilinx/Vivado/vivado.log
# Journal file: C:/Users/Christopher/AppData/Roaming/Xilinx/Vivado\vivado.jou
# Running On: Topher-Spectre, OS: Windows, CPU Frequency: 1992 MHz, CPU Physical cores: 4, Host memory: 17013 MB
#-----------------------------------------------------------
start_gui
Sourcing tcl script 'C:/Users/Christopher/AppData/Roaming/Xilinx/Vivado/Vivado_init.tcl'
WARNING: [Board 49-26] cannot add Board Part xilinx.com:kc705:part0:1.6 available at C:/Xilinx/Vivado/2022.1/data/xhub/boards/XilinxBoardStore/boards/Xilinx/kc705/1.6/board.xml as part xc7k325tffg900-2 specified in board_part file is either invalid or not available
WARNING: [Board 49-26] cannot add Board Part xilinx.com:kcu105:part0:1.6 available at C:/Xilinx/Vivado/2022.1/data/xhub/boards/XilinxBoardStore/boards/Xilinx/kcu105/1.6/board.xml as part xcku040-ffva1156-2-e specified in board_part file is either invalid or not available
WARNING: [Board 49-26] cannot add Board Part xilinx.com:kcu105:part0:1.7 available at C:/Xilinx/Vivado/2022.1/data/xhub/boards/XilinxBoardStore/boards/Xilinx/kcu105/1.7/board.xml as part xcku040-ffva1156-2-e specified in board_part file is either invalid or not available
WARNING: [Board 49-26] cannot add Board Part xilinx.com:kcu116:part0:1.4 available at C:/Xilinx/Vivado/2022.1/data/xhub/boards/XilinxBoardStore/boards/Xilinx/kcu116/1.4/board.xml as part xcku5p-ffvb676-2-e specified in board_part file is either invalid or not available
WARNING: [Board 49-26] cannot add Board Part xilinx.com:kcu116:part0:1.5 available at C:/Xilinx/Vivado/2022.1/data/xhub/boards/XilinxBoardStore/boards/Xilinx/kcu116/1.5/board.xml as part xcku5p-ffvb676-2-e specified in board_part file is either invalid or not available
WARNING: [Board 49-26] cannot add Board Part xilinx.com:kcu1500:part0:1.2 available at C:/Xilinx/Vivado/2022.1/data/xhub/boards/XilinxBoardStore/boards/Xilinx/kcu1500/1.2/board.xml as part xcku115-flvb2104-2-e specified in board_part file is either invalid or not available
WARNING: [Board 49-26] cannot add Board Part xilinx.com:sp701:part0:1.0 available at C:/Xilinx/Vivado/2022.1/data/xhub/boards/XilinxBoardStore/boards/Xilinx/sp701/1.0/board.xml as part xc7s100fgga676-2 specified in board_part file is either invalid or not available
WARNING: [Board 49-26] cannot add Board Part xilinx.com:sp701:part0:1.1 available at C:/Xilinx/Vivado/2022.1/data/xhub/boards/XilinxBoardStore/boards/Xilinx/sp701/1.1/board.xml as part xc7s100fgga676-2 specified in board_part file is either invalid or not available
WARNING: [Board 49-26] cannot add Board Part xilinx.com:vc707:part0:1.4 available at C:/Xilinx/Vivado/2022.1/data/xhub/boards/XilinxBoardStore/boards/Xilinx/vc707/1.4/board.xml as part xc7vx485tffg1761-2 specified in board_part file is either invalid or not available
WARNING: [Board 49-26] cannot add Board Part xilinx.com:vc709:part0:1.8 available at C:/Xilinx/Vivado/2022.1/data/xhub/boards/XilinxBoardStore/boards/Xilinx/vc709/1.8/board.xml as part xc7vx690tffg1761-2 specified in board_part file is either invalid or not available
WARNING: [Board 49-26] cannot add Board Part xilinx.com:vck190:part0:2.2 available at C:/Xilinx/Vivado/2022.1/data/xhub/boards/XilinxBoardStore/boards/Xilinx/vck190/production/2.2/board.xml as part xcvc1902-vsva2197-2mp-e-s specified in board_part file is either invalid or not available
WARNING: [Board 49-26] cannot add Board Part xilinx.com:vck190:part0:3.0 available at C:/Xilinx/Vivado/2022.1/data/xhub/boards/XilinxBoardStore/boards/Xilinx/vck190/production/3.0/board.xml as part xcvc1902-vsva2197-2mp-e-s specified in board_part file is either invalid or not available
WARNING: [Board 49-26] cannot add Board Part xilinx.com:vck190_newl:part0:1.0 available at C:/Xilinx/Vivado/2022.1/data/xhub/boards/XilinxBoardStore/boards/Xilinx/vck190_newl/production/1.0/board.xml as part xcvc1902-vsva2197-2mp-e-s specified in board_part file is either invalid or not available
WARNING: [Board 49-26] cannot add Board Part xilinx.com:vcu108:part0:1.6 available at C:/Xilinx/Vivado/2022.1/data/xhub/boards/XilinxBoardStore/boards/Xilinx/vcu108/1.6/board.xml as part xcvu095-ffva2104-2-e specified in board_part file is either invalid or not available
WARNING: [Board 49-26] cannot add Board Part xilinx.com:vcu108:part0:1.7 available at C:/Xilinx/Vivado/2022.1/data/xhub/boards/XilinxBoardStore/boards/Xilinx/vcu108/1.7/board.xml as part xcvu095-ffva2104-2-e specified in board_part file is either invalid or not available
WARNING: [Board 49-26] cannot add Board Part xilinx.com:vcu110:part0:1.4 available at C:/Xilinx/Vivado/2022.1/data/xhub/boards/XilinxBoardStore/boards/Xilinx/vcu110/1.4/board.xml as part xcvu190-flgc2104-2-e specified in board_part file is either invalid or not available
WARNING: [Board 49-26] cannot add Board Part xilinx.com:vcu118:part0:2.0 available at C:/Xilinx/Vivado/2022.1/data/xhub/boards/XilinxBoardStore/boards/Xilinx/vcu118/2.0/board.xml as part xcvu9p-flga2104-2l-e specified in board_part file is either invalid or not available
WARNING: [Board 49-26] cannot add Board Part xilinx.com:vcu118:part0:2.3 available at C:/Xilinx/Vivado/2022.1/data/xhub/boards/XilinxBoardStore/boards/Xilinx/vcu118/2.3/board.xml as part xcvu9p-flga2104-2l-e specified in board_part file is either invalid or not available
WARNING: [Board 49-26] cannot add Board Part xilinx.com:vcu118:part0:2.4 available at C:/Xilinx/Vivado/2022.1/data/xhub/boards/XilinxBoardStore/boards/Xilinx/vcu118/2.4/board.xml as part xcvu9p-flga2104-2l-e specified in board_part file is either invalid or not available
WARNING: [Board 49-26] cannot add Board Part xilinx.com:vcu128:part0:1.0 available at C:/Xilinx/Vivado/2022.1/data/xhub/boards/XilinxBoardStore/boards/Xilinx/vcu128/production/1.0/board.xml as part xcvu37p-fsvh2892-2l-e specified in board_part file is either invalid or not available
WARNING: [Board 49-26] cannot add Board Part xilinx.com:vcu129:part0:1.0 available at C:/Xilinx/Vivado/2022.1/data/xhub/boards/XilinxBoardStore/boards/Xilinx/vcu129/production/1.0/board.xml as part xcvu29p-fsga2577-2l-e specified in board_part file is either invalid or not available
WARNING: [Board 49-26] cannot add Board Part xilinx.com:vcu1525:part0:1.3 available at C:/Xilinx/Vivado/2022.1/data/xhub/boards/XilinxBoardStore/boards/Xilinx/vcu1525/1.3/board.xml as part xcvu9p-fsgd2104-2l-e specified in board_part file is either invalid or not available
WARNING: [Board 49-26] cannot add Board Part xilinx.com:vermeo_t1_rfsoc:part0:1.0 available at C:/Xilinx/Vivado/2022.1/data/xhub/boards/XilinxBoardStore/boards/Xilinx/vermeo_t1_rfsoc/1.0/board.xml as part xczu21dr-ffvd1156-2l-e specified in board_part file is either invalid or not available
WARNING: [Board 49-26] cannot add Board Part xilinx.com:vmk180:part0:2.2 available at C:/Xilinx/Vivado/2022.1/data/xhub/boards/XilinxBoardStore/boards/Xilinx/vmk180/production/2.2/board.xml as part xcvm1802-vsva2197-2mp-e-s specified in board_part file is either invalid or not available
WARNING: [Board 49-26] cannot add Board Part xilinx.com:vmk180:part0:3.0 available at C:/Xilinx/Vivado/2022.1/data/xhub/boards/XilinxBoardStore/boards/Xilinx/vmk180/production/3.0/board.xml as part xcvm1802-vsva2197-2mp-e-s specified in board_part file is either invalid or not available
WARNING: [Board 49-26] cannot add Board Part xilinx.com:vmk180_newl:part0:1.0 available at C:/Xilinx/Vivado/2022.1/data/xhub/boards/XilinxBoardStore/boards/Xilinx/vmk180_newl/production/1.0/board.xml as part xcvm1802-vsva2197-2mp-e-s specified in board_part file is either invalid or not available
WARNING: [Board 49-26] cannot add Board Part xilinx.com:vpk120_es:part0:1.2 available at C:/Xilinx/Vivado/2022.1/data/xhub/boards/XilinxBoardStore/boards/Xilinx/vpk120/es/1.2/board.xml as part xcvp1202-vsva2785-2mp-e-s-es1 specified in board_part file is either invalid or not available
WARNING: [Board 49-26] cannot add Board Part xilinx.com:vpk120_es_revb:part0:1.0 available at C:/Xilinx/Vivado/2022.1/data/xhub/boards/XilinxBoardStore/boards/Xilinx/vpk120_revb/es/1.0/board.xml as part xcvp1202-vsva2785-2mp-e-s-es1 specified in board_part file is either invalid or not available
WARNING: [Board 49-26] cannot add Board Part xilinx.com:zc702:part0:1.4 available at C:/Xilinx/Vivado/2022.1/data/xhub/boards/XilinxBoardStore/boards/Xilinx/zc702/1.4/board.xml as part xc7z020clg484-1 specified in board_part file is either invalid or not available
WARNING: [Board 49-26] cannot add Board Part xilinx.com:zc706:part0:1.4 available at C:/Xilinx/Vivado/2022.1/data/xhub/boards/XilinxBoardStore/boards/Xilinx/zc706/1.4/board.xml as part xc7z045ffg900-2 specified in board_part file is either invalid or not available
WARNING: [Board 49-26] cannot add Board Part xilinx.com:zcu111:part0:1.2 available at C:/Xilinx/Vivado/2022.1/data/xhub/boards/XilinxBoardStore/boards/Xilinx/zcu111/1.2/board.xml as part xczu28dr-ffvg1517-2-e specified in board_part file is either invalid or not available
WARNING: [Board 49-26] cannot add Board Part xilinx.com:zcu111:part0:1.3 available at C:/Xilinx/Vivado/2022.1/data/xhub/boards/XilinxBoardStore/boards/Xilinx/zcu111/1.3/board.xml as part xczu28dr-ffvg1517-2-e specified in board_part file is either invalid or not available
WARNING: [Board 49-26] cannot add Board Part xilinx.com:zcu111:part0:1.4 available at C:/Xilinx/Vivado/2022.1/data/xhub/boards/XilinxBoardStore/boards/Xilinx/zcu111/1.4/board.xml as part xczu28dr-ffvg1517-2-e specified in board_part file is either invalid or not available
WARNING: [Board 49-26] cannot add Board Part xilinx.com:zcu1275:part0:1.0 available at C:/Xilinx/Vivado/2022.1/data/xhub/boards/XilinxBoardStore/boards/Xilinx/zcu1275/1.0/board.xml as part xczu29dr-ffvf1760-2-e specified in board_part file is either invalid or not available
WARNING: [Board 49-26] cannot add Board Part xilinx.com:zcu1285:part0:1.0 available at C:/Xilinx/Vivado/2022.1/data/xhub/boards/XilinxBoardStore/boards/Xilinx/zcu1285/1.0/board.xml as part xczu39dr-ffvf1760-2-i specified in board_part file is either invalid or not available
WARNING: [Board 49-26] cannot add Board Part xilinx.com:zcu208:part0:2.0 available at C:/Xilinx/Vivado/2022.1/data/xhub/boards/XilinxBoardStore/boards/Xilinx/zcu208/production/2.0/board.xml as part xczu48dr-fsvg1517-2-e specified in board_part file is either invalid or not available
WARNING: [Board 49-26] cannot add Board Part xilinx.com:zcu208ld:part0:2.0 available at C:/Xilinx/Vivado/2022.1/data/xhub/boards/XilinxBoardStore/boards/Xilinx/zcu208ld/production/2.0/board.xml as part xczu58dr-fsvg1517-2-i specified in board_part file is either invalid or not available
WARNING: [Board 49-26] cannot add Board Part xilinx.com:zcu216:part0:2.0 available at C:/Xilinx/Vivado/2022.1/data/xhub/boards/XilinxBoardStore/boards/Xilinx/zcu216/production/2.0/board.xml as part xczu49dr-ffvf1760-2-e specified in board_part file is either invalid or not available
WARNING: [Board 49-26] cannot add Board Part xilinx.com:zcu216ld:part0:2.0 available at C:/Xilinx/Vivado/2022.1/data/xhub/boards/XilinxBoardStore/boards/Xilinx/zcu216ld/production/2.0/board.xml as part xczu59dr-ffvf1760-2-i specified in board_part file is either invalid or not available
WARNING: [Board 49-26] cannot add Board Part xilinx.com:zcu670:part0:2.0 available at C:/Xilinx/Vivado/2022.1/data/xhub/boards/XilinxBoardStore/boards/Xilinx/zcu670/2.0/board.xml as part xczu67dr-fsve1156-2-i specified in board_part file is either invalid or not available
WARNING: [Board 49-26] cannot add Board Part xilinx.com:zcu670ld:part0:1.0 available at C:/Xilinx/Vivado/2022.1/data/xhub/boards/XilinxBoardStore/boards/Xilinx/zcu670ld/1.0/board.xml as part xczu57dr-fsve1156-2-i specified in board_part file is either invalid or not available
open_project C:/Users/Christopher/Desktop/Research/full_dcs_system/full_dcs_system.xpr
Scanning sources...
Finished scanning sources
WARNING: [Project 1-865] Could not find the file C:/Users/Christopher/Desktop/full_dcs_system/full_dcs_system.srcs/utils_1/imports/impl_1/design_1_wrapper_routed.dcp
INFO: [IP_Flow 19-234] Refreshing IP repositories
INFO: [IP_Flow 19-1700] Loaded user IP repository 'c:/Users/Christopher/Desktop/Research/Analyzer/HW/dcs_analyzer_axil'.
INFO: [IP_Flow 19-1700] Loaded user IP repository 'c:/Users/Christopher/Desktop/Research/Correlator/HW/correlator_ip'.
INFO: [IP_Flow 19-2313] Loaded Vivado IP repository 'C:/Xilinx/Vivado/2022.1/data/ip'.
open_project: Time (s): cpu = 00:00:41 ; elapsed = 00:00:21 . Memory (MB): peak = 1573.164 ; gain = 0.000
update_compile_order -fileset sources_1
open_run impl_1
INFO: [Device 21-403] Loading part xc7a100tcsg324-1
Netlist sorting complete. Time (s): cpu = 00:00:01 ; elapsed = 00:00:02 . Memory (MB): peak = 1648.977 ; gain = 0.191
INFO: [Netlist 29-17] Analyzing 2808 Unisim elements for replacement
INFO: [Netlist 29-28] Unisim Transformation completed in 1 CPU seconds
INFO: [Project 1-479] Netlist was created with Vivado 2022.1
INFO: [Project 1-570] Preparing netlist for logic optimization
INFO: [Timing 38-478] Restoring timing data from binary archive.
INFO: [Timing 38-479] Binary timing data restore complete.
INFO: [Project 1-856] Restoring constraints from binary archive.
INFO: [Project 1-853] Binary constraint restore complete.
Reading XDEF placement.
Reading placer database...
Reading XDEF routing.
Read XDEF Files: Time (s): cpu = 00:00:03 ; elapsed = 00:00:03 . Memory (MB): peak = 2512.656 ; gain = 26.574
Restored from archive | CPU: 3.000000 secs | Memory: 0.000000 MB |
Finished XDEF File Restore: Time (s): cpu = 00:00:03 ; elapsed = 00:00:03 . Memory (MB): peak = 2512.656 ; gain = 26.574
Generating merged BMM file for the design top 'design_1_wrapper'...
INFO: [Memdata 28-144] Successfully populated the BRAM INIT strings from the following elf files: c:/Users/Christopher/Desktop/Research/full_dcs_system/full_dcs_system.gen/sources_1/bd/design_1/ip/design_1_microblaze_0_1/data/mb_bootloop_le.elf 
Netlist sorting complete. Time (s): cpu = 00:00:00 ; elapsed = 00:00:00.065 . Memory (MB): peak = 2512.656 ; gain = 0.000
INFO: [Project 1-111] Unisim Transformation Summary:
  A total of 337 instances were transformed.
  CFGLUT5 => CFGLUT5 (SRL16E, SRLC32E): 168 instances
  LUT6_2 => LUT6_2 (LUT5, LUT6): 79 instances
  RAM16X1D => RAM32X1D (RAMD32(x2)): 32 instances
  RAM32M => RAM32M (RAMD32(x6), RAMS32(x2)): 25 instances
  SRLC16E => SRL16E: 1 instance 
  SRLC32E => SRL16E: 32 instances

open_run: Time (s): cpu = 00:00:55 ; elapsed = 00:00:41 . Memory (MB): peak = 2653.664 ; gain = 1080.500
open_report: Time (s): cpu = 00:00:40 ; elapsed = 00:00:29 . Memory (MB): peak = 2797.945 ; gain = 107.777
WARNING: [Timing 38-436] There are set_bus_skew constraint(s) in this design. Please run report_bus_skew to ensure that bus skew requirements are met.
report_ssn -name ssn_1
INFO: [Designutils 20-1021] SSN analysis is only relevant to output and bidirectional ports.  Input ports are not used in the analysis, and are not shown in the Noise report.
    1. UART_RX
    2. detectorIn
    3. reset
    4. sys_clock_pin

INFO: [Coretcl 2-1142] Start SSN Analysis...
report_operating_conditions -grade -return_string
report_utilization -name utilization_1
report_utilization: Time (s): cpu = 00:00:28 ; elapsed = 00:00:14 . Memory (MB): peak = 3506.309 ; gain = 361.992
archive_project C:/Users/Christopher/Desktop/full_dcs_system_6_23_23.xpr.zip -temp_dir C:/Users/Christopher/AppData/Roaming/Xilinx/Vivado/.Xil/Vivado-109332-Topher-Spectre -force -include_local_ip_cache
INFO: [Coretcl 2-137] starting archive...
INFO: [Coretcl 2-1499] Saving project copy to temporary location 'C:/Users/Christopher/AppData/Roaming/Xilinx/Vivado/.Xil/Vivado-109332-Topher-Spectre' for archiving project
Scanning sources...
Finished scanning sources
WARNING: [Project 1-865] Could not find the file C:/Users/Christopher/Desktop/full_dcs_system/full_dcs_system.srcs/utils_1/imports/impl_1/design_1_wrapper_routed.dcp
INFO: [IP_Flow 19-234] Refreshing IP repositories
INFO: [IP_Flow 19-1700] Loaded user IP repository 'c:/Users/Christopher/Desktop/Research/Analyzer/HW/dcs_analyzer_axil'.
INFO: [IP_Flow 19-1700] Loaded user IP repository 'c:/Users/Christopher/Desktop/Research/Correlator/HW/correlator_ip'.
INFO: [IP_Flow 19-2313] Loaded Vivado IP repository 'C:/Xilinx/Vivado/2022.1/data/ip'.
INFO: [Coretcl 2-1211] Creating project copy for archival...
INFO: [ProjectBase 1-495] The host OS only allows 260 characters in a normal path. The project is stored in a path with more than 80 characters. If you experience any problem with archiving the project, please consider setting environment variable $TEMP to a shorter path.
Current project path is 'C:/Users/Christopher/AppData/Roaming/Xilinx/Vivado/.Xil/Vivado-109332-Topher-Spectre/PrjAr/_X_'.
INFO: [IP_Flow 19-5107] Inferred bus interface 'resetn' of definition 'xilinx.com:signal:reset:1.0' (from Xilinx Repository).
INFO: [IP_Flow 19-5107] Inferred bus interface 'interrupt' of definition 'xilinx.com:signal:interrupt:1.0' (from Xilinx Repository).
INFO: [IP_Flow 19-4728] Bus Interface 'resetn': Added interface parameter 'POLARITY' with value 'ACTIVE_LOW'.
INFO: [IP_Flow 19-4728] Bus Interface 'interrupt': Added interface parameter 'SENSITIVITY' with value 'LEVEL_HIGH'.
INFO: [IP_Flow 19-234] Refreshing IP repositories
INFO: [IP_Flow 19-1700] Loaded user IP repository 'c:/Users/Christopher/Desktop/Research/Analyzer/HW/dcs_analyzer_axil'.
INFO: [IP_Flow 19-1700] Loaded user IP repository 'c:/Users/Christopher/Desktop/Research/Correlator/HW/correlator_ip'.
INFO: [IP_Flow 19-5107] Inferred bus interface 'resetn' of definition 'xilinx.com:signal:reset:1.0' (from Xilinx Repository).
INFO: [IP_Flow 19-5107] Inferred bus interface 'clk' of definition 'xilinx.com:signal:clock:1.0' (from Xilinx Repository).
INFO: [IP_Flow 19-4728] Bus Interface 'resetn': Added interface parameter 'POLARITY' with value 'ACTIVE_LOW'.
INFO: [IP_Flow 19-4728] Bus Interface 'clk': Added interface parameter 'ASSOCIATED_RESET' with value 'resetn'.
WARNING: [IP_Flow 19-5661] Bus Interface 'clk' does not have any bus interfaces associated with it.
INFO: [IP_Flow 19-234] Refreshing IP repositories
INFO: [IP_Flow 19-1700] Loaded user IP repository 'c:/Users/Christopher/Desktop/Research/Analyzer/HW/dcs_analyzer_axil'.
INFO: [IP_Flow 19-1700] Loaded user IP repository 'c:/Users/Christopher/Desktop/Research/Correlator/HW/correlator_ip'.
INFO: [IP_Flow 19-5107] Inferred bus interface 'analyzerFIFOInput' of definition 'xilinx.com:interface:axis:1.0' (from X_INTERFACE_INFO parameter from HDL file).
INFO: [IP_Flow 19-5107] Inferred bus interface 'analyzerFIFOInput' of definition 'xilinx.com:interface:axis:1.0' (from 'X_INTERFACE_INFO' attribute).
INFO: [IP_Flow 19-5107] Inferred bus interface 'resetn' of definition 'xilinx.com:signal:reset:1.0' (from Xilinx Repository).
INFO: [IP_Flow 19-5107] Inferred bus interface 'clk' of definition 'xilinx.com:signal:clock:1.0' (from Xilinx Repository).
INFO: [IP_Flow 19-4728] Bus Interface 'resetn': Added interface parameter 'POLARITY' with value 'ACTIVE_LOW'.
INFO: [IP_Flow 19-4728] Bus Interface 'clk': Added interface parameter 'ASSOCIATED_BUSIF' with value 'analyzerFIFOInput'.
INFO: [IP_Flow 19-4728] Bus Interface 'clk': Added interface parameter 'ASSOCIATED_RESET' with value 'resetn'.
INFO: [IP_Flow 19-234] Refreshing IP repositories
INFO: [IP_Flow 19-1700] Loaded user IP repository 'c:/Users/Christopher/Desktop/Research/Analyzer/HW/dcs_analyzer_axil'.
INFO: [IP_Flow 19-1700] Loaded user IP repository 'c:/Users/Christopher/Desktop/Research/Correlator/HW/correlator_ip'.
INFO: [Coretcl 2-1213] Including run results for 'synth_1'
INFO: [Coretcl 2-1213] Including run results for 'design_1_clk_wiz_0_0_synth_1'
INFO: [Coretcl 2-1213] Including run results for 'design_1_DCS_Analyzer_0_0_synth_1'
INFO: [Coretcl 2-1213] Including run results for 'design_1_microblaze_0_axi_intc_1_synth_1'
INFO: [Coretcl 2-1213] Including run results for 'correlator_mt_synth_1'
INFO: [Coretcl 2-1213] Including run results for 'design_1_xbar_0_synth_1'
INFO: [Coretcl 2-1213] Including run results for 'design_1_intensityRebin_0_0_synth_1'
INFO: [Coretcl 2-1213] Including run results for 'uart_fifo_synth_1'
INFO: [Coretcl 2-1213] Including run results for 'correlatorFIFO_synth_1'
INFO: [Coretcl 2-1213] Including run results for 'design_1_axi_fifo_mm_s_0_1_synth_1'
INFO: [Coretcl 2-1213] Including run results for 'design_1_uart_aggregator_0_0_synth_1'
INFO: [Coretcl 2-1213] Including run results for 'design_1_rst_clk_wiz_100M_0_synth_1'
INFO: [Coretcl 2-1213] Including run results for 'design_1_countCorrelateWrapper_0_0_synth_1'
INFO: [Coretcl 2-1213] Including run results for 'design_1_system_ila_0_0_synth_1'
INFO: [Coretcl 2-1213] Including run results for 'impl_1'
INFO: [Coretcl 2-133] re-setting run 'design_1_clk_wiz_0_0_impl_1'...
INFO: [Coretcl 2-133] re-setting run 'design_1_DCS_Analyzer_0_0_impl_1'...
INFO: [Coretcl 2-133] re-setting run 'design_1_microblaze_0_axi_intc_1_impl_1'...
INFO: [Coretcl 2-133] re-setting run 'correlator_mt_impl_1'...
INFO: [Coretcl 2-133] re-setting run 'design_1_xbar_0_impl_1'...
INFO: [Coretcl 2-133] re-setting run 'design_1_intensityRebin_0_0_impl_1'...
INFO: [Coretcl 2-133] re-setting run 'uart_fifo_impl_1'...
INFO: [Coretcl 2-133] re-setting run 'correlatorFIFO_impl_1'...
INFO: [Coretcl 2-133] re-setting run 'design_1_axi_fifo_mm_s_0_1_impl_1'...
INFO: [Coretcl 2-133] re-setting run 'design_1_uart_aggregator_0_0_impl_1'...
INFO: [Coretcl 2-133] re-setting run 'design_1_rst_clk_wiz_100M_0_impl_1'...
INFO: [Coretcl 2-133] re-setting run 'design_1_countCorrelateWrapper_0_0_impl_1'...
INFO: [Coretcl 2-133] re-setting run 'design_1_system_ila_0_0_impl_1'...
INFO: [Coretcl 2-1212] Importing remotely added design sources and verilog include files (if any)...
INFO: [filemgmt 20-334] All file(s) are already imported in fileset: 'correlatorFIFO'
INFO: [filemgmt 20-348] Importing the appropriate files for fileset: 'correlatorFIFO'
INFO: [filemgmt 20-334] All file(s) are already imported in fileset: 'correlator_mt'
INFO: [filemgmt 20-348] Importing the appropriate files for fileset: 'correlator_mt'
INFO: [filemgmt 20-334] All file(s) are already imported in fileset: 'design_1_DCS_Analyzer_0_0'
INFO: [filemgmt 20-348] Importing the appropriate files for fileset: 'design_1_DCS_Analyzer_0_0'
INFO: [filemgmt 20-334] All file(s) are already imported in fileset: 'design_1_axi_fifo_mm_s_0_1'
INFO: [filemgmt 20-348] Importing the appropriate files for fileset: 'design_1_axi_fifo_mm_s_0_1'
INFO: [filemgmt 20-334] All file(s) are already imported in fileset: 'design_1_clk_wiz_0_0'
INFO: [filemgmt 20-348] Importing the appropriate files for fileset: 'design_1_clk_wiz_0_0'
INFO: [filemgmt 20-334] All file(s) are already imported in fileset: 'design_1_countCorrelateWrapper_0_0'
INFO: [filemgmt 20-348] Importing the appropriate files for fileset: 'design_1_countCorrelateWrapper_0_0'
INFO: [filemgmt 20-334] All file(s) are already imported in fileset: 'design_1_intensityRebin_0_0'
INFO: [filemgmt 20-348] Importing the appropriate files for fileset: 'design_1_intensityRebin_0_0'
INFO: [filemgmt 20-334] All file(s) are already imported in fileset: 'design_1_microblaze_0_axi_intc_1'
INFO: [filemgmt 20-348] Importing the appropriate files for fileset: 'design_1_microblaze_0_axi_intc_1'
INFO: [filemgmt 20-334] All file(s) are already imported in fileset: 'design_1_rst_clk_wiz_100M_0'
INFO: [filemgmt 20-348] Importing the appropriate files for fileset: 'design_1_rst_clk_wiz_100M_0'
INFO: [filemgmt 20-334] All file(s) are already imported in fileset: 'design_1_system_ila_0_0'
INFO: [filemgmt 20-348] Importing the appropriate files for fileset: 'design_1_system_ila_0_0'
INFO: [filemgmt 20-334] All file(s) are already imported in fileset: 'design_1_uart_aggregator_0_0'
INFO: [filemgmt 20-348] Importing the appropriate files for fileset: 'design_1_uart_aggregator_0_0'
INFO: [filemgmt 20-334] All file(s) are already imported in fileset: 'design_1_xbar_0'
INFO: [filemgmt 20-348] Importing the appropriate files for fileset: 'design_1_xbar_0'
INFO: [filemgmt 20-334] All file(s) are already imported in fileset: 'uart_fifo'
INFO: [filemgmt 20-348] Importing the appropriate files for fileset: 'uart_fifo'
INFO: [filemgmt 20-334] All file(s) are already imported in fileset: 'constrs_1'
INFO: [filemgmt 20-348] Importing the appropriate files for fileset: 'constrs_1'
INFO: [filemgmt 20-334] All file(s) are already imported in fileset: 'countCorrelateWrapperSim'
INFO: [filemgmt 20-348] Importing the appropriate files for fileset: 'countCorrelateWrapperSim'
INFO: [filemgmt 20-334] All file(s) are already imported in fileset: 'count_and_bin'
INFO: [filemgmt 20-348] Importing the appropriate files for fileset: 'count_and_bin'
INFO: [filemgmt 20-334] All file(s) are already imported in fileset: 'intensityNormalizeSim'
INFO: [filemgmt 20-348] Importing the appropriate files for fileset: 'intensityNormalizeSim'
INFO: [filemgmt 20-334] All file(s) are already imported in fileset: 'intensityRebinSim'
INFO: [filemgmt 20-348] Importing the appropriate files for fileset: 'intensityRebinSim'
INFO: [filemgmt 20-334] All file(s) are already imported in fileset: 'sim_1'
INFO: [filemgmt 20-348] Importing the appropriate files for fileset: 'sim_1'
INFO: [filemgmt 20-334] All file(s) are already imported in fileset: 'sources_1'
INFO: [filemgmt 20-348] Importing the appropriate files for fileset: 'sources_1'
INFO: [filemgmt 20-334] All file(s) are already imported in fileset: 'uart_aggregate_sim'
INFO: [filemgmt 20-348] Importing the appropriate files for fileset: 'uart_aggregate_sim'
INFO: [filemgmt 20-348] Importing the appropriate files for fileset: 'utils_1'
