#-----------------------------------------------------------
# Vivado v2023.1 (64-bit)
# SW Build 3865809 on Sun May  7 15:05:29 MDT 2023
# IP Build 3864474 on Sun May  7 20:36:21 MDT 2023
# SharedData Build 3865790 on Sun May 07 13:33:03 MDT 2023
# Start of session at: Tue Dec 23 10:22:55 2025
# Process ID: 30368
# Current directory: C:/Users/johny/OneDrive/Documents/John College/BOIL research/full_dcs_system_6_23_23.xpr/full_dcs_system
# Command line: vivado.exe -gui_launcher_event rodinguilauncherevent32564 C:\Users\johny\OneDrive\Documents\John College\BOIL research\full_dcs_system_6_23_23.xpr\full_dcs_system\full_dcs_system.xpr
# Log file: C:/Users/johny/OneDrive/Documents/John College/BOIL research/full_dcs_system_6_23_23.xpr/full_dcs_system/vivado.log
# Journal file: C:/Users/johny/OneDrive/Documents/John College/BOIL research/full_dcs_system_6_23_23.xpr/full_dcs_system\vivado.jou
# Running On: JohnWorkstat, OS: Windows, CPU Frequency: 3294 MHz, CPU Physical cores: 16, Host memory: 29706 MB
#-----------------------------------------------------------
start_gui
WARNING: [Board 49-26] cannot add Board Part xilinx.com:kcu105:part0:1.6 available at C:/Xilinx/Vivado/2023.1/data/xhub/boards/XilinxBoardStore/boards/Xilinx/kcu105/1.6/board.xml as part xcku040-ffva1156-2-e specified in board_part file is either invalid or not available
WARNING: [Board 49-26] cannot add Board Part xilinx.com:kcu105:part0:1.7 available at C:/Xilinx/Vivado/2023.1/data/xhub/boards/XilinxBoardStore/boards/Xilinx/kcu105/1.7/board.xml as part xcku040-ffva1156-2-e specified in board_part file is either invalid or not available
WARNING: [Board 49-26] cannot add Board Part xilinx.com:kcu116:part0:1.4 available at C:/Xilinx/Vivado/2023.1/data/xhub/boards/XilinxBoardStore/boards/Xilinx/kcu116/1.4/board.xml as part xcku5p-ffvb676-2-e specified in board_part file is either invalid or not available
WARNING: [Board 49-26] cannot add Board Part xilinx.com:kcu116:part0:1.5 available at C:/Xilinx/Vivado/2023.1/data/xhub/boards/XilinxBoardStore/boards/Xilinx/kcu116/1.5/board.xml as part xcku5p-ffvb676-2-e specified in board_part file is either invalid or not available
WARNING: [Board 49-26] cannot add Board Part xilinx.com:kcu1500:part0:1.2 available at C:/Xilinx/Vivado/2023.1/data/xhub/boards/XilinxBoardStore/boards/Xilinx/kcu1500/1.2/board.xml as part xcku115-flvb2104-2-e specified in board_part file is either invalid or not available
WARNING: [Board 49-26] cannot add Board Part xilinx.com:vck190:part0:2.2 available at C:/Xilinx/Vivado/2023.1/data/xhub/boards/XilinxBoardStore/boards/Xilinx/vck190/production/2.2/board.xml as part xcvc1902-vsva2197-2mp-e-s specified in board_part file is either invalid or not available
WARNING: [Board 49-26] cannot add Board Part xilinx.com:vck190:part0:3.0 available at C:/Xilinx/Vivado/2023.1/data/xhub/boards/XilinxBoardStore/boards/Xilinx/vck190/production/3.0/board.xml as part xcvc1902-vsva2197-2mp-e-s specified in board_part file is either invalid or not available
WARNING: [Board 49-26] cannot add Board Part xilinx.com:vck190:part0:3.1 available at C:/Xilinx/Vivado/2023.1/data/xhub/boards/XilinxBoardStore/boards/Xilinx/vck190/production/3.1/board.xml as part xcvc1902-vsva2197-2mp-e-s specified in board_part file is either invalid or not available
WARNING: [Board 49-26] cannot add Board Part xilinx.com:vck190:part0:3.2 available at C:/Xilinx/Vivado/2023.1/data/xhub/boards/XilinxBoardStore/boards/Xilinx/vck190/production/3.2/board.xml as part xcvc1902-vsva2197-2mp-e-s specified in board_part file is either invalid or not available
WARNING: [Board 49-26] cannot add Board Part xilinx.com:vck190_newl:part0:1.0 available at C:/Xilinx/Vivado/2023.1/data/xhub/boards/XilinxBoardStore/boards/Xilinx/vck190_newl/production/1.0/board.xml as part xcvc1902-vsva2197-2mp-e-s specified in board_part file is either invalid or not available
WARNING: [Board 49-26] cannot add Board Part xilinx.com:vck190_newl:part0:1.1 available at C:/Xilinx/Vivado/2023.1/data/xhub/boards/XilinxBoardStore/boards/Xilinx/vck190_newl/production/1.1/board.xml as part xcvc1902-vsva2197-2mp-e-s specified in board_part file is either invalid or not available
WARNING: [Board 49-26] cannot add Board Part xilinx.com:vcu108:part0:1.6 available at C:/Xilinx/Vivado/2023.1/data/xhub/boards/XilinxBoardStore/boards/Xilinx/vcu108/1.6/board.xml as part xcvu095-ffva2104-2-e specified in board_part file is either invalid or not available
WARNING: [Board 49-26] cannot add Board Part xilinx.com:vcu108:part0:1.7 available at C:/Xilinx/Vivado/2023.1/data/xhub/boards/XilinxBoardStore/boards/Xilinx/vcu108/1.7/board.xml as part xcvu095-ffva2104-2-e specified in board_part file is either invalid or not available
WARNING: [Board 49-26] cannot add Board Part xilinx.com:vcu110:part0:1.4 available at C:/Xilinx/Vivado/2023.1/data/xhub/boards/XilinxBoardStore/boards/Xilinx/vcu110/1.4/board.xml as part xcvu190-flgc2104-2-e specified in board_part file is either invalid or not available
WARNING: [Board 49-26] cannot add Board Part xilinx.com:vcu118:part0:2.0 available at C:/Xilinx/Vivado/2023.1/data/xhub/boards/XilinxBoardStore/boards/Xilinx/vcu118/2.0/board.xml as part xcvu9p-flga2104-2l-e specified in board_part file is either invalid or not available
WARNING: [Board 49-26] cannot add Board Part xilinx.com:vcu118:part0:2.3 available at C:/Xilinx/Vivado/2023.1/data/xhub/boards/XilinxBoardStore/boards/Xilinx/vcu118/2.3/board.xml as part xcvu9p-flga2104-2l-e specified in board_part file is either invalid or not available
WARNING: [Board 49-26] cannot add Board Part xilinx.com:vcu118:part0:2.4 available at C:/Xilinx/Vivado/2023.1/data/xhub/boards/XilinxBoardStore/boards/Xilinx/vcu118/2.4/board.xml as part xcvu9p-flga2104-2l-e specified in board_part file is either invalid or not available
WARNING: [Board 49-26] cannot add Board Part xilinx.com:vcu128:part0:1.0 available at C:/Xilinx/Vivado/2023.1/data/xhub/boards/XilinxBoardStore/boards/Xilinx/vcu128/production/1.0/board.xml as part xcvu37p-fsvh2892-2l-e specified in board_part file is either invalid or not available
WARNING: [Board 49-26] cannot add Board Part xilinx.com:vcu129:part0:1.0 available at C:/Xilinx/Vivado/2023.1/data/xhub/boards/XilinxBoardStore/boards/Xilinx/vcu129/production/1.0/board.xml as part xcvu29p-fsga2577-2l-e specified in board_part file is either invalid or not available
WARNING: [Board 49-26] cannot add Board Part xilinx.com:vcu1525:part0:1.3 available at C:/Xilinx/Vivado/2023.1/data/xhub/boards/XilinxBoardStore/boards/Xilinx/vcu1525/1.3/board.xml as part xcvu9p-fsgd2104-2l-e specified in board_part file is either invalid or not available
WARNING: [Board 49-26] cannot add Board Part xilinx.com:vek280_es:part0:1.0 available at C:/Xilinx/Vivado/2023.1/data/xhub/boards/XilinxBoardStore/boards/Xilinx/vek280/es/rev_a/1.0/board.xml as part xcve2802-vsvh1760-2lp-e-s-es1 specified in board_part file is either invalid or not available
WARNING: [Board 49-26] cannot add Board Part xilinx.com:vek280_es:part0:1.1 available at C:/Xilinx/Vivado/2023.1/data/xhub/boards/XilinxBoardStore/boards/Xilinx/vek280/es/rev_a/1.1/board.xml as part xcve2802-vsvh1760-2lp-e-s-es1 specified in board_part file is either invalid or not available
WARNING: [Board 49-26] cannot add Board Part xilinx.com:vek280_es_revb:part0:1.0 available at C:/Xilinx/Vivado/2023.1/data/xhub/boards/XilinxBoardStore/boards/Xilinx/vek280/es/rev_b/1.0/board.xml as part xcve2802-vsvh1760-2mp-e-s-es1 specified in board_part file is either invalid or not available
WARNING: [Board 49-26] cannot add Board Part xilinx.com:vek280_es_revb:part0:1.1 available at C:/Xilinx/Vivado/2023.1/data/xhub/boards/XilinxBoardStore/boards/Xilinx/vek280/es/rev_b/1.1/board.xml as part xcve2802-vsvh1760-2mp-e-s-es1 specified in board_part file is either invalid or not available
WARNING: [Board 49-26] cannot add Board Part xilinx.com:vhk158:part0:1.0 available at C:/Xilinx/Vivado/2023.1/data/xhub/boards/XilinxBoardStore/boards/Xilinx/vhk158/production/1.0/board.xml as part xcvh1582-vsva3697-2mp-e-s specified in board_part file is either invalid or not available
WARNING: [Board 49-26] cannot add Board Part xilinx.com:vhk158_es:part0:1.0 available at C:/Xilinx/Vivado/2023.1/data/xhub/boards/XilinxBoardStore/boards/Xilinx/vhk158/es/1.0/board.xml as part xcvh1582-vsva3697-2mp-e-s-es1 specified in board_part file is either invalid or not available
WARNING: [Board 49-26] cannot add Board Part xilinx.com:vhk158_es:part0:1.1 available at C:/Xilinx/Vivado/2023.1/data/xhub/boards/XilinxBoardStore/boards/Xilinx/vhk158/es/1.1/board.xml as part xcvh1582-vsva3697-2mp-e-s-es1 specified in board_part file is either invalid or not available
WARNING: [Board 49-26] cannot add Board Part xilinx.com:vmk180:part0:2.2 available at C:/Xilinx/Vivado/2023.1/data/xhub/boards/XilinxBoardStore/boards/Xilinx/vmk180/production/2.2/board.xml as part xcvm1802-vsva2197-2mp-e-s specified in board_part file is either invalid or not available
WARNING: [Board 49-26] cannot add Board Part xilinx.com:vmk180:part0:3.0 available at C:/Xilinx/Vivado/2023.1/data/xhub/boards/XilinxBoardStore/boards/Xilinx/vmk180/production/3.0/board.xml as part xcvm1802-vsva2197-2mp-e-s specified in board_part file is either invalid or not available
WARNING: [Board 49-26] cannot add Board Part xilinx.com:vmk180:part0:3.1 available at C:/Xilinx/Vivado/2023.1/data/xhub/boards/XilinxBoardStore/boards/Xilinx/vmk180/production/3.1/board.xml as part xcvm1802-vsva2197-2mp-e-s specified in board_part file is either invalid or not available
WARNING: [Board 49-26] cannot add Board Part xilinx.com:vmk180:part0:3.2 available at C:/Xilinx/Vivado/2023.1/data/xhub/boards/XilinxBoardStore/boards/Xilinx/vmk180/production/3.2/board.xml as part xcvm1802-vsva2197-2mp-e-s specified in board_part file is either invalid or not available
WARNING: [Board 49-26] cannot add Board Part xilinx.com:vmk180_newl:part0:1.0 available at C:/Xilinx/Vivado/2023.1/data/xhub/boards/XilinxBoardStore/boards/Xilinx/vmk180_newl/production/1.0/board.xml as part xcvm1802-vsva2197-2mp-e-s specified in board_part file is either invalid or not available
WARNING: [Board 49-26] cannot add Board Part xilinx.com:vmk180_newl:part0:1.1 available at C:/Xilinx/Vivado/2023.1/data/xhub/boards/XilinxBoardStore/boards/Xilinx/vmk180_newl/production/1.1/board.xml as part xcvm1802-vsva2197-2mp-e-s specified in board_part file is either invalid or not available
WARNING: [Board 49-26] cannot add Board Part xilinx.com:vpk120:part0:1.0 available at C:/Xilinx/Vivado/2023.1/data/xhub/boards/XilinxBoardStore/boards/Xilinx/vpk120/production/1.0/board.xml as part xcvp1202-vsva2785-2mp-e-s specified in board_part file is either invalid or not available
WARNING: [Board 49-26] cannot add Board Part xilinx.com:vpk120:part0:1.1 available at C:/Xilinx/Vivado/2023.1/data/xhub/boards/XilinxBoardStore/boards/Xilinx/vpk120/production/1.1/board.xml as part xcvp1202-vsva2785-2mp-e-s specified in board_part file is either invalid or not available
WARNING: [Board 49-26] cannot add Board Part xilinx.com:vpk120_es:part0:1.2 available at C:/Xilinx/Vivado/2023.1/data/xhub/boards/XilinxBoardStore/boards/Xilinx/vpk120/es/1.2/board.xml as part xcvp1202-vsva2785-2mp-e-s-es1 specified in board_part file is either invalid or not available
WARNING: [Board 49-26] cannot add Board Part xilinx.com:vpk120_es:part0:1.3 available at C:/Xilinx/Vivado/2023.1/data/xhub/boards/XilinxBoardStore/boards/Xilinx/vpk120/es/1.3/board.xml as part xcvp1202-vsva2785-2mp-e-s-es1 specified in board_part file is either invalid or not available
WARNING: [Board 49-26] cannot add Board Part xilinx.com:vpk120_es_revb:part0:1.0 available at C:/Xilinx/Vivado/2023.1/data/xhub/boards/XilinxBoardStore/boards/Xilinx/vpk120_revb/es/1.0/board.xml as part xcvp1202-vsva2785-2mp-e-s-es1 specified in board_part file is either invalid or not available
WARNING: [Board 49-26] cannot add Board Part xilinx.com:vpk120_es_revb:part0:1.1 available at C:/Xilinx/Vivado/2023.1/data/xhub/boards/XilinxBoardStore/boards/Xilinx/vpk120_revb/es/1.1/board.xml as part xcvp1202-vsva2785-2mp-e-s-es1 specified in board_part file is either invalid or not available
WARNING: [Board 49-26] cannot add Board Part xilinx.com:vpk180:part0:1.0 available at C:/Xilinx/Vivado/2023.1/data/xhub/boards/XilinxBoardStore/boards/Xilinx/vpk180/production/1.0/board.xml as part xcvp1802-lsvc4072-2mp-e-s specified in board_part file is either invalid or not available
WARNING: [Board 49-26] cannot add Board Part xilinx.com:vpk180:part0:1.1 available at C:/Xilinx/Vivado/2023.1/data/xhub/boards/XilinxBoardStore/boards/Xilinx/vpk180/production/1.1/board.xml as part xcvp1802-lsvc4072-2mp-e-s specified in board_part file is either invalid or not available
WARNING: [Board 49-26] cannot add Board Part xilinx.com:vpk180_es:part0:1.0 available at C:/Xilinx/Vivado/2023.1/data/xhub/boards/XilinxBoardStore/boards/Xilinx/vpk180/es/1.0/board.xml as part xcvp1802-lsvc4072-2mp-e-s-es1 specified in board_part file is either invalid or not available
WARNING: [Board 49-26] cannot add Board Part xilinx.com:vpk180_es:part0:1.1 available at C:/Xilinx/Vivado/2023.1/data/xhub/boards/XilinxBoardStore/boards/Xilinx/vpk180/es/1.1/board.xml as part xcvp1802-lsvc4072-2mp-e-s-es1 specified in board_part file is either invalid or not available
WARNING: [Board 49-26] cannot add Board Part xilinx.com:zcu208ld:part0:2.0 available at C:/Xilinx/Vivado/2023.1/data/xhub/boards/XilinxBoardStore/boards/Xilinx/zcu208ld/production/2.0/board.xml as part xczu58dr-fsvg1517-2-i specified in board_part file is either invalid or not available
WARNING: [Board 49-26] cannot add Board Part xilinx.com:zcu216ld:part0:2.0 available at C:/Xilinx/Vivado/2023.1/data/xhub/boards/XilinxBoardStore/boards/Xilinx/zcu216ld/production/2.0/board.xml as part xczu59dr-ffvf1760-2-i specified in board_part file is either invalid or not available
WARNING: [Board 49-26] cannot add Board Part xilinx.com:zcu670:part0:2.0 available at C:/Xilinx/Vivado/2023.1/data/xhub/boards/XilinxBoardStore/boards/Xilinx/zcu670/2.0/board.xml as part xczu67dr-fsve1156-2-i specified in board_part file is either invalid or not available
WARNING: [Board 49-26] cannot add Board Part xilinx.com:zcu670ld:part0:1.0 available at C:/Xilinx/Vivado/2023.1/data/xhub/boards/XilinxBoardStore/boards/Xilinx/zcu670ld/1.0/board.xml as part xczu57dr-fsve1156-2-i specified in board_part file is either invalid or not available
open_project -read_only {C:/Users/johny/OneDrive/Documents/John College/BOIL research/full_dcs_system_6_23_23.xpr/full_dcs_system/full_dcs_system.xpr}
INFO: [ProjectBase 1-489] The host OS only allows 260 characters in a normal path. The project is stored in a path with more than 80 characters. If you experience issues with IP, Block Designs, or files not being found, please consider moving the project to a location with a shorter path. Alternately consider using the OS subst command to map part of the path to a drive letter.
Current project path is 'C:/Users/johny/OneDrive/Documents/John College/BOIL research/full_dcs_system_6_23_23.xpr/full_dcs_system'
INFO: [Project 1-313] Project file moved from 'C:/Users/Christopher/AppData/Roaming/Xilinx/Vivado/.Xil/Vivado-109332-Topher-Spectre/PrjAr/_X_' since last save.
Scanning sources...
Finished scanning sources
INFO: [Project 1-1877] Auto incremental dir location 'C:/Desktop/full_dcs_system/full_dcs_system.srcs/utils_1/imports/synth_1' of run 'synth_1' is not writable, setting it to default location 'C:/Users/johny/OneDrive/Documents/John College/BOIL research/full_dcs_system_6_23_23.xpr/full_dcs_system/full_dcs_system.srcs/utils_1/imports/synth_1'.
INFO: [Project 1-1877] Auto incremental dir location 'C:/Desktop/full_dcs_system/full_dcs_system.srcs/utils_1/imports/synth_1' of run 'synth_1' is not writable, setting it to default location 'C:/Users/johny/OneDrive/Documents/John College/BOIL research/full_dcs_system_6_23_23.xpr/full_dcs_system/full_dcs_system.srcs/utils_1/imports/synth_1'.
WARNING: [Project 1-865] Could not find the file C:/Desktop/Research/full_dcs_system/impl_1/design_1_wrapper_routed.dcp
INFO: [Project 1-1877] Auto incremental dir location 'C:/Desktop/Research/full_dcs_system/full_dcs_system.srcs/utils_1/imports/design_1_clk_wiz_0_0_synth_1' of run 'design_1_clk_wiz_0_0_synth_1' is not writable, setting it to default location 'C:/Users/johny/OneDrive/Documents/John College/BOIL research/full_dcs_system_6_23_23.xpr/full_dcs_system/full_dcs_system.srcs/utils_1/imports/design_1_clk_wiz_0_0_synth_1'.
INFO: [Project 1-1877] Auto incremental dir location 'C:/Desktop/Research/full_dcs_system/full_dcs_system.srcs/utils_1/imports/design_1_clk_wiz_0_0_synth_1' of run 'design_1_clk_wiz_0_0_synth_1' is not writable, setting it to default location 'C:/Users/johny/OneDrive/Documents/John College/BOIL research/full_dcs_system_6_23_23.xpr/full_dcs_system/full_dcs_system.srcs/utils_1/imports/design_1_clk_wiz_0_0_synth_1'.
WARNING: [Project 1-865] Could not find the file C:/Desktop/full_dcs_system/full_dcs_system.srcs/utils_1/imports/impl_1/design_1_wrapper_routed.dcp
INFO: [Project 1-1877] Auto incremental dir location 'C:/Desktop/Research/full_dcs_system/full_dcs_system.srcs/utils_1/imports/design_1_DCS_Analyzer_0_0_synth_1' of run 'design_1_DCS_Analyzer_0_0_synth_1' is not writable, setting it to default location 'C:/Users/johny/OneDrive/Documents/John College/BOIL research/full_dcs_system_6_23_23.xpr/full_dcs_system/full_dcs_system.srcs/utils_1/imports/design_1_DCS_Analyzer_0_0_synth_1'.
INFO: [Project 1-1877] Auto incremental dir location 'C:/Desktop/Research/full_dcs_system/full_dcs_system.srcs/utils_1/imports/design_1_DCS_Analyzer_0_0_synth_1' of run 'design_1_DCS_Analyzer_0_0_synth_1' is not writable, setting it to default location 'C:/Users/johny/OneDrive/Documents/John College/BOIL research/full_dcs_system_6_23_23.xpr/full_dcs_system/full_dcs_system.srcs/utils_1/imports/design_1_DCS_Analyzer_0_0_synth_1'.
WARNING: [Project 1-865] Could not find the file C:/Desktop/Research/full_dcs_system/impl_1/design_1_wrapper_routed.dcp
INFO: [Project 1-1877] Auto incremental dir location 'C:/Desktop/Research/full_dcs_system/full_dcs_system.srcs/utils_1/imports/design_1_microblaze_0_axi_intc_1_synth_1' of run 'design_1_microblaze_0_axi_intc_1_synth_1' is not writable, setting it to default location 'C:/Users/johny/OneDrive/Documents/John College/BOIL research/full_dcs_system_6_23_23.xpr/full_dcs_system/full_dcs_system.srcs/utils_1/imports/design_1_microblaze_0_axi_intc_1_synth_1'.
INFO: [Project 1-1877] Auto incremental dir location 'C:/Desktop/Research/full_dcs_system/full_dcs_system.srcs/utils_1/imports/design_1_microblaze_0_axi_intc_1_synth_1' of run 'design_1_microblaze_0_axi_intc_1_synth_1' is not writable, setting it to default location 'C:/Users/johny/OneDrive/Documents/John College/BOIL research/full_dcs_system_6_23_23.xpr/full_dcs_system/full_dcs_system.srcs/utils_1/imports/design_1_microblaze_0_axi_intc_1_synth_1'.
WARNING: [Project 1-865] Could not find the file C:/Desktop/Research/full_dcs_system/impl_1/design_1_wrapper_routed.dcp
INFO: [Project 1-1877] Auto incremental dir location 'C:/Desktop/Research/full_dcs_system/full_dcs_system.srcs/utils_1/imports/correlator_mt_synth_1' of run 'correlator_mt_synth_1' is not writable, setting it to default location 'C:/Users/johny/OneDrive/Documents/John College/BOIL research/full_dcs_system_6_23_23.xpr/full_dcs_system/full_dcs_system.srcs/utils_1/imports/correlator_mt_synth_1'.
INFO: [Project 1-1877] Auto incremental dir location 'C:/Desktop/Research/full_dcs_system/full_dcs_system.srcs/utils_1/imports/correlator_mt_synth_1' of run 'correlator_mt_synth_1' is not writable, setting it to default location 'C:/Users/johny/OneDrive/Documents/John College/BOIL research/full_dcs_system_6_23_23.xpr/full_dcs_system/full_dcs_system.srcs/utils_1/imports/correlator_mt_synth_1'.
WARNING: [Project 1-865] Could not find the file C:/Desktop/Research/full_dcs_system/impl_1/design_1_wrapper_routed.dcp
INFO: [Project 1-1877] Auto incremental dir location 'C:/Desktop/Research/full_dcs_system/full_dcs_system.srcs/utils_1/imports/design_1_xbar_0_synth_1' of run 'design_1_xbar_0_synth_1' is not writable, setting it to default location 'C:/Users/johny/OneDrive/Documents/John College/BOIL research/full_dcs_system_6_23_23.xpr/full_dcs_system/full_dcs_system.srcs/utils_1/imports/design_1_xbar_0_synth_1'.
INFO: [Project 1-1877] Auto incremental dir location 'C:/Desktop/Research/full_dcs_system/full_dcs_system.srcs/utils_1/imports/design_1_xbar_0_synth_1' of run 'design_1_xbar_0_synth_1' is not writable, setting it to default location 'C:/Users/johny/OneDrive/Documents/John College/BOIL research/full_dcs_system_6_23_23.xpr/full_dcs_system/full_dcs_system.srcs/utils_1/imports/design_1_xbar_0_synth_1'.
WARNING: [Project 1-865] Could not find the file C:/Desktop/Research/full_dcs_system/impl_1/design_1_wrapper_routed.dcp
INFO: [Project 1-1877] Auto incremental dir location 'C:/Desktop/Research/full_dcs_system/full_dcs_system.srcs/utils_1/imports/design_1_intensityRebin_0_0_synth_1' of run 'design_1_intensityRebin_0_0_synth_1' is not writable, setting it to default location 'C:/Users/johny/OneDrive/Documents/John College/BOIL research/full_dcs_system_6_23_23.xpr/full_dcs_system/full_dcs_system.srcs/utils_1/imports/design_1_intensityRebin_0_0_synth_1'.
INFO: [Project 1-1877] Auto incremental dir location 'C:/Desktop/Research/full_dcs_system/full_dcs_system.srcs/utils_1/imports/design_1_intensityRebin_0_0_synth_1' of run 'design_1_intensityRebin_0_0_synth_1' is not writable, setting it to default location 'C:/Users/johny/OneDrive/Documents/John College/BOIL research/full_dcs_system_6_23_23.xpr/full_dcs_system/full_dcs_system.srcs/utils_1/imports/design_1_intensityRebin_0_0_synth_1'.
WARNING: [Project 1-865] Could not find the file C:/Desktop/Research/full_dcs_system/impl_1/design_1_wrapper_routed.dcp
INFO: [Project 1-1877] Auto incremental dir location 'C:/Desktop/Research/full_dcs_system/full_dcs_system.srcs/utils_1/imports/uart_fifo_synth_1' of run 'uart_fifo_synth_1' is not writable, setting it to default location 'C:/Users/johny/OneDrive/Documents/John College/BOIL research/full_dcs_system_6_23_23.xpr/full_dcs_system/full_dcs_system.srcs/utils_1/imports/uart_fifo_synth_1'.
INFO: [Project 1-1877] Auto incremental dir location 'C:/Desktop/Research/full_dcs_system/full_dcs_system.srcs/utils_1/imports/uart_fifo_synth_1' of run 'uart_fifo_synth_1' is not writable, setting it to default location 'C:/Users/johny/OneDrive/Documents/John College/BOIL research/full_dcs_system_6_23_23.xpr/full_dcs_system/full_dcs_system.srcs/utils_1/imports/uart_fifo_synth_1'.
WARNING: [Project 1-865] Could not find the file C:/Desktop/Research/full_dcs_system/impl_1/design_1_wrapper_routed.dcp
INFO: [Project 1-1877] Auto incremental dir location 'C:/Desktop/Research/full_dcs_system/full_dcs_system.srcs/utils_1/imports/correlatorFIFO_synth_1' of run 'correlatorFIFO_synth_1' is not writable, setting it to default location 'C:/Users/johny/OneDrive/Documents/John College/BOIL research/full_dcs_system_6_23_23.xpr/full_dcs_system/full_dcs_system.srcs/utils_1/imports/correlatorFIFO_synth_1'.
INFO: [Project 1-1877] Auto incremental dir location 'C:/Desktop/Research/full_dcs_system/full_dcs_system.srcs/utils_1/imports/correlatorFIFO_synth_1' of run 'correlatorFIFO_synth_1' is not writable, setting it to default location 'C:/Users/johny/OneDrive/Documents/John College/BOIL research/full_dcs_system_6_23_23.xpr/full_dcs_system/full_dcs_system.srcs/utils_1/imports/correlatorFIFO_synth_1'.
WARNING: [Project 1-865] Could not find the file C:/Desktop/Research/full_dcs_system/impl_1/design_1_wrapper_routed.dcp
INFO: [Project 1-1877] Auto incremental dir location 'C:/Desktop/Research/full_dcs_system/full_dcs_system.srcs/utils_1/imports/design_1_axi_fifo_mm_s_0_1_synth_1' of run 'design_1_axi_fifo_mm_s_0_1_synth_1' is not writable, setting it to default location 'C:/Users/johny/OneDrive/Documents/John College/BOIL research/full_dcs_system_6_23_23.xpr/full_dcs_system/full_dcs_system.srcs/utils_1/imports/design_1_axi_fifo_mm_s_0_1_synth_1'.
INFO: [Project 1-1877] Auto incremental dir location 'C:/Desktop/Research/full_dcs_system/full_dcs_system.srcs/utils_1/imports/design_1_axi_fifo_mm_s_0_1_synth_1' of run 'design_1_axi_fifo_mm_s_0_1_synth_1' is not writable, setting it to default location 'C:/Users/johny/OneDrive/Documents/John College/BOIL research/full_dcs_system_6_23_23.xpr/full_dcs_system/full_dcs_system.srcs/utils_1/imports/design_1_axi_fifo_mm_s_0_1_synth_1'.
WARNING: [Project 1-865] Could not find the file C:/Desktop/Research/full_dcs_system/impl_1/design_1_wrapper_routed.dcp
INFO: [Project 1-1877] Auto incremental dir location 'C:/Desktop/Research/full_dcs_system/full_dcs_system.srcs/utils_1/imports/design_1_uart_aggregator_0_0_synth_1' of run 'design_1_uart_aggregator_0_0_synth_1' is not writable, setting it to default location 'C:/Users/johny/OneDrive/Documents/John College/BOIL research/full_dcs_system_6_23_23.xpr/full_dcs_system/full_dcs_system.srcs/utils_1/imports/design_1_uart_aggregator_0_0_synth_1'.
INFO: [Project 1-1877] Auto incremental dir location 'C:/Desktop/Research/full_dcs_system/full_dcs_system.srcs/utils_1/imports/design_1_uart_aggregator_0_0_synth_1' of run 'design_1_uart_aggregator_0_0_synth_1' is not writable, setting it to default location 'C:/Users/johny/OneDrive/Documents/John College/BOIL research/full_dcs_system_6_23_23.xpr/full_dcs_system/full_dcs_system.srcs/utils_1/imports/design_1_uart_aggregator_0_0_synth_1'.
WARNING: [Project 1-865] Could not find the file C:/Desktop/Research/full_dcs_system/impl_1/design_1_wrapper_routed.dcp
INFO: [Project 1-1877] Auto incremental dir location 'C:/Desktop/Research/full_dcs_system/full_dcs_system.srcs/utils_1/imports/design_1_rst_clk_wiz_100M_0_synth_1' of run 'design_1_rst_clk_wiz_100M_0_synth_1' is not writable, setting it to default location 'C:/Users/johny/OneDrive/Documents/John College/BOIL research/full_dcs_system_6_23_23.xpr/full_dcs_system/full_dcs_system.srcs/utils_1/imports/design_1_rst_clk_wiz_100M_0_synth_1'.
INFO: [Project 1-1877] Auto incremental dir location 'C:/Desktop/Research/full_dcs_system/full_dcs_system.srcs/utils_1/imports/design_1_rst_clk_wiz_100M_0_synth_1' of run 'design_1_rst_clk_wiz_100M_0_synth_1' is not writable, setting it to default location 'C:/Users/johny/OneDrive/Documents/John College/BOIL research/full_dcs_system_6_23_23.xpr/full_dcs_system/full_dcs_system.srcs/utils_1/imports/design_1_rst_clk_wiz_100M_0_synth_1'.
WARNING: [Project 1-865] Could not find the file C:/Desktop/Research/full_dcs_system/impl_1/design_1_wrapper_routed.dcp
INFO: [Project 1-1877] Auto incremental dir location 'C:/Desktop/Research/full_dcs_system/full_dcs_system.srcs/utils_1/imports/design_1_countCorrelateWrapper_0_0_synth_1' of run 'design_1_countCorrelateWrapper_0_0_synth_1' is not writable, setting it to default location 'C:/Users/johny/OneDrive/Documents/John College/BOIL research/full_dcs_system_6_23_23.xpr/full_dcs_system/full_dcs_system.srcs/utils_1/imports/design_1_countCorrelateWrapper_0_0_synth_1'.
INFO: [Project 1-1877] Auto incremental dir location 'C:/Desktop/Research/full_dcs_system/full_dcs_system.srcs/utils_1/imports/design_1_countCorrelateWrapper_0_0_synth_1' of run 'design_1_countCorrelateWrapper_0_0_synth_1' is not writable, setting it to default location 'C:/Users/johny/OneDrive/Documents/John College/BOIL research/full_dcs_system_6_23_23.xpr/full_dcs_system/full_dcs_system.srcs/utils_1/imports/design_1_countCorrelateWrapper_0_0_synth_1'.
WARNING: [Project 1-865] Could not find the file C:/Desktop/Research/full_dcs_system/impl_1/design_1_wrapper_routed.dcp
INFO: [Project 1-1877] Auto incremental dir location 'C:/Desktop/Research/full_dcs_system/full_dcs_system.srcs/utils_1/imports/design_1_system_ila_0_0_synth_1' of run 'design_1_system_ila_0_0_synth_1' is not writable, setting it to default location 'C:/Users/johny/OneDrive/Documents/John College/BOIL research/full_dcs_system_6_23_23.xpr/full_dcs_system/full_dcs_system.srcs/utils_1/imports/design_1_system_ila_0_0_synth_1'.
INFO: [Project 1-1877] Auto incremental dir location 'C:/Desktop/Research/full_dcs_system/full_dcs_system.srcs/utils_1/imports/design_1_system_ila_0_0_synth_1' of run 'design_1_system_ila_0_0_synth_1' is not writable, setting it to default location 'C:/Users/johny/OneDrive/Documents/John College/BOIL research/full_dcs_system_6_23_23.xpr/full_dcs_system/full_dcs_system.srcs/utils_1/imports/design_1_system_ila_0_0_synth_1'.
WARNING: [Project 1-865] Could not find the file C:/Desktop/Research/full_dcs_system/impl_1/design_1_wrapper_routed.dcp
INFO: [Project 1-1877] Auto incremental dir location 'C:/Desktop/full_dcs_system/full_dcs_system.srcs/utils_1/imports/impl_1' of run 'impl_1' is not writable, setting it to default location 'C:/Users/johny/OneDrive/Documents/John College/BOIL research/full_dcs_system_6_23_23.xpr/full_dcs_system/full_dcs_system.srcs/utils_1/imports/impl_1'.
WARNING: [Project 1-865] Could not find the file C:/Desktop/Research/full_dcs_system/impl_1/design_1_wrapper_routed.dcp
INFO: [Project 1-1877] Auto incremental dir location 'C:/Desktop/Research/full_dcs_system/full_dcs_system.srcs/utils_1/imports/design_1_clk_wiz_0_0_impl_1' of run 'design_1_clk_wiz_0_0_impl_1' is not writable, setting it to default location 'C:/Users/johny/OneDrive/Documents/John College/BOIL research/full_dcs_system_6_23_23.xpr/full_dcs_system/full_dcs_system.srcs/utils_1/imports/design_1_clk_wiz_0_0_impl_1'.
INFO: [Project 1-1877] Auto incremental dir location 'C:/Desktop/Research/full_dcs_system/full_dcs_system.srcs/utils_1/imports/design_1_clk_wiz_0_0_impl_1' of run 'design_1_clk_wiz_0_0_impl_1' is not writable, setting it to default location 'C:/Users/johny/OneDrive/Documents/John College/BOIL research/full_dcs_system_6_23_23.xpr/full_dcs_system/full_dcs_system.srcs/utils_1/imports/design_1_clk_wiz_0_0_impl_1'.
INFO: [Project 1-1877] Auto incremental dir location 'C:/Desktop/Research/full_dcs_system/full_dcs_system.srcs/utils_1/imports/design_1_DCS_Analyzer_0_0_impl_1' of run 'design_1_DCS_Analyzer_0_0_impl_1' is not writable, setting it to default location 'C:/Users/johny/OneDrive/Documents/John College/BOIL research/full_dcs_system_6_23_23.xpr/full_dcs_system/full_dcs_system.srcs/utils_1/imports/design_1_DCS_Analyzer_0_0_impl_1'.
INFO: [Project 1-1877] Auto incremental dir location 'C:/Desktop/Research/full_dcs_system/full_dcs_system.srcs/utils_1/imports/design_1_DCS_Analyzer_0_0_impl_1' of run 'design_1_DCS_Analyzer_0_0_impl_1' is not writable, setting it to default location 'C:/Users/johny/OneDrive/Documents/John College/BOIL research/full_dcs_system_6_23_23.xpr/full_dcs_system/full_dcs_system.srcs/utils_1/imports/design_1_DCS_Analyzer_0_0_impl_1'.
INFO: [Project 1-1877] Auto incremental dir location 'C:/Desktop/Research/full_dcs_system/full_dcs_system.srcs/utils_1/imports/design_1_microblaze_0_axi_intc_1_impl_1' of run 'design_1_microblaze_0_axi_intc_1_impl_1' is not writable, setting it to default location 'C:/Users/johny/OneDrive/Documents/John College/BOIL research/full_dcs_system_6_23_23.xpr/full_dcs_system/full_dcs_system.srcs/utils_1/imports/design_1_microblaze_0_axi_intc_1_impl_1'.
INFO: [Project 1-1877] Auto incremental dir location 'C:/Desktop/Research/full_dcs_system/full_dcs_system.srcs/utils_1/imports/design_1_microblaze_0_axi_intc_1_impl_1' of run 'design_1_microblaze_0_axi_intc_1_impl_1' is not writable, setting it to default location 'C:/Users/johny/OneDrive/Documents/John College/BOIL research/full_dcs_system_6_23_23.xpr/full_dcs_system/full_dcs_system.srcs/utils_1/imports/design_1_microblaze_0_axi_intc_1_impl_1'.
INFO: [Project 1-1877] Auto incremental dir location 'C:/Desktop/Research/full_dcs_system/full_dcs_system.srcs/utils_1/imports/correlator_mt_impl_1' of run 'correlator_mt_impl_1' is not writable, setting it to default location 'C:/Users/johny/OneDrive/Documents/John College/BOIL research/full_dcs_system_6_23_23.xpr/full_dcs_system/full_dcs_system.srcs/utils_1/imports/correlator_mt_impl_1'.
INFO: [Project 1-1877] Auto incremental dir location 'C:/Desktop/Research/full_dcs_system/full_dcs_system.srcs/utils_1/imports/correlator_mt_impl_1' of run 'correlator_mt_impl_1' is not writable, setting it to default location 'C:/Users/johny/OneDrive/Documents/John College/BOIL research/full_dcs_system_6_23_23.xpr/full_dcs_system/full_dcs_system.srcs/utils_1/imports/correlator_mt_impl_1'.
INFO: [Project 1-1877] Auto incremental dir location 'C:/Desktop/Research/full_dcs_system/full_dcs_system.srcs/utils_1/imports/design_1_xbar_0_impl_1' of run 'design_1_xbar_0_impl_1' is not writable, setting it to default location 'C:/Users/johny/OneDrive/Documents/John College/BOIL research/full_dcs_system_6_23_23.xpr/full_dcs_system/full_dcs_system.srcs/utils_1/imports/design_1_xbar_0_impl_1'.
INFO: [Project 1-1877] Auto incremental dir location 'C:/Desktop/Research/full_dcs_system/full_dcs_system.srcs/utils_1/imports/design_1_xbar_0_impl_1' of run 'design_1_xbar_0_impl_1' is not writable, setting it to default location 'C:/Users/johny/OneDrive/Documents/John College/BOIL research/full_dcs_system_6_23_23.xpr/full_dcs_system/full_dcs_system.srcs/utils_1/imports/design_1_xbar_0_impl_1'.
INFO: [Project 1-1877] Auto incremental dir location 'C:/Desktop/Research/full_dcs_system/full_dcs_system.srcs/utils_1/imports/design_1_intensityRebin_0_0_impl_1' of run 'design_1_intensityRebin_0_0_impl_1' is not writable, setting it to default location 'C:/Users/johny/OneDrive/Documents/John College/BOIL research/full_dcs_system_6_23_23.xpr/full_dcs_system/full_dcs_system.srcs/utils_1/imports/design_1_intensityRebin_0_0_impl_1'.
INFO: [Project 1-1877] Auto incremental dir location 'C:/Desktop/Research/full_dcs_system/full_dcs_system.srcs/utils_1/imports/design_1_intensityRebin_0_0_impl_1' of run 'design_1_intensityRebin_0_0_impl_1' is not writable, setting it to default location 'C:/Users/johny/OneDrive/Documents/John College/BOIL research/full_dcs_system_6_23_23.xpr/full_dcs_system/full_dcs_system.srcs/utils_1/imports/design_1_intensityRebin_0_0_impl_1'.
INFO: [Project 1-1877] Auto incremental dir location 'C:/Desktop/Research/full_dcs_system/full_dcs_system.srcs/utils_1/imports/uart_fifo_impl_1' of run 'uart_fifo_impl_1' is not writable, setting it to default location 'C:/Users/johny/OneDrive/Documents/John College/BOIL research/full_dcs_system_6_23_23.xpr/full_dcs_system/full_dcs_system.srcs/utils_1/imports/uart_fifo_impl_1'.
INFO: [Project 1-1877] Auto incremental dir location 'C:/Desktop/Research/full_dcs_system/full_dcs_system.srcs/utils_1/imports/uart_fifo_impl_1' of run 'uart_fifo_impl_1' is not writable, setting it to default location 'C:/Users/johny/OneDrive/Documents/John College/BOIL research/full_dcs_system_6_23_23.xpr/full_dcs_system/full_dcs_system.srcs/utils_1/imports/uart_fifo_impl_1'.
INFO: [Project 1-1877] Auto incremental dir location 'C:/Desktop/Research/full_dcs_system/full_dcs_system.srcs/utils_1/imports/correlatorFIFO_impl_1' of run 'correlatorFIFO_impl_1' is not writable, setting it to default location 'C:/Users/johny/OneDrive/Documents/John College/BOIL research/full_dcs_system_6_23_23.xpr/full_dcs_system/full_dcs_system.srcs/utils_1/imports/correlatorFIFO_impl_1'.
INFO: [Project 1-1877] Auto incremental dir location 'C:/Desktop/Research/full_dcs_system/full_dcs_system.srcs/utils_1/imports/correlatorFIFO_impl_1' of run 'correlatorFIFO_impl_1' is not writable, setting it to default location 'C:/Users/johny/OneDrive/Documents/John College/BOIL research/full_dcs_system_6_23_23.xpr/full_dcs_system/full_dcs_system.srcs/utils_1/imports/correlatorFIFO_impl_1'.
INFO: [Project 1-1877] Auto incremental dir location 'C:/Desktop/Research/full_dcs_system/full_dcs_system.srcs/utils_1/imports/design_1_axi_fifo_mm_s_0_1_impl_1' of run 'design_1_axi_fifo_mm_s_0_1_impl_1' is not writable, setting it to default location 'C:/Users/johny/OneDrive/Documents/John College/BOIL research/full_dcs_system_6_23_23.xpr/full_dcs_system/full_dcs_system.srcs/utils_1/imports/design_1_axi_fifo_mm_s_0_1_impl_1'.
INFO: [Project 1-1877] Auto incremental dir location 'C:/Desktop/Research/full_dcs_system/full_dcs_system.srcs/utils_1/imports/design_1_axi_fifo_mm_s_0_1_impl_1' of run 'design_1_axi_fifo_mm_s_0_1_impl_1' is not writable, setting it to default location 'C:/Users/johny/OneDrive/Documents/John College/BOIL research/full_dcs_system_6_23_23.xpr/full_dcs_system/full_dcs_system.srcs/utils_1/imports/design_1_axi_fifo_mm_s_0_1_impl_1'.
INFO: [Project 1-1877] Auto incremental dir location 'C:/Desktop/Research/full_dcs_system/full_dcs_system.srcs/utils_1/imports/design_1_uart_aggregator_0_0_impl_1' of run 'design_1_uart_aggregator_0_0_impl_1' is not writable, setting it to default location 'C:/Users/johny/OneDrive/Documents/John College/BOIL research/full_dcs_system_6_23_23.xpr/full_dcs_system/full_dcs_system.srcs/utils_1/imports/design_1_uart_aggregator_0_0_impl_1'.
INFO: [Project 1-1877] Auto incremental dir location 'C:/Desktop/Research/full_dcs_system/full_dcs_system.srcs/utils_1/imports/design_1_uart_aggregator_0_0_impl_1' of run 'design_1_uart_aggregator_0_0_impl_1' is not writable, setting it to default location 'C:/Users/johny/OneDrive/Documents/John College/BOIL research/full_dcs_system_6_23_23.xpr/full_dcs_system/full_dcs_system.srcs/utils_1/imports/design_1_uart_aggregator_0_0_impl_1'.
INFO: [Project 1-1877] Auto incremental dir location 'C:/Desktop/Research/full_dcs_system/full_dcs_system.srcs/utils_1/imports/design_1_rst_clk_wiz_100M_0_impl_1' of run 'design_1_rst_clk_wiz_100M_0_impl_1' is not writable, setting it to default location 'C:/Users/johny/OneDrive/Documents/John College/BOIL research/full_dcs_system_6_23_23.xpr/full_dcs_system/full_dcs_system.srcs/utils_1/imports/design_1_rst_clk_wiz_100M_0_impl_1'.
INFO: [Project 1-1877] Auto incremental dir location 'C:/Desktop/Research/full_dcs_system/full_dcs_system.srcs/utils_1/imports/design_1_rst_clk_wiz_100M_0_impl_1' of run 'design_1_rst_clk_wiz_100M_0_impl_1' is not writable, setting it to default location 'C:/Users/johny/OneDrive/Documents/John College/BOIL research/full_dcs_system_6_23_23.xpr/full_dcs_system/full_dcs_system.srcs/utils_1/imports/design_1_rst_clk_wiz_100M_0_impl_1'.
INFO: [Project 1-1877] Auto incremental dir location 'C:/Desktop/Research/full_dcs_system/full_dcs_system.srcs/utils_1/imports/design_1_countCorrelateWrapper_0_0_impl_1' of run 'design_1_countCorrelateWrapper_0_0_impl_1' is not writable, setting it to default location 'C:/Users/johny/OneDrive/Documents/John College/BOIL research/full_dcs_system_6_23_23.xpr/full_dcs_system/full_dcs_system.srcs/utils_1/imports/design_1_countCorrelateWrapper_0_0_impl_1'.
INFO: [Project 1-1877] Auto incremental dir location 'C:/Desktop/Research/full_dcs_system/full_dcs_system.srcs/utils_1/imports/design_1_countCorrelateWrapper_0_0_impl_1' of run 'design_1_countCorrelateWrapper_0_0_impl_1' is not writable, setting it to default location 'C:/Users/johny/OneDrive/Documents/John College/BOIL research/full_dcs_system_6_23_23.xpr/full_dcs_system/full_dcs_system.srcs/utils_1/imports/design_1_countCorrelateWrapper_0_0_impl_1'.
INFO: [Project 1-1877] Auto incremental dir location 'C:/Desktop/Research/full_dcs_system/full_dcs_system.srcs/utils_1/imports/design_1_system_ila_0_0_impl_1' of run 'design_1_system_ila_0_0_impl_1' is not writable, setting it to default location 'C:/Users/johny/OneDrive/Documents/John College/BOIL research/full_dcs_system_6_23_23.xpr/full_dcs_system/full_dcs_system.srcs/utils_1/imports/design_1_system_ila_0_0_impl_1'.
INFO: [Project 1-1877] Auto incremental dir location 'C:/Desktop/Research/full_dcs_system/full_dcs_system.srcs/utils_1/imports/design_1_system_ila_0_0_impl_1' of run 'design_1_system_ila_0_0_impl_1' is not writable, setting it to default location 'C:/Users/johny/OneDrive/Documents/John College/BOIL research/full_dcs_system_6_23_23.xpr/full_dcs_system/full_dcs_system.srcs/utils_1/imports/design_1_system_ila_0_0_impl_1'.
INFO: [IP_Flow 19-234] Refreshing IP repositories
INFO: [IP_Flow 19-1700] Loaded user IP repository 'c:/Users/johny/OneDrive/Documents/John College/BOIL research/full_dcs_system_6_23_23.xpr/full_dcs_system/full_dcs_system.ipdefs/dcs_analyzer_axil'.
INFO: [IP_Flow 19-1700] Loaded user IP repository 'c:/Users/johny/OneDrive/Documents/John College/BOIL research/full_dcs_system_6_23_23.xpr/full_dcs_system/full_dcs_system.ipdefs/correlator_ip'.
INFO: [IP_Flow 19-2313] Loaded Vivado IP repository 'C:/Xilinx/Vivado/2023.1/data/ip'.
WARNING: [IP_Flow 19-2162] IP 'single_divide_fast' is locked:
* Project containing IP 'single_divide_fast' is read-only. * IP definition 'Floating-point (7.1)' for IP 'single_divide_fast' (customized with software release 2022.1) has a different revision in the IP Catalog.
WARNING: [IP_Flow 19-2162] IP 'single_multiply' is locked:
* Project containing IP 'single_multiply' is read-only. * IP definition 'Floating-point (7.1)' for IP 'single_multiply' (customized with software release 2022.1) has a different revision in the IP Catalog.
WARNING: [IP_Flow 19-2162] IP 'uint32_to_single' is locked:
* Project containing IP 'uint32_to_single' is read-only. * IP definition 'Floating-point (7.1)' for IP 'uint32_to_single' (customized with software release 2022.1) has a different revision in the IP Catalog.
WARNING: [BD 41-1663] The design 'design_1.bd' cannot be modified due to following reason(s):
* Project is read-only. Please run 'save_project_as' before making any change to the bd-design. 

WARNING: [BD 41-1661] One or more IPs have been locked in the design 'design_1.bd'. Please run report_ip_status for more details and recommendations on how to fix this issue.
List of locked IPs:
design_1_microblaze_0_1
design_1_microblaze_0_axi_periph_1
design_1_microblaze_0_axi_intc_1
design_1_dlmb_v10_1
design_1_dlmb_bram_if_cntlr_1
design_1_ilmb_v10_1
design_1_ilmb_bram_if_cntlr_1
design_1_xbar_0
design_1_microblaze_0_xlconcat_1
design_1_lmb_bram_1
design_1_auto_pc_0
design_1_mdm_1_1
design_1_rst_clk_wiz_100M_0
design_1_axi_bram_ctrl_0_0
design_1_axi_bram_ctrl_0_bram_0
design_1_DCS_Analyzer_0_0
design_1_clk_wiz_0_0
design_1_axi_fifo_mm_s_0_1
design_1_system_ila_0_0

WARNING: [IP_Flow 19-2162] IP 'correlator_mt' is locked:
* Project containing IP 'correlator_mt' is read-only. * IP 'correlator_mt' contains one or more locked subcores.
WARNING: [Project 1-229] Project 'full_dcs_system.xpr' is read-only and therefore could not be upgraded for this version of Vivado.  Use 'File | Save Project As...' if you wish to save an upgraded copy.
open_project: Time (s): cpu = 00:00:13 ; elapsed = 00:00:08 . Memory (MB): peak = 1462.164 ; gain = 224.000
update_compile_order -fileset sources_1
WARNING: [Vivado 12-4173] The following IPs are not generated and locked, no out-of-context (OOC) run will be created. Please select 'Report IP Status' from 'Tools/Report' or run Tcl command 'report_ip_status' for more information.
C:/Users/johny/OneDrive/Documents/John College/BOIL research/full_dcs_system_6_23_23.xpr/full_dcs_system/full_dcs_system.srcs/sources_1/bd/design_1/design_1.bd

synth_design -rtl -rtl_skip_mlo -name rtl_1
Command: synth_design -rtl -rtl_skip_mlo -name rtl_1
0 Infos, 0 Warnings, 0 Critical Warnings and 1 Errors encountered.
synth_design failed
ERROR: [Common 17-1293] The path 'C:/Users/johny/OneDrive/Documents/John College/BOIL research/full_dcs_system_6_23_23.xpr/full_dcs_system/.Xil/Vivado-30368-JohnWorkstat/wt' already exists, is a directory, but is not writable.
WARNING: [Vivado 12-4173] The following IPs are not generated and locked, no out-of-context (OOC) run will be created. Please select 'Report IP Status' from 'Tools/Report' or run Tcl command 'report_ip_status' for more information.
C:/Users/johny/OneDrive/Documents/John College/BOIL research/full_dcs_system_6_23_23.xpr/full_dcs_system/full_dcs_system.srcs/sources_1/bd/design_1/design_1.bd

synth_design -rtl -rtl_skip_mlo -name rtl_1
Command: synth_design -rtl -rtl_skip_mlo -name rtl_1
0 Infos, 0 Warnings, 0 Critical Warnings and 1 Errors encountered.
synth_design failed
ERROR: [Common 17-1293] The path 'C:/Users/johny/OneDrive/Documents/John College/BOIL research/full_dcs_system_6_23_23.xpr/full_dcs_system/.Xil/Vivado-30368-JohnWorkstat/wt' already exists, is a directory, but is not writable.
WARNING: [Vivado 12-4173] The following IPs are not generated and locked, no out-of-context (OOC) run will be created. Please select 'Report IP Status' from 'Tools/Report' or run Tcl command 'report_ip_status' for more information.
C:/Users/johny/OneDrive/Documents/John College/BOIL research/full_dcs_system_6_23_23.xpr/full_dcs_system/full_dcs_system.srcs/sources_1/bd/design_1/design_1.bd

synth_design -rtl -rtl_skip_mlo -name rtl_1
Command: synth_design -rtl -rtl_skip_mlo -name rtl_1
0 Infos, 0 Warnings, 0 Critical Warnings and 1 Errors encountered.
synth_design failed
ERROR: [Common 17-1293] The path 'C:/Users/johny/OneDrive/Documents/John College/BOIL research/full_dcs_system_6_23_23.xpr/full_dcs_system/.Xil/Vivado-30368-JohnWorkstat/wt' already exists, is a directory, but is not writable.
exit
INFO: [Common 17-206] Exiting Vivado at Tue Dec 23 11:55:36 2025...
