Copyright 1986-2022 Xilinx, Inc. All Rights Reserved. Copyright 2022-2023 Advanced Micro Devices, Inc. All Rights Reserved.
---------------------------------------------------------------------------------------------------------------------------------------------
| Tool Version : Vivado v.2023.1 (win64) Build 3865809 Sun May  7 15:05:29 MDT 2023
| Date         : Fri Mar  6 15:12:06 2026
| Host         : JohnWorkstat running 64-bit major release  (build 9200)
| Command      : report_incremental_reuse -file design_1_wrapper_incremental_reuse_pre_placed.rpt
| Design       : design_1_wrapper
| Device       : xc7a75t
| Design State : Unknown
---------------------------------------------------------------------------------------------------------------------------------------------

Incremental Implementation Information

Table of Contents
-----------------
1. Incremental Flow Summary
2. Reuse Summary
3. Reference Checkpoint Information
4. Comparison with Reference Run
5. Optimization Comparison With Reference Run
5.1 iphys_opt_replay Optimizations
5.2 QoR Suggestion Optimizations
6. Command Comparison with Reference Run
6.1 Reference:
6.2 Incremental:
7. Non Reuse Information

1. Incremental Flow Summary
---------------------------

+-----------------------+------------------+
|    Flow Information   |       Value      |
+-----------------------+------------------+
| Synthesis Flow        |          Default |
| Auto Incremental      |              Yes |
| Incremental Directive | RuntimeOptimized |
| Target WNS            |              0.0 |
| QoR Suggestions       |                0 |
+-----------------------+------------------+


2. Reuse Summary
----------------

+-------+----------------------+----------------------------+--------------------+--------+
|  Type | Matched % (of Total) | Current Reuse % (of Total) | Fixed % (of Total) |  Total |
+-------+----------------------+----------------------------+--------------------+--------+
| Cells |                97.65 |                      97.54 |               0.01 |  45567 |
| Nets  |                97.65 |                      92.45 |               0.00 |  34858 |
| Pins  |                    - |                      93.32 |                  - | 163760 |
| Ports |                66.66 |                     100.00 |              66.66 |      6 |
+-------+----------------------+----------------------------+--------------------+--------+


3. Reference Checkpoint Information
-----------------------------------

+----------------+-------------------------------------------------------------------------------------------------------------------------------------------------+
| DCP Location:  | C:/Users/johny/BOILresearch/full_dcs_system_6_23_23.xpr/full_dcs_system/full_dcs_system.srcs/utils_1/imports/impl_1/design_1_wrapper_routed.dcp |
+----------------+-------------------------------------------------------------------------------------------------------------------------------------------------+


+--------------------------------+----------------------------+
|         DCP Information        |            Value           |
+--------------------------------+----------------------------+
| Vivado Version                 |                     2022.1 |
| DCP State                      |                 POST_ROUTE |
| Recorded WNS                   |                      0.096 |
| Recorded WHS                   |                      0.018 |
| Reference Speed File Version   | PRODUCTION 1.23 2018-06-13 |
| Incremental Speed File Version | PRODUCTION 1.23 2018-06-13 |
+--------------------------------+----------------------------+
* Recorded WNS/WHS timing numbers are estimated timing numbers. They may vary slightly from sign-off timing numbers.


4. Comparison with Reference Run
--------------------------------

+-----------------+---------------------------+---------------------------+---------------------------+
|                 |          WNS(ns)          |  Runtime(elapsed)(hh:mm)  |    Runtime(cpu)(hh:mm)    |
+-----------------+-------------+-------------+-------------+-------------+-------------+-------------+
|      Stage      |  Reference  | Incremental |  Reference  | Incremental |  Reference  | Incremental |
+-----------------+-------------+-------------+-------------+-------------+-------------+-------------+
| synth_design    |             |             |       00:01 |     < 1 min |       00:01 |     < 1 min |
| opt_design      |             |             |       00:01 |     < 1 min |       00:01 |     < 1 min |
| read_checkpoint |             |             |             |     < 1 min |             |     < 1 min |
| place_design    |       0.486 |             |       00:02 |             |       00:04 |             |
| phys_opt_design |       0.486 |             |     < 1 min |             |     < 1 min |             |
| route_design    |       0.096 |             |       00:03 |             |       00:05 |             |
+-----------------+-------------+-------------+-------------+-------------+-------------+-------------+


5. Optimization Comparison With Reference Run
---------------------------------------------

5.1 iphys_opt_replay Optimizations
----------------------------------

+-------------------------+--------+------------+
| iphys_opt_design replay | Reused | Not Reused |
+-------------------------+--------+------------+


5.2 QoR Suggestion Optimizations
--------------------------------

+-----------------+-------+
| QoR Suggestions | Value |
+-----------------+-------+


6. Command Comparison with Reference Run
----------------------------------------

6.1 Reference:
--------------
synth_design-verilog_define default::[not_specified] -top  design_1_wrapper -part  xc7a100tcsg324-1 
opt_design
read_checkpoint -incremental -auto_incremental C:/Users/Christopher/Desktop/Research/full_dcs_system/impl_1/design_1_wrapper_routed.dcp
place_design
phys_opt_design
route_design

6.2 Incremental:
----------------
synth_design-verilog_define default::[not_specified] -top  design_1_wrapper -part  xc7a75tfgg484-3 
opt_design
read_checkpoint -directive RuntimeOptimized  -incremental -auto_incremental C:/Users/johny/BOILresearch/full_dcs_system_6_23_23.xpr/full_dcs_system/full_dcs_system.srcs/utils_1/imports/impl_1/design_1_wrapper_routed.dcp

7. Non Reuse Information
------------------------

+------------------------------------------------------+------+
|                         Type                         |   %  |
+------------------------------------------------------+------+
| Non-Reused Cells                                     | 2.45 |
|   New                                                | 1.92 |
|   Discarded illegal placement due to netlist changes | 0.52 |
|   Discarded to improve timing                        | 0.01 |
| Partially reused nets                                | 3.25 |
| Non-Reused nets                                      | 4.28 |
| Non-Reused Ports                                     | 0.00 |
+------------------------------------------------------+------+


