Copyright 1986-2022 Xilinx, Inc. All Rights Reserved. Copyright 2022-2023 Advanced Micro Devices, Inc. All Rights Reserved.
----------------------------------------------------------------------------------------------------------------------------------------------------------------------
| Tool Version     : Vivado v.2023.1 (win64) Build 3865809 Sun May  7 15:05:29 MDT 2023
| Date             : Sat Mar 21 22:38:11 2026
| Host             : JohnWorkstat running 64-bit major release  (build 9200)
| Command          : report_power -file design_1_wrapper_power_routed.rpt -pb design_1_wrapper_power_summary_routed.pb -rpx design_1_wrapper_power_routed.rpx
| Design           : design_1_wrapper
| Device           : xc7a75tfgg484-1
| Design State     : routed
| Grade            : commercial
| Process          : typical
| Characterization : Production
----------------------------------------------------------------------------------------------------------------------------------------------------------------------

Power Report

Table of Contents
-----------------
1. Summary
1.1 On-Chip Components
1.2 Power Supply Summary
1.3 Confidence Level
2. Settings
2.1 Environment
2.2 Clock Constraints
3. Detailed Reports
3.1 By Hierarchy

1. Summary
----------

+--------------------------+--------------+
| Total On-Chip Power (W)  | 0.570        |
| Design Power Budget (W)  | Unspecified* |
| Power Budget Margin (W)  | NA           |
| Dynamic (W)              | 0.476        |
| Device Static (W)        | 0.094        |
| Effective TJA (C/W)      | 2.7          |
| Max Ambient (C)          | 83.5         |
| Junction Temperature (C) | 26.5         |
| Confidence Level         | Medium       |
| Setting File             | ---          |
| Simulation Activity File | ---          |
| Design Nets Matched      | NA           |
+--------------------------+--------------+
* Specify Design Power Budget using, set_operating_conditions -design_power_budget <value in Watts>


1.1 On-Chip Components
----------------------

+--------------------------+-----------+----------+-----------+-----------------+
| On-Chip                  | Power (W) | Used     | Available | Utilization (%) |
+--------------------------+-----------+----------+-----------+-----------------+
| Clocks                   |     0.083 |        9 |       --- |             --- |
| Slice Logic              |     0.081 |    50226 |       --- |             --- |
|   LUT as Logic           |     0.070 |    16494 |     47200 |           34.94 |
|   CARRY4                 |     0.005 |     1778 |     15850 |           11.22 |
|   Register               |     0.003 |    20880 |     94400 |           22.12 |
|   F7/F8 Muxes            |    <0.001 |      676 |     63400 |            1.07 |
|   LUT as Shift Register  |    <0.001 |      607 |     19000 |            3.19 |
|   LUT as Distributed RAM |    <0.001 |      132 |     19000 |            0.69 |
|   Others                 |    <0.001 |     4816 |       --- |             --- |
| Signals                  |     0.090 |    35577 |       --- |             --- |
| Block RAM                |     0.028 |     33.5 |       105 |           31.90 |
| PLL                      |     0.101 |        1 |         6 |           16.67 |
| DSPs                     |     0.091 |      107 |       180 |           59.44 |
| I/O                      |     0.003 |        6 |       285 |            2.11 |
| Static Power             |     0.094 |          |           |                 |
| Total                    |     0.570 |          |           |                 |
+--------------------------+-----------+----------+-----------+-----------------+


1.2 Power Supply Summary
------------------------

+-----------+-------------+-----------+-------------+------------+-------------+-------------+------------+
| Source    | Voltage (V) | Total (A) | Dynamic (A) | Static (A) | Powerup (A) | Budget (A)  | Margin (A) |
+-----------+-------------+-----------+-------------+------------+-------------+-------------+------------+
| Vccint    |       1.000 |     0.396 |       0.379 |      0.016 |       NA    | Unspecified | NA         |
| Vccaux    |       1.800 |     0.071 |       0.053 |      0.018 |       NA    | Unspecified | NA         |
| Vcco33    |       3.300 |     0.000 |       0.000 |      0.000 |       NA    | Unspecified | NA         |
| Vcco25    |       2.500 |     0.000 |       0.000 |      0.000 |       NA    | Unspecified | NA         |
| Vcco18    |       1.800 |     0.004 |       0.000 |      0.004 |       NA    | Unspecified | NA         |
| Vcco15    |       1.500 |     0.000 |       0.000 |      0.000 |       NA    | Unspecified | NA         |
| Vcco135   |       1.350 |     0.000 |       0.000 |      0.000 |       NA    | Unspecified | NA         |
| Vcco12    |       1.200 |     0.000 |       0.000 |      0.000 |       NA    | Unspecified | NA         |
| Vccaux_io |       1.800 |     0.000 |       0.000 |      0.000 |       NA    | Unspecified | NA         |
| Vccbram   |       1.000 |     0.003 |       0.002 |      0.001 |       NA    | Unspecified | NA         |
| MGTAVcc   |       1.000 |     0.000 |       0.000 |      0.000 |       NA    | Unspecified | NA         |
| MGTAVtt   |       1.200 |     0.000 |       0.000 |      0.000 |       NA    | Unspecified | NA         |
| Vccadc    |       1.800 |     0.020 |       0.000 |      0.020 |       NA    | Unspecified | NA         |
+-----------+-------------+-----------+-------------+------------+-------------+-------------+------------+


1.3 Confidence Level
--------------------

+-----------------------------+------------+-------------------------------------------------------+------------------------------------------------------------------------------------------------------------+
| User Input Data             | Confidence | Details                                               | Action                                                                                                     |
+-----------------------------+------------+-------------------------------------------------------+------------------------------------------------------------------------------------------------------------+
| Design implementation state | High       | Design is routed                                      |                                                                                                            |
| Clock nodes activity        | High       | User specified more than 95% of clocks                |                                                                                                            |
| I/O nodes activity          | Medium     | More than 5% of inputs are missing user specification | Provide missing input activity with simulation results or by editing the "By Resource Type -> I/Os" view   |
| Internal nodes activity     | Medium     | User specified less than 25% of internal nodes        | Provide missing internal nodes activity with simulation results or by editing the "By Resource Type" views |
| Device models               | High       | Device models are Production                          |                                                                                                            |
|                             |            |                                                       |                                                                                                            |
| Overall confidence level    | Medium     |                                                       |                                                                                                            |
+-----------------------------+------------+-------------------------------------------------------+------------------------------------------------------------------------------------------------------------+


2. Settings
-----------

2.1 Environment
---------------

+-----------------------+--------------------------+
| Ambient Temp (C)      | 25.0                     |
| ThetaJA (C/W)         | 2.7                      |
| Airflow (LFM)         | 250                      |
| Heat Sink             | medium (Medium Profile)  |
| ThetaSA (C/W)         | 4.6                      |
| Board Selection       | medium (10"x10")         |
| # of Board Layers     | 12to15 (12 to 15 Layers) |
| Board Temperature (C) | 25.0                     |
+-----------------------+--------------------------+


2.2 Clock Constraints
---------------------

+--------------------------------------------------------------------------------------------+-------------------------------------------------------------------+-----------------+
| Clock                                                                                      | Domain                                                            | Constraint (ns) |
+--------------------------------------------------------------------------------------------+-------------------------------------------------------------------+-----------------+
| clk100MHz_design_1_clk_wiz_0_0                                                             | design_1_i/clk_wiz_0/inst/clk100MHz_design_1_clk_wiz_0_0          |            10.0 |
| clk300MHz_design_1_clk_wiz_0_0                                                             | design_1_i/clk_wiz_0/inst/clk300MHz_design_1_clk_wiz_0_0          |             3.3 |
| clkfbout_design_1_clk_wiz_0_0                                                              | design_1_i/clk_wiz_0/inst/clkfbout_design_1_clk_wiz_0_0           |            10.0 |
| dbg_hub/inst/BSCANID.u_xsdbm_id/SWITCH_N_EXT_BSCAN.bscan_inst/SERIES7_BSCAN.bscan_inst/TCK | dbg_hub/inst/BSCANID.u_xsdbm_id/SWITCH_N_EXT_BSCAN.bscan_inst/TCK |            33.0 |
| design_1_i/mdm_1/U0/Use_E2.BSCAN_I/Use_E2.BSCANE2_I/DRCK                                   | design_1_i/mdm_1/U0/Use_E2.BSCAN_I/DRCK                           |            33.3 |
| design_1_i/mdm_1/U0/Use_E2.BSCAN_I/Use_E2.BSCANE2_I/UPDATE                                 | design_1_i/mdm_1/U0/Use_E2.BSCAN_I/Dbg_Update_0                   |            33.3 |
| sys_clkp                                                                                   | sys_clkp                                                          |             5.0 |
+--------------------------------------------------------------------------------------------+-------------------------------------------------------------------+-----------------+


3. Detailed Reports
-------------------

3.1 By Hierarchy
----------------

+-----------------------------+-----------+
| Name                        | Power (W) |
+-----------------------------+-----------+
| design_1_wrapper            |     0.476 |
|   dbg_hub                   |     0.003 |
|     inst                    |     0.003 |
|       BSCANID.u_xsdbm_id    |     0.003 |
|   design_1_i                |     0.473 |
|     DCS_Analyzer_0          |     0.180 |
|       U0                    |     0.180 |
|     analyzer_fifo           |     0.002 |
|       U0                    |     0.002 |
|     clk_wiz_0               |     0.105 |
|       inst                  |     0.105 |
|     correlation_bram        |     0.004 |
|       U0                    |     0.004 |
|     countCorrelateWrapper_0 |     0.118 |
|       U0                    |     0.118 |
|     microblaze_0            |     0.031 |
|       U0                    |     0.031 |
|     microblaze_0_axi_intc   |     0.001 |
|       U0                    |     0.001 |
|     microblaze_0_axi_periph |     0.001 |
|     system_ila_0            |     0.026 |
|       U0                    |     0.026 |
|     uart_aggregator_0       |     0.004 |
|       U0                    |     0.004 |
+-----------------------------+-----------+


