
*** Running vivado
    with args -log design_1_wrapper.vds -m64 -product Vivado -mode batch -messageDb vivado.pb -notrace -source design_1_wrapper.tcl


ECHO is off.
ECHO is off.

****** Vivado v2023.1 (64-bit)
  **** SW Build 3865809 on Sun May  7 15:05:29 MDT 2023
  **** IP Build 3864474 on Sun May  7 20:36:21 MDT 2023
  **** SharedData Build 3865790 on Sun May 07 13:33:03 MDT 2023
    ** Copyright 1986-2022 Xilinx, Inc. All Rights Reserved.
    ** Copyright 2022-2023 Advanced Micro Devices, Inc. All Rights Reserved.

source design_1_wrapper.tcl -notrace
INFO: [IP_Flow 19-234] Refreshing IP repositories
INFO: [IP_Flow 19-1700] Loaded user IP repository 'c:/Users/johny/BOILresearch/full_dcs_system_6_23_23.xpr/full_dcs_system/full_dcs_system.ipdefs/dcs_analyzer_axil'.
INFO: [IP_Flow 19-1700] Loaded user IP repository 'c:/Users/johny/BOILresearch/full_dcs_system_6_23_23.xpr/full_dcs_system/full_dcs_system.ipdefs/correlator_ip'.
INFO: [IP_Flow 19-2313] Loaded Vivado IP repository 'C:/Xilinx/Vivado/2023.1/data/ip'.
WARNING: [IP_Flow 19-4995] The host OS only allows 260 characters in a normal path. The IP cache path is more than 80 characters. If you experience issues with IP caching, please consider changing the IP cache to a location with a shorter path. Alternately consider using the OS subst command to map part of the path to a drive letter. 
Current IP cache path is c:/Users/johny/BOILresearch/full_dcs_system_6_23_23.xpr/full_dcs_system/full_dcs_system.cache/ip 
add_files: Time (s): cpu = 00:00:04 ; elapsed = 00:00:07 . Memory (MB): peak = 571.047 ; gain = 89.621
Command: synth_design -top design_1_wrapper -part xc7a75tfgg484-1 -incremental_mode off
Starting synth_design
Attempting to get a license for feature 'Synthesis' and/or device 'xc7a75t'
INFO: [Common 17-349] Got license for feature 'Synthesis' and/or device 'xc7a75t'
INFO: [Device 21-403] Loading part xc7a75tfgg484-1
INFO: [Synth 8-7079] Multithreading enabled for synth_design using a maximum of 2 processes.
INFO: [Synth 8-7078] Launching helper process for spawning children vivado processes
INFO: [Synth 8-7075] Helper process launched with PID 44632
---------------------------------------------------------------------------------
Starting RTL Elaboration : Time (s): cpu = 00:00:04 ; elapsed = 00:00:04 . Memory (MB): peak = 1387.969 ; gain = 407.727
---------------------------------------------------------------------------------
INFO: [Synth 8-638] synthesizing module 'design_1_wrapper' [C:/Users/johny/BOILresearch/full_dcs_system_6_23_23.xpr/full_dcs_system/full_dcs_system.srcs/sources_1/imports/design_1_wrapper.vhd:25]
INFO: [Synth 8-3491] module 'design_1' declared at 'c:/Users/johny/BOILresearch/full_dcs_system_6_23_23.xpr/full_dcs_system/full_dcs_system.gen/sources_1/bd/design_1/synth/design_1.vhd:2428' bound to instance 'design_1_i' of component 'design_1' [C:/Users/johny/BOILresearch/full_dcs_system_6_23_23.xpr/full_dcs_system/full_dcs_system.srcs/sources_1/imports/design_1_wrapper.vhd:37]
INFO: [Synth 8-638] synthesizing module 'design_1' [c:/Users/johny/BOILresearch/full_dcs_system_6_23_23.xpr/full_dcs_system/full_dcs_system.gen/sources_1/bd/design_1/synth/design_1.vhd:2443]
INFO: [Synth 8-3491] module 'design_1_DCS_Analyzer_0_0' declared at 'C:/Users/johny/BOILresearch/full_dcs_system_6_23_23.xpr/full_dcs_system/full_dcs_system.runs/synth_1/.Xil/Vivado-11580-JohnWorkstat/realtime/design_1_DCS_Analyzer_0_0_stub.vhdl:6' bound to instance 'DCS_Analyzer_0' of component 'design_1_DCS_Analyzer_0_0' [c:/Users/johny/BOILresearch/full_dcs_system_6_23_23.xpr/full_dcs_system/full_dcs_system.gen/sources_1/bd/design_1/synth/design_1.vhd:3057]
INFO: [Synth 8-638] synthesizing module 'design_1_DCS_Analyzer_0_0' [C:/Users/johny/BOILresearch/full_dcs_system_6_23_23.xpr/full_dcs_system/full_dcs_system.runs/synth_1/.Xil/Vivado-11580-JohnWorkstat/realtime/design_1_DCS_Analyzer_0_0_stub.vhdl:34]
INFO: [Synth 8-3491] module 'design_1_axi_fifo_mm_s_0_1' declared at 'C:/Users/johny/BOILresearch/full_dcs_system_6_23_23.xpr/full_dcs_system/full_dcs_system.runs/synth_1/.Xil/Vivado-11580-JohnWorkstat/realtime/design_1_axi_fifo_mm_s_0_1_stub.vhdl:6' bound to instance 'analyzer_fifo' of component 'design_1_axi_fifo_mm_s_0_1' [c:/Users/johny/BOILresearch/full_dcs_system_6_23_23.xpr/full_dcs_system/full_dcs_system.gen/sources_1/bd/design_1/synth/design_1.vhd:3082]
INFO: [Synth 8-638] synthesizing module 'design_1_axi_fifo_mm_s_0_1' [C:/Users/johny/BOILresearch/full_dcs_system_6_23_23.xpr/full_dcs_system/full_dcs_system.runs/synth_1/.Xil/Vivado-11580-JohnWorkstat/realtime/design_1_axi_fifo_mm_s_0_1_stub.vhdl:37]
INFO: [Synth 8-3491] module 'design_1_clk_wiz_0_0' declared at 'C:/Users/johny/BOILresearch/full_dcs_system_6_23_23.xpr/full_dcs_system/full_dcs_system.runs/synth_1/.Xil/Vivado-11580-JohnWorkstat/realtime/design_1_clk_wiz_0_0_stub.vhdl:6' bound to instance 'clk_wiz_0' of component 'design_1_clk_wiz_0_0' [c:/Users/johny/BOILresearch/full_dcs_system_6_23_23.xpr/full_dcs_system/full_dcs_system.gen/sources_1/bd/design_1/synth/design_1.vhd:3110]
INFO: [Synth 8-638] synthesizing module 'design_1_clk_wiz_0_0' [C:/Users/johny/BOILresearch/full_dcs_system_6_23_23.xpr/full_dcs_system/full_dcs_system.runs/synth_1/.Xil/Vivado-11580-JohnWorkstat/realtime/design_1_clk_wiz_0_0_stub.vhdl:17]
INFO: [Synth 8-3491] module 'design_1_axi_bram_ctrl_0_bram_0' declared at 'C:/Users/johny/BOILresearch/full_dcs_system_6_23_23.xpr/full_dcs_system/full_dcs_system.runs/synth_1/.Xil/Vivado-11580-JohnWorkstat/realtime/design_1_axi_bram_ctrl_0_bram_0_stub.vhdl:6' bound to instance 'correlation_bram' of component 'design_1_axi_bram_ctrl_0_bram_0' [c:/Users/johny/BOILresearch/full_dcs_system_6_23_23.xpr/full_dcs_system/full_dcs_system.gen/sources_1/bd/design_1/synth/design_1.vhd:3118]
INFO: [Synth 8-638] synthesizing module 'design_1_axi_bram_ctrl_0_bram_0' [C:/Users/johny/BOILresearch/full_dcs_system_6_23_23.xpr/full_dcs_system/full_dcs_system.runs/synth_1/.Xil/Vivado-11580-JohnWorkstat/realtime/design_1_axi_bram_ctrl_0_bram_0_stub.vhdl:28]
INFO: [Synth 8-3491] module 'design_1_axi_bram_ctrl_0_0' declared at 'C:/Users/johny/BOILresearch/full_dcs_system_6_23_23.xpr/full_dcs_system/full_dcs_system.runs/synth_1/.Xil/Vivado-11580-JohnWorkstat/realtime/design_1_axi_bram_ctrl_0_0_stub.vhdl:6' bound to instance 'correlator_bram_ctrl' of component 'design_1_axi_bram_ctrl_0_0' [c:/Users/johny/BOILresearch/full_dcs_system_6_23_23.xpr/full_dcs_system/full_dcs_system.gen/sources_1/bd/design_1/synth/design_1.vhd:3141]
INFO: [Synth 8-638] synthesizing module 'design_1_axi_bram_ctrl_0_0' [C:/Users/johny/BOILresearch/full_dcs_system_6_23_23.xpr/full_dcs_system/full_dcs_system.runs/synth_1/.Xil/Vivado-11580-JohnWorkstat/realtime/design_1_axi_bram_ctrl_0_0_stub.vhdl:52]
INFO: [Synth 8-3491] module 'design_1_countCorrelateWrapper_0_0' declared at 'C:/Users/johny/BOILresearch/full_dcs_system_6_23_23.xpr/full_dcs_system/full_dcs_system.runs/synth_1/.Xil/Vivado-11580-JohnWorkstat/realtime/design_1_countCorrelateWrapper_0_0_stub.vhdl:6' bound to instance 'countCorrelateWrapper_0' of component 'design_1_countCorrelateWrapper_0_0' [c:/Users/johny/BOILresearch/full_dcs_system_6_23_23.xpr/full_dcs_system/full_dcs_system.gen/sources_1/bd/design_1/synth/design_1.vhd:3184]
INFO: [Synth 8-638] synthesizing module 'design_1_countCorrelateWrapper_0_0' [C:/Users/johny/BOILresearch/full_dcs_system_6_23_23.xpr/full_dcs_system/full_dcs_system.runs/synth_1/.Xil/Vivado-11580-JohnWorkstat/realtime/design_1_countCorrelateWrapper_0_0_stub.vhdl:25]
INFO: [Synth 8-3491] module 'design_1_intensityRebin_0_0' declared at 'C:/Users/johny/BOILresearch/full_dcs_system_6_23_23.xpr/full_dcs_system/full_dcs_system.runs/synth_1/.Xil/Vivado-11580-JohnWorkstat/realtime/design_1_intensityRebin_0_0_stub.vhdl:6' bound to instance 'intensityRebin_0' of component 'design_1_intensityRebin_0_0' [c:/Users/johny/BOILresearch/full_dcs_system_6_23_23.xpr/full_dcs_system/full_dcs_system.gen/sources_1/bd/design_1/synth/design_1.vhd:3200]
INFO: [Synth 8-638] synthesizing module 'design_1_intensityRebin_0_0' [C:/Users/johny/BOILresearch/full_dcs_system_6_23_23.xpr/full_dcs_system/full_dcs_system.runs/synth_1/.Xil/Vivado-11580-JohnWorkstat/realtime/design_1_intensityRebin_0_0_stub.vhdl:18]
INFO: [Synth 8-3491] module 'design_1_microblaze_0_xlconcat_1' declared at 'c:/Users/johny/BOILresearch/full_dcs_system_6_23_23.xpr/full_dcs_system/full_dcs_system.gen/sources_1/bd/design_1/ip/design_1_microblaze_0_xlconcat_1/synth/design_1_microblaze_0_xlconcat_1.v:53' bound to instance 'interrupt_concat' of component 'design_1_microblaze_0_xlconcat_1' [c:/Users/johny/BOILresearch/full_dcs_system_6_23_23.xpr/full_dcs_system/full_dcs_system.gen/sources_1/bd/design_1/synth/design_1.vhd:3209]
INFO: [Synth 8-6157] synthesizing module 'design_1_microblaze_0_xlconcat_1' [c:/Users/johny/BOILresearch/full_dcs_system_6_23_23.xpr/full_dcs_system/full_dcs_system.gen/sources_1/bd/design_1/ip/design_1_microblaze_0_xlconcat_1/synth/design_1_microblaze_0_xlconcat_1.v:53]
INFO: [Synth 8-6157] synthesizing module 'xlconcat_v2_1_4_xlconcat' [c:/Users/johny/BOILresearch/full_dcs_system_6_23_23.xpr/full_dcs_system/full_dcs_system.gen/sources_1/bd/design_1/ipshared/4b67/hdl/xlconcat_v2_1_vl_rfs.v:14]
INFO: [Synth 8-6155] done synthesizing module 'xlconcat_v2_1_4_xlconcat' (0#1) [c:/Users/johny/BOILresearch/full_dcs_system_6_23_23.xpr/full_dcs_system/full_dcs_system.gen/sources_1/bd/design_1/ipshared/4b67/hdl/xlconcat_v2_1_vl_rfs.v:14]
INFO: [Synth 8-6155] done synthesizing module 'design_1_microblaze_0_xlconcat_1' (0#1) [c:/Users/johny/BOILresearch/full_dcs_system_6_23_23.xpr/full_dcs_system/full_dcs_system.gen/sources_1/bd/design_1/ip/design_1_microblaze_0_xlconcat_1/synth/design_1_microblaze_0_xlconcat_1.v:53]
INFO: [Synth 8-3491] module 'design_1_mdm_1_1' declared at 'C:/Users/johny/BOILresearch/full_dcs_system_6_23_23.xpr/full_dcs_system/full_dcs_system.runs/synth_1/.Xil/Vivado-11580-JohnWorkstat/realtime/design_1_mdm_1_1_stub.vhdl:6' bound to instance 'mdm_1' of component 'design_1_mdm_1_1' [c:/Users/johny/BOILresearch/full_dcs_system_6_23_23.xpr/full_dcs_system/full_dcs_system.gen/sources_1/bd/design_1/synth/design_1.vhd:3219]
INFO: [Synth 8-638] synthesizing module 'design_1_mdm_1_1' [C:/Users/johny/BOILresearch/full_dcs_system_6_23_23.xpr/full_dcs_system/full_dcs_system.runs/synth_1/.Xil/Vivado-11580-JohnWorkstat/realtime/design_1_mdm_1_1_stub.vhdl:42]
INFO: [Synth 8-3491] module 'design_1_microblaze_0_1' declared at 'C:/Users/johny/BOILresearch/full_dcs_system_6_23_23.xpr/full_dcs_system/full_dcs_system.runs/synth_1/.Xil/Vivado-11580-JohnWorkstat/realtime/design_1_microblaze_0_1_stub.vhdl:6' bound to instance 'microblaze_0' of component 'design_1_microblaze_0_1' [c:/Users/johny/BOILresearch/full_dcs_system_6_23_23.xpr/full_dcs_system/full_dcs_system.gen/sources_1/bd/design_1/synth/design_1.vhd:3252]
INFO: [Synth 8-638] synthesizing module 'design_1_microblaze_0_1' [C:/Users/johny/BOILresearch/full_dcs_system_6_23_23.xpr/full_dcs_system/full_dcs_system.runs/synth_1/.Xil/Vivado-11580-JohnWorkstat/realtime/design_1_microblaze_0_1_stub.vhdl:64]
INFO: [Synth 8-3491] module 'design_1_microblaze_0_axi_intc_1' declared at 'C:/Users/johny/BOILresearch/full_dcs_system_6_23_23.xpr/full_dcs_system/full_dcs_system.runs/synth_1/.Xil/Vivado-11580-JohnWorkstat/realtime/design_1_microblaze_0_axi_intc_1_stub.vhdl:6' bound to instance 'microblaze_0_axi_intc' of component 'design_1_microblaze_0_axi_intc_1' [c:/Users/johny/BOILresearch/full_dcs_system_6_23_23.xpr/full_dcs_system/full_dcs_system.gen/sources_1/bd/design_1/synth/design_1.vhd:3338]
INFO: [Synth 8-638] synthesizing module 'design_1_microblaze_0_axi_intc_1' [C:/Users/johny/BOILresearch/full_dcs_system_6_23_23.xpr/full_dcs_system/full_dcs_system.runs/synth_1/.Xil/Vivado-11580-JohnWorkstat/realtime/design_1_microblaze_0_axi_intc_1_stub.vhdl:37]
INFO: [Synth 8-638] synthesizing module 'design_1_microblaze_0_axi_periph_1' [c:/Users/johny/BOILresearch/full_dcs_system_6_23_23.xpr/full_dcs_system/full_dcs_system.gen/sources_1/bd/design_1/synth/design_1.vhd:1530]
INFO: [Synth 8-638] synthesizing module 'm00_couplers_imp_8RVYHO' [c:/Users/johny/BOILresearch/full_dcs_system_6_23_23.xpr/full_dcs_system/full_dcs_system.gen/sources_1/bd/design_1/synth/design_1.vhd:58]
INFO: [Synth 8-256] done synthesizing module 'm00_couplers_imp_8RVYHO' (0#1) [c:/Users/johny/BOILresearch/full_dcs_system_6_23_23.xpr/full_dcs_system/full_dcs_system.gen/sources_1/bd/design_1/synth/design_1.vhd:58]
INFO: [Synth 8-638] synthesizing module 'm01_couplers_imp_1UTB3Y5' [c:/Users/johny/BOILresearch/full_dcs_system_6_23_23.xpr/full_dcs_system/full_dcs_system.gen/sources_1/bd/design_1/synth/design_1.vhd:159]
INFO: [Synth 8-256] done synthesizing module 'm01_couplers_imp_1UTB3Y5' (0#1) [c:/Users/johny/BOILresearch/full_dcs_system_6_23_23.xpr/full_dcs_system/full_dcs_system.gen/sources_1/bd/design_1/synth/design_1.vhd:159]
INFO: [Synth 8-638] synthesizing module 'm02_couplers_imp_7ANRHB' [c:/Users/johny/BOILresearch/full_dcs_system_6_23_23.xpr/full_dcs_system/full_dcs_system.gen/sources_1/bd/design_1/synth/design_1.vhd:276]
INFO: [Synth 8-3491] module 'design_1_auto_pc_0' declared at 'C:/Users/johny/BOILresearch/full_dcs_system_6_23_23.xpr/full_dcs_system/full_dcs_system.runs/synth_1/.Xil/Vivado-11580-JohnWorkstat/realtime/design_1_auto_pc_0_stub.vhdl:6' bound to instance 'auto_pc' of component 'design_1_auto_pc_0' [c:/Users/johny/BOILresearch/full_dcs_system_6_23_23.xpr/full_dcs_system/full_dcs_system.gen/sources_1/bd/design_1/synth/design_1.vhd:446]
INFO: [Synth 8-638] synthesizing module 'design_1_auto_pc_0' [C:/Users/johny/BOILresearch/full_dcs_system_6_23_23.xpr/full_dcs_system/full_dcs_system.runs/synth_1/.Xil/Vivado-11580-JohnWorkstat/realtime/design_1_auto_pc_0_stub.vhdl:68]
INFO: [Synth 8-256] done synthesizing module 'm02_couplers_imp_7ANRHB' (0#1) [c:/Users/johny/BOILresearch/full_dcs_system_6_23_23.xpr/full_dcs_system/full_dcs_system.gen/sources_1/bd/design_1/synth/design_1.vhd:276]
INFO: [Synth 8-638] synthesizing module 'm03_couplers_imp_1W07O72' [c:/Users/johny/BOILresearch/full_dcs_system_6_23_23.xpr/full_dcs_system/full_dcs_system.gen/sources_1/bd/design_1/synth/design_1.vhd:557]
INFO: [Synth 8-256] done synthesizing module 'm03_couplers_imp_1W07O72' (0#1) [c:/Users/johny/BOILresearch/full_dcs_system_6_23_23.xpr/full_dcs_system/full_dcs_system.gen/sources_1/bd/design_1/synth/design_1.vhd:557]
INFO: [Synth 8-638] synthesizing module 'm04_couplers_imp_5LX7BU' [c:/Users/johny/BOILresearch/full_dcs_system_6_23_23.xpr/full_dcs_system/full_dcs_system.gen/sources_1/bd/design_1/synth/design_1.vhd:664]
INFO: [Synth 8-256] done synthesizing module 'm04_couplers_imp_5LX7BU' (0#1) [c:/Users/johny/BOILresearch/full_dcs_system_6_23_23.xpr/full_dcs_system/full_dcs_system.gen/sources_1/bd/design_1/synth/design_1.vhd:664]
INFO: [Synth 8-638] synthesizing module 's00_couplers_imp_1RZP34U' [c:/Users/johny/BOILresearch/full_dcs_system_6_23_23.xpr/full_dcs_system/full_dcs_system.gen/sources_1/bd/design_1/synth/design_1.vhd:1327]
INFO: [Synth 8-256] done synthesizing module 's00_couplers_imp_1RZP34U' (0#1) [c:/Users/johny/BOILresearch/full_dcs_system_6_23_23.xpr/full_dcs_system/full_dcs_system.gen/sources_1/bd/design_1/synth/design_1.vhd:1327]
INFO: [Synth 8-3491] module 'design_1_s00_mmu_0' declared at 'C:/Users/johny/BOILresearch/full_dcs_system_6_23_23.xpr/full_dcs_system/full_dcs_system.runs/synth_1/.Xil/Vivado-11580-JohnWorkstat/realtime/design_1_s00_mmu_0_stub.vhdl:6' bound to instance 's00_mmu' of component 'design_1_s00_mmu_0' [c:/Users/johny/BOILresearch/full_dcs_system_6_23_23.xpr/full_dcs_system/full_dcs_system.gen/sources_1/bd/design_1/synth/design_1.vhd:2263]
INFO: [Synth 8-638] synthesizing module 'design_1_s00_mmu_0' [C:/Users/johny/BOILresearch/full_dcs_system_6_23_23.xpr/full_dcs_system/full_dcs_system.runs/synth_1/.Xil/Vivado-11580-JohnWorkstat/realtime/design_1_s00_mmu_0_stub.vhdl:52]
INFO: [Synth 8-3491] module 'design_1_xbar_0' declared at 'C:/Users/johny/BOILresearch/full_dcs_system_6_23_23.xpr/full_dcs_system/full_dcs_system.runs/synth_1/.Xil/Vivado-11580-JohnWorkstat/realtime/design_1_xbar_0_stub.vhdl:6' bound to instance 'xbar' of component 'design_1_xbar_0' [c:/Users/johny/BOILresearch/full_dcs_system_6_23_23.xpr/full_dcs_system/full_dcs_system.gen/sources_1/bd/design_1/synth/design_1.vhd:2306]
INFO: [Synth 8-638] synthesizing module 'design_1_xbar_0' [C:/Users/johny/BOILresearch/full_dcs_system_6_23_23.xpr/full_dcs_system/full_dcs_system.runs/synth_1/.Xil/Vivado-11580-JohnWorkstat/realtime/design_1_xbar_0_stub.vhdl:52]
INFO: [Synth 8-256] done synthesizing module 'design_1_microblaze_0_axi_periph_1' (0#1) [c:/Users/johny/BOILresearch/full_dcs_system_6_23_23.xpr/full_dcs_system/full_dcs_system.gen/sources_1/bd/design_1/synth/design_1.vhd:1530]
INFO: [Synth 8-638] synthesizing module 'microblaze_0_local_memory_imp_1K0VQXK' [c:/Users/johny/BOILresearch/full_dcs_system_6_23_23.xpr/full_dcs_system/full_dcs_system.gen/sources_1/bd/design_1/synth/design_1.vhd:748]
INFO: [Synth 8-3491] module 'design_1_dlmb_bram_if_cntlr_1' declared at 'C:/Users/johny/BOILresearch/full_dcs_system_6_23_23.xpr/full_dcs_system/full_dcs_system.runs/synth_1/.Xil/Vivado-11580-JohnWorkstat/realtime/design_1_dlmb_bram_if_cntlr_1_stub.vhdl:6' bound to instance 'dlmb_bram_if_cntlr' of component 'design_1_dlmb_bram_if_cntlr_1' [c:/Users/johny/BOILresearch/full_dcs_system_6_23_23.xpr/full_dcs_system/full_dcs_system.gen/sources_1/bd/design_1/synth/design_1.vhd:962]
INFO: [Synth 8-638] synthesizing module 'design_1_dlmb_bram_if_cntlr_1' [C:/Users/johny/BOILresearch/full_dcs_system_6_23_23.xpr/full_dcs_system/full_dcs_system.runs/synth_1/.Xil/Vivado-11580-JohnWorkstat/realtime/design_1_dlmb_bram_if_cntlr_1_stub.vhdl:32]
INFO: [Synth 8-3491] module 'design_1_dlmb_v10_1' declared at 'C:/Users/johny/BOILresearch/full_dcs_system_6_23_23.xpr/full_dcs_system/full_dcs_system.runs/synth_1/.Xil/Vivado-11580-JohnWorkstat/realtime/design_1_dlmb_v10_1_stub.vhdl:6' bound to instance 'dlmb_v10' of component 'design_1_dlmb_v10_1' [c:/Users/johny/BOILresearch/full_dcs_system_6_23_23.xpr/full_dcs_system/full_dcs_system.gen/sources_1/bd/design_1/synth/design_1.vhd:1016]
INFO: [Synth 8-638] synthesizing module 'design_1_dlmb_v10_1' [C:/Users/johny/BOILresearch/full_dcs_system_6_23_23.xpr/full_dcs_system/full_dcs_system.runs/synth_1/.Xil/Vivado-11580-JohnWorkstat/realtime/design_1_dlmb_v10_1_stub.vhdl:37]
INFO: [Synth 8-3491] module 'design_1_ilmb_bram_if_cntlr_1' declared at 'C:/Users/johny/BOILresearch/full_dcs_system_6_23_23.xpr/full_dcs_system/full_dcs_system.runs/synth_1/.Xil/Vivado-11580-JohnWorkstat/realtime/design_1_ilmb_bram_if_cntlr_1_stub.vhdl:6' bound to instance 'ilmb_bram_if_cntlr' of component 'design_1_ilmb_bram_if_cntlr_1' [c:/Users/johny/BOILresearch/full_dcs_system_6_23_23.xpr/full_dcs_system/full_dcs_system.gen/sources_1/bd/design_1/synth/design_1.vhd:1044]
INFO: [Synth 8-638] synthesizing module 'design_1_ilmb_bram_if_cntlr_1' [C:/Users/johny/BOILresearch/full_dcs_system_6_23_23.xpr/full_dcs_system/full_dcs_system.runs/synth_1/.Xil/Vivado-11580-JohnWorkstat/realtime/design_1_ilmb_bram_if_cntlr_1_stub.vhdl:32]
INFO: [Synth 8-3491] module 'design_1_ilmb_v10_1' declared at 'C:/Users/johny/BOILresearch/full_dcs_system_6_23_23.xpr/full_dcs_system/full_dcs_system.runs/synth_1/.Xil/Vivado-11580-JohnWorkstat/realtime/design_1_ilmb_v10_1_stub.vhdl:6' bound to instance 'ilmb_v10' of component 'design_1_ilmb_v10_1' [c:/Users/johny/BOILresearch/full_dcs_system_6_23_23.xpr/full_dcs_system/full_dcs_system.gen/sources_1/bd/design_1/synth/design_1.vhd:1098]
INFO: [Synth 8-638] synthesizing module 'design_1_ilmb_v10_1' [C:/Users/johny/BOILresearch/full_dcs_system_6_23_23.xpr/full_dcs_system/full_dcs_system.runs/synth_1/.Xil/Vivado-11580-JohnWorkstat/realtime/design_1_ilmb_v10_1_stub.vhdl:37]
INFO: [Synth 8-3491] module 'design_1_lmb_bram_1' declared at 'C:/Users/johny/BOILresearch/full_dcs_system_6_23_23.xpr/full_dcs_system/full_dcs_system.runs/synth_1/.Xil/Vivado-11580-JohnWorkstat/realtime/design_1_lmb_bram_1_stub.vhdl:6' bound to instance 'lmb_bram' of component 'design_1_lmb_bram_1' [c:/Users/johny/BOILresearch/full_dcs_system_6_23_23.xpr/full_dcs_system/full_dcs_system.gen/sources_1/bd/design_1/synth/design_1.vhd:1126]
INFO: [Synth 8-638] synthesizing module 'design_1_lmb_bram_1' [C:/Users/johny/BOILresearch/full_dcs_system_6_23_23.xpr/full_dcs_system/full_dcs_system.runs/synth_1/.Xil/Vivado-11580-JohnWorkstat/realtime/design_1_lmb_bram_1_stub.vhdl:28]
INFO: [Synth 8-256] done synthesizing module 'microblaze_0_local_memory_imp_1K0VQXK' (0#1) [c:/Users/johny/BOILresearch/full_dcs_system_6_23_23.xpr/full_dcs_system/full_dcs_system.gen/sources_1/bd/design_1/synth/design_1.vhd:748]
INFO: [Synth 8-3491] module 'design_1_rst_clk_wiz_100M_0' declared at 'C:/Users/johny/BOILresearch/full_dcs_system_6_23_23.xpr/full_dcs_system/full_dcs_system.runs/synth_1/.Xil/Vivado-11580-JohnWorkstat/realtime/design_1_rst_clk_wiz_100M_0_stub.vhdl:6' bound to instance 'rst_clk_wiz_100M' of component 'design_1_rst_clk_wiz_100M_0' [c:/Users/johny/BOILresearch/full_dcs_system_6_23_23.xpr/full_dcs_system/full_dcs_system.gen/sources_1/bd/design_1/synth/design_1.vhd:3528]
INFO: [Synth 8-638] synthesizing module 'design_1_rst_clk_wiz_100M_0' [C:/Users/johny/BOILresearch/full_dcs_system_6_23_23.xpr/full_dcs_system/full_dcs_system.runs/synth_1/.Xil/Vivado-11580-JohnWorkstat/realtime/design_1_rst_clk_wiz_100M_0_stub.vhdl:22]
INFO: [Synth 8-3491] module 'design_1_system_ila_0_0' declared at 'C:/Users/johny/BOILresearch/full_dcs_system_6_23_23.xpr/full_dcs_system/full_dcs_system.runs/synth_1/.Xil/Vivado-11580-JohnWorkstat/realtime/design_1_system_ila_0_0_stub.vhdl:6' bound to instance 'system_ila_0' of component 'design_1_system_ila_0_0' [c:/Users/johny/BOILresearch/full_dcs_system_6_23_23.xpr/full_dcs_system/full_dcs_system.gen/sources_1/bd/design_1/synth/design_1.vhd:3541]
INFO: [Synth 8-638] synthesizing module 'design_1_system_ila_0_0' [C:/Users/johny/BOILresearch/full_dcs_system_6_23_23.xpr/full_dcs_system/full_dcs_system.runs/synth_1/.Xil/Vivado-11580-JohnWorkstat/realtime/design_1_system_ila_0_0_stub.vhdl:34]
INFO: [Synth 8-3491] module 'design_1_uart_aggregator_0_0' declared at 'C:/Users/johny/BOILresearch/full_dcs_system_6_23_23.xpr/full_dcs_system/full_dcs_system.runs/synth_1/.Xil/Vivado-11580-JohnWorkstat/realtime/design_1_uart_aggregator_0_0_stub.vhdl:6' bound to instance 'uart_aggregator_0' of component 'design_1_uart_aggregator_0_0' [c:/Users/johny/BOILresearch/full_dcs_system_6_23_23.xpr/full_dcs_system/full_dcs_system.gen/sources_1/bd/design_1/synth/design_1.vhd:3566]
INFO: [Synth 8-638] synthesizing module 'design_1_uart_aggregator_0_0' [C:/Users/johny/BOILresearch/full_dcs_system_6_23_23.xpr/full_dcs_system/full_dcs_system.runs/synth_1/.Xil/Vivado-11580-JohnWorkstat/realtime/design_1_uart_aggregator_0_0_stub.vhdl:28]
INFO: [Synth 8-256] done synthesizing module 'design_1' (0#1) [c:/Users/johny/BOILresearch/full_dcs_system_6_23_23.xpr/full_dcs_system/full_dcs_system.gen/sources_1/bd/design_1/synth/design_1.vhd:2443]
INFO: [Synth 8-256] done synthesizing module 'design_1_wrapper' (0#1) [C:/Users/johny/BOILresearch/full_dcs_system_6_23_23.xpr/full_dcs_system/full_dcs_system.srcs/sources_1/imports/design_1_wrapper.vhd:25]
INFO: [Synth 8-6071] Mark debug on the nets applies keep_hierarchy on instance 'interrupt_concat'. This will prevent further optimization [c:/Users/johny/BOILresearch/full_dcs_system_6_23_23.xpr/full_dcs_system/full_dcs_system.gen/sources_1/bd/design_1/synth/design_1.vhd:3209]
WARNING: [Synth 8-7129] Port M_ACLK in module s00_couplers_imp_1RZP34U is either unconnected or has no load
WARNING: [Synth 8-7129] Port M_ARESETN in module s00_couplers_imp_1RZP34U is either unconnected or has no load
WARNING: [Synth 8-7129] Port S_ACLK in module s00_couplers_imp_1RZP34U is either unconnected or has no load
WARNING: [Synth 8-7129] Port S_ARESETN in module s00_couplers_imp_1RZP34U is either unconnected or has no load
WARNING: [Synth 8-7129] Port M_ACLK in module m04_couplers_imp_5LX7BU is either unconnected or has no load
WARNING: [Synth 8-7129] Port M_ARESETN in module m04_couplers_imp_5LX7BU is either unconnected or has no load
WARNING: [Synth 8-7129] Port S_ACLK in module m04_couplers_imp_5LX7BU is either unconnected or has no load
WARNING: [Synth 8-7129] Port S_ARESETN in module m04_couplers_imp_5LX7BU is either unconnected or has no load
WARNING: [Synth 8-7129] Port M_ACLK in module m03_couplers_imp_1W07O72 is either unconnected or has no load
WARNING: [Synth 8-7129] Port M_ARESETN in module m03_couplers_imp_1W07O72 is either unconnected or has no load
WARNING: [Synth 8-7129] Port S_ACLK in module m03_couplers_imp_1W07O72 is either unconnected or has no load
WARNING: [Synth 8-7129] Port S_ARESETN in module m03_couplers_imp_1W07O72 is either unconnected or has no load
WARNING: [Synth 8-7129] Port M_ACLK in module m02_couplers_imp_7ANRHB is either unconnected or has no load
WARNING: [Synth 8-7129] Port M_ARESETN in module m02_couplers_imp_7ANRHB is either unconnected or has no load
WARNING: [Synth 8-7129] Port S_AXI_araddr[31] in module m02_couplers_imp_7ANRHB is either unconnected or has no load
WARNING: [Synth 8-7129] Port S_AXI_araddr[30] in module m02_couplers_imp_7ANRHB is either unconnected or has no load
WARNING: [Synth 8-7129] Port S_AXI_araddr[29] in module m02_couplers_imp_7ANRHB is either unconnected or has no load
WARNING: [Synth 8-7129] Port S_AXI_araddr[28] in module m02_couplers_imp_7ANRHB is either unconnected or has no load
WARNING: [Synth 8-7129] Port S_AXI_araddr[27] in module m02_couplers_imp_7ANRHB is either unconnected or has no load
WARNING: [Synth 8-7129] Port S_AXI_araddr[26] in module m02_couplers_imp_7ANRHB is either unconnected or has no load
WARNING: [Synth 8-7129] Port S_AXI_araddr[25] in module m02_couplers_imp_7ANRHB is either unconnected or has no load
WARNING: [Synth 8-7129] Port S_AXI_araddr[24] in module m02_couplers_imp_7ANRHB is either unconnected or has no load
WARNING: [Synth 8-7129] Port S_AXI_araddr[23] in module m02_couplers_imp_7ANRHB is either unconnected or has no load
WARNING: [Synth 8-7129] Port S_AXI_araddr[22] in module m02_couplers_imp_7ANRHB is either unconnected or has no load
WARNING: [Synth 8-7129] Port S_AXI_araddr[21] in module m02_couplers_imp_7ANRHB is either unconnected or has no load
WARNING: [Synth 8-7129] Port S_AXI_araddr[20] in module m02_couplers_imp_7ANRHB is either unconnected or has no load
WARNING: [Synth 8-7129] Port S_AXI_araddr[19] in module m02_couplers_imp_7ANRHB is either unconnected or has no load
WARNING: [Synth 8-7129] Port S_AXI_araddr[18] in module m02_couplers_imp_7ANRHB is either unconnected or has no load
WARNING: [Synth 8-7129] Port S_AXI_araddr[17] in module m02_couplers_imp_7ANRHB is either unconnected or has no load
WARNING: [Synth 8-7129] Port S_AXI_araddr[16] in module m02_couplers_imp_7ANRHB is either unconnected or has no load
WARNING: [Synth 8-7129] Port S_AXI_araddr[15] in module m02_couplers_imp_7ANRHB is either unconnected or has no load
WARNING: [Synth 8-7129] Port S_AXI_araddr[14] in module m02_couplers_imp_7ANRHB is either unconnected or has no load
WARNING: [Synth 8-7129] Port S_AXI_araddr[13] in module m02_couplers_imp_7ANRHB is either unconnected or has no load
WARNING: [Synth 8-7129] Port S_AXI_araddr[12] in module m02_couplers_imp_7ANRHB is either unconnected or has no load
WARNING: [Synth 8-7129] Port S_AXI_awaddr[31] in module m02_couplers_imp_7ANRHB is either unconnected or has no load
WARNING: [Synth 8-7129] Port S_AXI_awaddr[30] in module m02_couplers_imp_7ANRHB is either unconnected or has no load
WARNING: [Synth 8-7129] Port S_AXI_awaddr[29] in module m02_couplers_imp_7ANRHB is either unconnected or has no load
WARNING: [Synth 8-7129] Port S_AXI_awaddr[28] in module m02_couplers_imp_7ANRHB is either unconnected or has no load
WARNING: [Synth 8-7129] Port S_AXI_awaddr[27] in module m02_couplers_imp_7ANRHB is either unconnected or has no load
WARNING: [Synth 8-7129] Port S_AXI_awaddr[26] in module m02_couplers_imp_7ANRHB is either unconnected or has no load
WARNING: [Synth 8-7129] Port S_AXI_awaddr[25] in module m02_couplers_imp_7ANRHB is either unconnected or has no load
WARNING: [Synth 8-7129] Port S_AXI_awaddr[24] in module m02_couplers_imp_7ANRHB is either unconnected or has no load
WARNING: [Synth 8-7129] Port S_AXI_awaddr[23] in module m02_couplers_imp_7ANRHB is either unconnected or has no load
WARNING: [Synth 8-7129] Port S_AXI_awaddr[22] in module m02_couplers_imp_7ANRHB is either unconnected or has no load
WARNING: [Synth 8-7129] Port S_AXI_awaddr[21] in module m02_couplers_imp_7ANRHB is either unconnected or has no load
WARNING: [Synth 8-7129] Port S_AXI_awaddr[20] in module m02_couplers_imp_7ANRHB is either unconnected or has no load
WARNING: [Synth 8-7129] Port S_AXI_awaddr[19] in module m02_couplers_imp_7ANRHB is either unconnected or has no load
WARNING: [Synth 8-7129] Port S_AXI_awaddr[18] in module m02_couplers_imp_7ANRHB is either unconnected or has no load
WARNING: [Synth 8-7129] Port S_AXI_awaddr[17] in module m02_couplers_imp_7ANRHB is either unconnected or has no load
WARNING: [Synth 8-7129] Port S_AXI_awaddr[16] in module m02_couplers_imp_7ANRHB is either unconnected or has no load
WARNING: [Synth 8-7129] Port S_AXI_awaddr[15] in module m02_couplers_imp_7ANRHB is either unconnected or has no load
WARNING: [Synth 8-7129] Port S_AXI_awaddr[14] in module m02_couplers_imp_7ANRHB is either unconnected or has no load
WARNING: [Synth 8-7129] Port S_AXI_awaddr[13] in module m02_couplers_imp_7ANRHB is either unconnected or has no load
WARNING: [Synth 8-7129] Port S_AXI_awaddr[12] in module m02_couplers_imp_7ANRHB is either unconnected or has no load
WARNING: [Synth 8-7129] Port M_ACLK in module m01_couplers_imp_1UTB3Y5 is either unconnected or has no load
WARNING: [Synth 8-7129] Port M_ARESETN in module m01_couplers_imp_1UTB3Y5 is either unconnected or has no load
WARNING: [Synth 8-7129] Port S_ACLK in module m01_couplers_imp_1UTB3Y5 is either unconnected or has no load
WARNING: [Synth 8-7129] Port S_ARESETN in module m01_couplers_imp_1UTB3Y5 is either unconnected or has no load
WARNING: [Synth 8-7129] Port M_ACLK in module m00_couplers_imp_8RVYHO is either unconnected or has no load
WARNING: [Synth 8-7129] Port M_ARESETN in module m00_couplers_imp_8RVYHO is either unconnected or has no load
WARNING: [Synth 8-7129] Port S_ACLK in module m00_couplers_imp_8RVYHO is either unconnected or has no load
WARNING: [Synth 8-7129] Port S_ARESETN in module m00_couplers_imp_8RVYHO is either unconnected or has no load
WARNING: [Synth 8-7129] Port M00_ACLK in module design_1_microblaze_0_axi_periph_1 is either unconnected or has no load
WARNING: [Synth 8-7129] Port M00_ARESETN in module design_1_microblaze_0_axi_periph_1 is either unconnected or has no load
WARNING: [Synth 8-7129] Port M01_ACLK in module design_1_microblaze_0_axi_periph_1 is either unconnected or has no load
WARNING: [Synth 8-7129] Port M01_ARESETN in module design_1_microblaze_0_axi_periph_1 is either unconnected or has no load
WARNING: [Synth 8-7129] Port M02_ACLK in module design_1_microblaze_0_axi_periph_1 is either unconnected or has no load
WARNING: [Synth 8-7129] Port M02_ARESETN in module design_1_microblaze_0_axi_periph_1 is either unconnected or has no load
WARNING: [Synth 8-7129] Port M03_ACLK in module design_1_microblaze_0_axi_periph_1 is either unconnected or has no load
WARNING: [Synth 8-7129] Port M03_ARESETN in module design_1_microblaze_0_axi_periph_1 is either unconnected or has no load
WARNING: [Synth 8-7129] Port M04_ACLK in module design_1_microblaze_0_axi_periph_1 is either unconnected or has no load
WARNING: [Synth 8-7129] Port M04_ARESETN in module design_1_microblaze_0_axi_periph_1 is either unconnected or has no load
WARNING: [Synth 8-7129] Port S00_ACLK in module design_1_microblaze_0_axi_periph_1 is either unconnected or has no load
WARNING: [Synth 8-7129] Port S00_ARESETN in module design_1_microblaze_0_axi_periph_1 is either unconnected or has no load
WARNING: [Synth 8-7129] Port In6[0] in module xlconcat_v2_1_4_xlconcat is either unconnected or has no load
WARNING: [Synth 8-7129] Port In7[0] in module xlconcat_v2_1_4_xlconcat is either unconnected or has no load
WARNING: [Synth 8-7129] Port In8[0] in module xlconcat_v2_1_4_xlconcat is either unconnected or has no load
WARNING: [Synth 8-7129] Port In9[0] in module xlconcat_v2_1_4_xlconcat is either unconnected or has no load
WARNING: [Synth 8-7129] Port In10[0] in module xlconcat_v2_1_4_xlconcat is either unconnected or has no load
WARNING: [Synth 8-7129] Port In11[0] in module xlconcat_v2_1_4_xlconcat is either unconnected or has no load
WARNING: [Synth 8-7129] Port In12[0] in module xlconcat_v2_1_4_xlconcat is either unconnected or has no load
WARNING: [Synth 8-7129] Port In13[0] in module xlconcat_v2_1_4_xlconcat is either unconnected or has no load
WARNING: [Synth 8-7129] Port In14[0] in module xlconcat_v2_1_4_xlconcat is either unconnected or has no load
WARNING: [Synth 8-7129] Port In15[0] in module xlconcat_v2_1_4_xlconcat is either unconnected or has no load
WARNING: [Synth 8-7129] Port In16[0] in module xlconcat_v2_1_4_xlconcat is either unconnected or has no load
WARNING: [Synth 8-7129] Port In17[0] in module xlconcat_v2_1_4_xlconcat is either unconnected or has no load
WARNING: [Synth 8-7129] Port In18[0] in module xlconcat_v2_1_4_xlconcat is either unconnected or has no load
WARNING: [Synth 8-7129] Port In19[0] in module xlconcat_v2_1_4_xlconcat is either unconnected or has no load
WARNING: [Synth 8-7129] Port In20[0] in module xlconcat_v2_1_4_xlconcat is either unconnected or has no load
WARNING: [Synth 8-7129] Port In21[0] in module xlconcat_v2_1_4_xlconcat is either unconnected or has no load
WARNING: [Synth 8-7129] Port In22[0] in module xlconcat_v2_1_4_xlconcat is either unconnected or has no load
WARNING: [Synth 8-7129] Port In23[0] in module xlconcat_v2_1_4_xlconcat is either unconnected or has no load
WARNING: [Synth 8-7129] Port In24[0] in module xlconcat_v2_1_4_xlconcat is either unconnected or has no load
WARNING: [Synth 8-7129] Port In25[0] in module xlconcat_v2_1_4_xlconcat is either unconnected or has no load
WARNING: [Synth 8-7129] Port In26[0] in module xlconcat_v2_1_4_xlconcat is either unconnected or has no load
WARNING: [Synth 8-7129] Port In27[0] in module xlconcat_v2_1_4_xlconcat is either unconnected or has no load
WARNING: [Synth 8-7129] Port In28[0] in module xlconcat_v2_1_4_xlconcat is either unconnected or has no load
WARNING: [Synth 8-7129] Port In29[0] in module xlconcat_v2_1_4_xlconcat is either unconnected or has no load
WARNING: [Synth 8-7129] Port In30[0] in module xlconcat_v2_1_4_xlconcat is either unconnected or has no load
WARNING: [Synth 8-7129] Port In31[0] in module xlconcat_v2_1_4_xlconcat is either unconnected or has no load
INFO: [Common 17-14] Message 'Synth 8-7129' appears 100 times and further instances of the messages will be disabled. Use the Tcl command set_msg_config to change the current settings.
---------------------------------------------------------------------------------
Finished RTL Elaboration : Time (s): cpu = 00:00:06 ; elapsed = 00:00:06 . Memory (MB): peak = 1497.434 ; gain = 517.191
---------------------------------------------------------------------------------
---------------------------------------------------------------------------------
Start Handling Custom Attributes
---------------------------------------------------------------------------------
---------------------------------------------------------------------------------
Finished Handling Custom Attributes : Time (s): cpu = 00:00:06 ; elapsed = 00:00:06 . Memory (MB): peak = 1497.434 ; gain = 517.191
---------------------------------------------------------------------------------
---------------------------------------------------------------------------------
Finished RTL Optimization Phase 1 : Time (s): cpu = 00:00:06 ; elapsed = 00:00:06 . Memory (MB): peak = 1497.434 ; gain = 517.191
---------------------------------------------------------------------------------
Netlist sorting complete. Time (s): cpu = 00:00:00 ; elapsed = 00:00:00.022 . Memory (MB): peak = 1497.434 ; gain = 0.000
INFO: [Project 1-570] Preparing netlist for logic optimization

Processing XDC Constraints
Initializing timing engine
Parsing XDC File [c:/Users/johny/BOILresearch/full_dcs_system_6_23_23.xpr/full_dcs_system/full_dcs_system.gen/sources_1/bd/design_1/ip/design_1_dlmb_bram_if_cntlr_1/design_1_dlmb_bram_if_cntlr_1/design_1_dlmb_bram_if_cntlr_1_in_context.xdc] for cell 'design_1_i/microblaze_0_local_memory/dlmb_bram_if_cntlr'
Finished Parsing XDC File [c:/Users/johny/BOILresearch/full_dcs_system_6_23_23.xpr/full_dcs_system/full_dcs_system.gen/sources_1/bd/design_1/ip/design_1_dlmb_bram_if_cntlr_1/design_1_dlmb_bram_if_cntlr_1/design_1_dlmb_bram_if_cntlr_1_in_context.xdc] for cell 'design_1_i/microblaze_0_local_memory/dlmb_bram_if_cntlr'
Parsing XDC File [c:/Users/johny/BOILresearch/full_dcs_system_6_23_23.xpr/full_dcs_system/full_dcs_system.gen/sources_1/bd/design_1/ip/design_1_dlmb_v10_1/design_1_dlmb_v10_1/design_1_ilmb_v10_1_in_context.xdc] for cell 'design_1_i/microblaze_0_local_memory/dlmb_v10'
Finished Parsing XDC File [c:/Users/johny/BOILresearch/full_dcs_system_6_23_23.xpr/full_dcs_system/full_dcs_system.gen/sources_1/bd/design_1/ip/design_1_dlmb_v10_1/design_1_dlmb_v10_1/design_1_ilmb_v10_1_in_context.xdc] for cell 'design_1_i/microblaze_0_local_memory/dlmb_v10'
Parsing XDC File [c:/Users/johny/BOILresearch/full_dcs_system_6_23_23.xpr/full_dcs_system/full_dcs_system.gen/sources_1/bd/design_1/ip/design_1_ilmb_bram_if_cntlr_1/design_1_ilmb_bram_if_cntlr_1/design_1_ilmb_bram_if_cntlr_1_in_context.xdc] for cell 'design_1_i/microblaze_0_local_memory/ilmb_bram_if_cntlr'
Finished Parsing XDC File [c:/Users/johny/BOILresearch/full_dcs_system_6_23_23.xpr/full_dcs_system/full_dcs_system.gen/sources_1/bd/design_1/ip/design_1_ilmb_bram_if_cntlr_1/design_1_ilmb_bram_if_cntlr_1/design_1_ilmb_bram_if_cntlr_1_in_context.xdc] for cell 'design_1_i/microblaze_0_local_memory/ilmb_bram_if_cntlr'
Parsing XDC File [c:/Users/johny/BOILresearch/full_dcs_system_6_23_23.xpr/full_dcs_system/full_dcs_system.gen/sources_1/bd/design_1/ip/design_1_ilmb_v10_1/design_1_ilmb_v10_1/design_1_ilmb_v10_1_in_context.xdc] for cell 'design_1_i/microblaze_0_local_memory/ilmb_v10'
Finished Parsing XDC File [c:/Users/johny/BOILresearch/full_dcs_system_6_23_23.xpr/full_dcs_system/full_dcs_system.gen/sources_1/bd/design_1/ip/design_1_ilmb_v10_1/design_1_ilmb_v10_1/design_1_ilmb_v10_1_in_context.xdc] for cell 'design_1_i/microblaze_0_local_memory/ilmb_v10'
Parsing XDC File [c:/Users/johny/BOILresearch/full_dcs_system_6_23_23.xpr/full_dcs_system/full_dcs_system.gen/sources_1/bd/design_1/ip/design_1_lmb_bram_1/design_1_lmb_bram_1/design_1_lmb_bram_1_in_context.xdc] for cell 'design_1_i/microblaze_0_local_memory/lmb_bram'
Finished Parsing XDC File [c:/Users/johny/BOILresearch/full_dcs_system_6_23_23.xpr/full_dcs_system/full_dcs_system.gen/sources_1/bd/design_1/ip/design_1_lmb_bram_1/design_1_lmb_bram_1/design_1_lmb_bram_1_in_context.xdc] for cell 'design_1_i/microblaze_0_local_memory/lmb_bram'
Parsing XDC File [c:/Users/johny/BOILresearch/full_dcs_system_6_23_23.xpr/full_dcs_system/full_dcs_system.gen/sources_1/bd/design_1/ip/design_1_DCS_Analyzer_0_0/design_1_DCS_Analyzer_0_0/design_1_DCS_Analyzer_0_0_in_context.xdc] for cell 'design_1_i/DCS_Analyzer_0'
Finished Parsing XDC File [c:/Users/johny/BOILresearch/full_dcs_system_6_23_23.xpr/full_dcs_system/full_dcs_system.gen/sources_1/bd/design_1/ip/design_1_DCS_Analyzer_0_0/design_1_DCS_Analyzer_0_0/design_1_DCS_Analyzer_0_0_in_context.xdc] for cell 'design_1_i/DCS_Analyzer_0'
Parsing XDC File [c:/Users/johny/BOILresearch/full_dcs_system_6_23_23.xpr/full_dcs_system/full_dcs_system.gen/sources_1/bd/design_1/ip/design_1_axi_bram_ctrl_0_0/design_1_axi_bram_ctrl_0_0/design_1_axi_bram_ctrl_0_0_in_context.xdc] for cell 'design_1_i/correlator_bram_ctrl'
Finished Parsing XDC File [c:/Users/johny/BOILresearch/full_dcs_system_6_23_23.xpr/full_dcs_system/full_dcs_system.gen/sources_1/bd/design_1/ip/design_1_axi_bram_ctrl_0_0/design_1_axi_bram_ctrl_0_0/design_1_axi_bram_ctrl_0_0_in_context.xdc] for cell 'design_1_i/correlator_bram_ctrl'
Parsing XDC File [c:/Users/johny/BOILresearch/full_dcs_system_6_23_23.xpr/full_dcs_system/full_dcs_system.gen/sources_1/bd/design_1/ip/design_1_axi_bram_ctrl_0_bram_0/design_1_axi_bram_ctrl_0_bram_0/design_1_axi_bram_ctrl_0_bram_0_in_context.xdc] for cell 'design_1_i/correlation_bram'
Finished Parsing XDC File [c:/Users/johny/BOILresearch/full_dcs_system_6_23_23.xpr/full_dcs_system/full_dcs_system.gen/sources_1/bd/design_1/ip/design_1_axi_bram_ctrl_0_bram_0/design_1_axi_bram_ctrl_0_bram_0/design_1_axi_bram_ctrl_0_bram_0_in_context.xdc] for cell 'design_1_i/correlation_bram'
Parsing XDC File [c:/Users/johny/BOILresearch/full_dcs_system_6_23_23.xpr/full_dcs_system/full_dcs_system.gen/sources_1/bd/design_1/ip/design_1_axi_fifo_mm_s_0_1/design_1_axi_fifo_mm_s_0_1/design_1_axi_fifo_mm_s_0_1_in_context.xdc] for cell 'design_1_i/analyzer_fifo'
Finished Parsing XDC File [c:/Users/johny/BOILresearch/full_dcs_system_6_23_23.xpr/full_dcs_system/full_dcs_system.gen/sources_1/bd/design_1/ip/design_1_axi_fifo_mm_s_0_1/design_1_axi_fifo_mm_s_0_1/design_1_axi_fifo_mm_s_0_1_in_context.xdc] for cell 'design_1_i/analyzer_fifo'
Parsing XDC File [c:/Users/johny/BOILresearch/full_dcs_system_6_23_23.xpr/full_dcs_system/full_dcs_system.gen/sources_1/bd/design_1/ip/design_1_clk_wiz_0_0/design_1_clk_wiz_0_0/design_1_clk_wiz_0_0_in_context.xdc] for cell 'design_1_i/clk_wiz_0'
Finished Parsing XDC File [c:/Users/johny/BOILresearch/full_dcs_system_6_23_23.xpr/full_dcs_system/full_dcs_system.gen/sources_1/bd/design_1/ip/design_1_clk_wiz_0_0/design_1_clk_wiz_0_0/design_1_clk_wiz_0_0_in_context.xdc] for cell 'design_1_i/clk_wiz_0'
Parsing XDC File [c:/Users/johny/BOILresearch/full_dcs_system_6_23_23.xpr/full_dcs_system/full_dcs_system.gen/sources_1/bd/design_1/ip/design_1_intensityRebin_0_0/design_1_intensityRebin_0_0/design_1_intensityRebin_0_0_in_context.xdc] for cell 'design_1_i/intensityRebin_0'
Finished Parsing XDC File [c:/Users/johny/BOILresearch/full_dcs_system_6_23_23.xpr/full_dcs_system/full_dcs_system.gen/sources_1/bd/design_1/ip/design_1_intensityRebin_0_0/design_1_intensityRebin_0_0/design_1_intensityRebin_0_0_in_context.xdc] for cell 'design_1_i/intensityRebin_0'
Parsing XDC File [c:/Users/johny/BOILresearch/full_dcs_system_6_23_23.xpr/full_dcs_system/full_dcs_system.gen/sources_1/bd/design_1/ip/design_1_mdm_1_1/design_1_mdm_1_1/design_1_mdm_1_1_in_context.xdc] for cell 'design_1_i/mdm_1'
Finished Parsing XDC File [c:/Users/johny/BOILresearch/full_dcs_system_6_23_23.xpr/full_dcs_system/full_dcs_system.gen/sources_1/bd/design_1/ip/design_1_mdm_1_1/design_1_mdm_1_1/design_1_mdm_1_1_in_context.xdc] for cell 'design_1_i/mdm_1'
Parsing XDC File [c:/Users/johny/BOILresearch/full_dcs_system_6_23_23.xpr/full_dcs_system/full_dcs_system.gen/sources_1/bd/design_1/ip/design_1_microblaze_0_1/design_1_microblaze_0_1/design_1_microblaze_0_1_in_context.xdc] for cell 'design_1_i/microblaze_0'
Finished Parsing XDC File [c:/Users/johny/BOILresearch/full_dcs_system_6_23_23.xpr/full_dcs_system/full_dcs_system.gen/sources_1/bd/design_1/ip/design_1_microblaze_0_1/design_1_microblaze_0_1/design_1_microblaze_0_1_in_context.xdc] for cell 'design_1_i/microblaze_0'
Parsing XDC File [c:/Users/johny/BOILresearch/full_dcs_system_6_23_23.xpr/full_dcs_system/full_dcs_system.gen/sources_1/bd/design_1/ip/design_1_microblaze_0_axi_intc_1/design_1_microblaze_0_axi_intc_1/design_1_microblaze_0_axi_intc_1_in_context.xdc] for cell 'design_1_i/microblaze_0_axi_intc'
Finished Parsing XDC File [c:/Users/johny/BOILresearch/full_dcs_system_6_23_23.xpr/full_dcs_system/full_dcs_system.gen/sources_1/bd/design_1/ip/design_1_microblaze_0_axi_intc_1/design_1_microblaze_0_axi_intc_1/design_1_microblaze_0_axi_intc_1_in_context.xdc] for cell 'design_1_i/microblaze_0_axi_intc'
Parsing XDC File [c:/Users/johny/BOILresearch/full_dcs_system_6_23_23.xpr/full_dcs_system/full_dcs_system.gen/sources_1/bd/design_1/ip/design_1_xbar_0/design_1_xbar_0/design_1_xbar_0_in_context.xdc] for cell 'design_1_i/microblaze_0_axi_periph/xbar'
Finished Parsing XDC File [c:/Users/johny/BOILresearch/full_dcs_system_6_23_23.xpr/full_dcs_system/full_dcs_system.gen/sources_1/bd/design_1/ip/design_1_xbar_0/design_1_xbar_0/design_1_xbar_0_in_context.xdc] for cell 'design_1_i/microblaze_0_axi_periph/xbar'
Parsing XDC File [c:/Users/johny/BOILresearch/full_dcs_system_6_23_23.xpr/full_dcs_system/full_dcs_system.gen/sources_1/bd/design_1/ip/design_1_auto_pc_0/design_1_auto_pc_0/design_1_auto_pc_0_in_context.xdc] for cell 'design_1_i/microblaze_0_axi_periph/m02_couplers/auto_pc'
Finished Parsing XDC File [c:/Users/johny/BOILresearch/full_dcs_system_6_23_23.xpr/full_dcs_system/full_dcs_system.gen/sources_1/bd/design_1/ip/design_1_auto_pc_0/design_1_auto_pc_0/design_1_auto_pc_0_in_context.xdc] for cell 'design_1_i/microblaze_0_axi_periph/m02_couplers/auto_pc'
Parsing XDC File [c:/Users/johny/BOILresearch/full_dcs_system_6_23_23.xpr/full_dcs_system/full_dcs_system.gen/sources_1/bd/design_1/ip/design_1_s00_mmu_0/design_1_s00_mmu_0/design_1_s00_mmu_0_in_context.xdc] for cell 'design_1_i/microblaze_0_axi_periph/s00_mmu'
Finished Parsing XDC File [c:/Users/johny/BOILresearch/full_dcs_system_6_23_23.xpr/full_dcs_system/full_dcs_system.gen/sources_1/bd/design_1/ip/design_1_s00_mmu_0/design_1_s00_mmu_0/design_1_s00_mmu_0_in_context.xdc] for cell 'design_1_i/microblaze_0_axi_periph/s00_mmu'
Parsing XDC File [c:/Users/johny/BOILresearch/full_dcs_system_6_23_23.xpr/full_dcs_system/full_dcs_system.gen/sources_1/bd/design_1/ip/design_1_rst_clk_wiz_100M_0/design_1_rst_clk_wiz_100M_0/design_1_rst_clk_wiz_100M_0_in_context.xdc] for cell 'design_1_i/rst_clk_wiz_100M'
Finished Parsing XDC File [c:/Users/johny/BOILresearch/full_dcs_system_6_23_23.xpr/full_dcs_system/full_dcs_system.gen/sources_1/bd/design_1/ip/design_1_rst_clk_wiz_100M_0/design_1_rst_clk_wiz_100M_0/design_1_rst_clk_wiz_100M_0_in_context.xdc] for cell 'design_1_i/rst_clk_wiz_100M'
Parsing XDC File [c:/Users/johny/BOILresearch/full_dcs_system_6_23_23.xpr/full_dcs_system/full_dcs_system.gen/sources_1/bd/design_1/ip/design_1_system_ila_0_0/design_1_system_ila_0_0/design_1_system_ila_0_0_in_context.xdc] for cell 'design_1_i/system_ila_0'
Finished Parsing XDC File [c:/Users/johny/BOILresearch/full_dcs_system_6_23_23.xpr/full_dcs_system/full_dcs_system.gen/sources_1/bd/design_1/ip/design_1_system_ila_0_0/design_1_system_ila_0_0/design_1_system_ila_0_0_in_context.xdc] for cell 'design_1_i/system_ila_0'
Parsing XDC File [c:/Users/johny/BOILresearch/full_dcs_system_6_23_23.xpr/full_dcs_system/full_dcs_system.gen/sources_1/bd/design_1/ip/design_1_countCorrelateWrapper_0_0/design_1_countCorrelateWrapper_0_0/design_1_countCorrelateWrapper_0_0_in_context.xdc] for cell 'design_1_i/countCorrelateWrapper_0'
Finished Parsing XDC File [c:/Users/johny/BOILresearch/full_dcs_system_6_23_23.xpr/full_dcs_system/full_dcs_system.gen/sources_1/bd/design_1/ip/design_1_countCorrelateWrapper_0_0/design_1_countCorrelateWrapper_0_0/design_1_countCorrelateWrapper_0_0_in_context.xdc] for cell 'design_1_i/countCorrelateWrapper_0'
Parsing XDC File [c:/Users/johny/BOILresearch/full_dcs_system_6_23_23.xpr/full_dcs_system/full_dcs_system.gen/sources_1/bd/design_1/ip/design_1_uart_aggregator_0_0/design_1_uart_aggregator_0_0/design_1_uart_aggregator_0_0_in_context.xdc] for cell 'design_1_i/uart_aggregator_0'
Finished Parsing XDC File [c:/Users/johny/BOILresearch/full_dcs_system_6_23_23.xpr/full_dcs_system/full_dcs_system.gen/sources_1/bd/design_1/ip/design_1_uart_aggregator_0_0/design_1_uart_aggregator_0_0/design_1_uart_aggregator_0_0_in_context.xdc] for cell 'design_1_i/uart_aggregator_0'
Parsing XDC File [C:/Users/johny/BOILresearch/xem7310.xdc]
WARNING: [Vivado 12-4702] SLEW is not a supported property on input port(s). Setting is ignored. [C:/Users/johny/BOILresearch/xem7310.xdc:106]
Finished Parsing XDC File [C:/Users/johny/BOILresearch/xem7310.xdc]
INFO: [Project 1-236] Implementation specific constraints were found while reading constraint file [C:/Users/johny/BOILresearch/xem7310.xdc]. These constraints will be ignored for synthesis but will be used in implementation. Impacted constraints are listed in the file [.Xil/design_1_wrapper_propImpl.xdc].
Resolution: To avoid this warning, move constraints listed in [.Xil/design_1_wrapper_propImpl.xdc] to another XDC file and exclude this new file from synthesis with the used_in_synthesis property (File Properties dialog in GUI) and re-run elaboration/synthesis.
Parsing XDC File [C:/Users/johny/BOILresearch/full_dcs_system_6_23_23.xpr/full_dcs_system/full_dcs_system.runs/synth_1/dont_touch.xdc]
Finished Parsing XDC File [C:/Users/johny/BOILresearch/full_dcs_system_6_23_23.xpr/full_dcs_system/full_dcs_system.runs/synth_1/dont_touch.xdc]
Completed Processing XDC Constraints

Netlist sorting complete. Time (s): cpu = 00:00:00 ; elapsed = 00:00:00 . Memory (MB): peak = 1517.523 ; gain = 0.000
INFO: [Project 1-111] Unisim Transformation Summary:
No Unisim elements were transformed.

Constraint Validation Runtime : Time (s): cpu = 00:00:00 ; elapsed = 00:00:00.009 . Memory (MB): peak = 1517.523 ; gain = 0.000
WARNING: [Timing 38-316] Clock period '20.000' specified during out-of-context synthesis of instance 'design_1_i/correlation_bram' at clock pin 'clka' is different from the actual clock period '10.000', this can lead to different synthesis results.
WARNING: [Timing 38-316] Clock period '20.000' specified during out-of-context synthesis of instance 'design_1_i/microblaze_0_local_memory/lmb_bram' at clock pin 'clka' is different from the actual clock period '10.000', this can lead to different synthesis results.
INFO: [Designutils 20-5008] Incremental synthesis strategy off
---------------------------------------------------------------------------------
Finished Constraint Validation : Time (s): cpu = 00:00:12 ; elapsed = 00:00:13 . Memory (MB): peak = 1517.734 ; gain = 537.492
---------------------------------------------------------------------------------
---------------------------------------------------------------------------------
Start Loading Part and Timing Information
---------------------------------------------------------------------------------
Loading part: xc7a75tfgg484-1
---------------------------------------------------------------------------------
Finished Loading Part and Timing Information : Time (s): cpu = 00:00:12 ; elapsed = 00:00:13 . Memory (MB): peak = 1517.734 ; gain = 537.492
---------------------------------------------------------------------------------
---------------------------------------------------------------------------------
Start Applying 'set_property' XDC Constraints
---------------------------------------------------------------------------------
Applied set_property IO_BUFFER_TYPE = NONE for sys_clkn. (constraint file  c:/Users/johny/BOILresearch/full_dcs_system_6_23_23.xpr/full_dcs_system/full_dcs_system.gen/sources_1/bd/design_1/ip/design_1_clk_wiz_0_0/design_1_clk_wiz_0_0/design_1_clk_wiz_0_0_in_context.xdc, line 4).
Applied set_property CLOCK_BUFFER_TYPE = NONE for sys_clkn. (constraint file  c:/Users/johny/BOILresearch/full_dcs_system_6_23_23.xpr/full_dcs_system/full_dcs_system.gen/sources_1/bd/design_1/ip/design_1_clk_wiz_0_0/design_1_clk_wiz_0_0/design_1_clk_wiz_0_0_in_context.xdc, line 5).
Applied set_property IO_BUFFER_TYPE = NONE for sys_clkp. (constraint file  c:/Users/johny/BOILresearch/full_dcs_system_6_23_23.xpr/full_dcs_system/full_dcs_system.gen/sources_1/bd/design_1/ip/design_1_clk_wiz_0_0/design_1_clk_wiz_0_0/design_1_clk_wiz_0_0_in_context.xdc, line 6).
Applied set_property CLOCK_BUFFER_TYPE = NONE for sys_clkp. (constraint file  c:/Users/johny/BOILresearch/full_dcs_system_6_23_23.xpr/full_dcs_system/full_dcs_system.gen/sources_1/bd/design_1/ip/design_1_clk_wiz_0_0/design_1_clk_wiz_0_0/design_1_clk_wiz_0_0_in_context.xdc, line 7).
Applied set_property KEEP_HIERARCHY = SOFT for design_1_i. (constraint file  auto generated constraint).
Applied set_property KEEP_HIERARCHY = SOFT for design_1_i/microblaze_0_local_memory/dlmb_bram_if_cntlr. (constraint file  auto generated constraint).
Applied set_property KEEP_HIERARCHY = SOFT for design_1_i/microblaze_0_local_memory/dlmb_v10. (constraint file  auto generated constraint).
Applied set_property KEEP_HIERARCHY = SOFT for design_1_i/microblaze_0_local_memory/ilmb_bram_if_cntlr. (constraint file  auto generated constraint).
Applied set_property KEEP_HIERARCHY = SOFT for design_1_i/microblaze_0_local_memory/ilmb_v10. (constraint file  auto generated constraint).
Applied set_property KEEP_HIERARCHY = SOFT for design_1_i/microblaze_0_local_memory/lmb_bram. (constraint file  auto generated constraint).
Applied set_property KEEP_HIERARCHY = SOFT for design_1_i/DCS_Analyzer_0. (constraint file  auto generated constraint).
Applied set_property KEEP_HIERARCHY = SOFT for design_1_i/correlator_bram_ctrl. (constraint file  auto generated constraint).
Applied set_property KEEP_HIERARCHY = SOFT for design_1_i/correlation_bram. (constraint file  auto generated constraint).
Applied set_property KEEP_HIERARCHY = SOFT for design_1_i/analyzer_fifo. (constraint file  auto generated constraint).
Applied set_property KEEP_HIERARCHY = SOFT for design_1_i/clk_wiz_0. (constraint file  auto generated constraint).
Applied set_property KEEP_HIERARCHY = SOFT for design_1_i/intensityRebin_0. (constraint file  auto generated constraint).
Applied set_property KEEP_HIERARCHY = SOFT for design_1_i/mdm_1. (constraint file  auto generated constraint).
Applied set_property KEEP_HIERARCHY = SOFT for design_1_i/microblaze_0. (constraint file  auto generated constraint).
Applied set_property KEEP_HIERARCHY = SOFT for design_1_i/microblaze_0_axi_intc. (constraint file  auto generated constraint).
Applied set_property KEEP_HIERARCHY = SOFT for design_1_i/microblaze_0_axi_periph/xbar. (constraint file  auto generated constraint).
Applied set_property KEEP_HIERARCHY = SOFT for design_1_i/microblaze_0_axi_periph/m02_couplers/auto_pc. (constraint file  auto generated constraint).
Applied set_property KEEP_HIERARCHY = SOFT for design_1_i/microblaze_0_axi_periph/s00_mmu. (constraint file  auto generated constraint).
Applied set_property KEEP_HIERARCHY = SOFT for design_1_i/microblaze_0_axi_periph. (constraint file  auto generated constraint).
Applied set_property KEEP_HIERARCHY = SOFT for design_1_i/interrupt_concat. (constraint file  auto generated constraint).
Applied set_property KEEP_HIERARCHY = SOFT for design_1_i/rst_clk_wiz_100M. (constraint file  auto generated constraint).
Applied set_property KEEP_HIERARCHY = SOFT for design_1_i/system_ila_0. (constraint file  auto generated constraint).
Applied set_property KEEP_HIERARCHY = SOFT for design_1_i/countCorrelateWrapper_0. (constraint file  auto generated constraint).
Applied set_property KEEP_HIERARCHY = SOFT for design_1_i/uart_aggregator_0. (constraint file  auto generated constraint).
---------------------------------------------------------------------------------
Finished applying 'set_property' XDC Constraints : Time (s): cpu = 00:00:12 ; elapsed = 00:00:13 . Memory (MB): peak = 1517.734 ; gain = 537.492
---------------------------------------------------------------------------------
---------------------------------------------------------------------------------
Finished RTL Optimization Phase 2 : Time (s): cpu = 00:00:13 ; elapsed = 00:00:13 . Memory (MB): peak = 1517.734 ; gain = 537.492
---------------------------------------------------------------------------------
---------------------------------------------------------------------------------
Start RTL Component Statistics 
---------------------------------------------------------------------------------
Detailed RTL Component Info : 
---------------------------------------------------------------------------------
Finished RTL Component Statistics 
---------------------------------------------------------------------------------
---------------------------------------------------------------------------------
Start Part Resource Summary
---------------------------------------------------------------------------------
Part Resources:
DSPs: 180 (col length:80)
BRAMs: 210 (col length: RAMB18 80 RAMB36 40)
---------------------------------------------------------------------------------
Finished Part Resource Summary
---------------------------------------------------------------------------------
---------------------------------------------------------------------------------
Start Cross Boundary and Area Optimization
---------------------------------------------------------------------------------
WARNING: [Synth 8-7080] Parallel synthesis criteria is not met
---------------------------------------------------------------------------------
Finished Cross Boundary and Area Optimization : Time (s): cpu = 00:00:14 ; elapsed = 00:00:14 . Memory (MB): peak = 1517.734 ; gain = 537.492
---------------------------------------------------------------------------------
---------------------------------------------------------------------------------
Start Applying XDC Timing Constraints
---------------------------------------------------------------------------------
---------------------------------------------------------------------------------
Finished Applying XDC Timing Constraints : Time (s): cpu = 00:00:17 ; elapsed = 00:00:18 . Memory (MB): peak = 1517.734 ; gain = 537.492
---------------------------------------------------------------------------------
---------------------------------------------------------------------------------
Start Timing Optimization
---------------------------------------------------------------------------------
---------------------------------------------------------------------------------
Finished Timing Optimization : Time (s): cpu = 00:00:17 ; elapsed = 00:00:18 . Memory (MB): peak = 1517.734 ; gain = 537.492
---------------------------------------------------------------------------------
---------------------------------------------------------------------------------
Start Technology Mapping
---------------------------------------------------------------------------------
---------------------------------------------------------------------------------
Finished Technology Mapping : Time (s): cpu = 00:00:18 ; elapsed = 00:00:18 . Memory (MB): peak = 1517.734 ; gain = 537.492
---------------------------------------------------------------------------------
---------------------------------------------------------------------------------
Start IO Insertion
---------------------------------------------------------------------------------
---------------------------------------------------------------------------------
Start Flattening Before IO Insertion
---------------------------------------------------------------------------------
---------------------------------------------------------------------------------
Finished Flattening Before IO Insertion
---------------------------------------------------------------------------------
---------------------------------------------------------------------------------
Start Final Netlist Cleanup
---------------------------------------------------------------------------------
---------------------------------------------------------------------------------
Finished Final Netlist Cleanup
---------------------------------------------------------------------------------
---------------------------------------------------------------------------------
Finished IO Insertion : Time (s): cpu = 00:00:21 ; elapsed = 00:00:22 . Memory (MB): peak = 1517.734 ; gain = 537.492
---------------------------------------------------------------------------------
---------------------------------------------------------------------------------
Start Renaming Generated Instances
---------------------------------------------------------------------------------
---------------------------------------------------------------------------------
Finished Renaming Generated Instances : Time (s): cpu = 00:00:21 ; elapsed = 00:00:22 . Memory (MB): peak = 1517.734 ; gain = 537.492
---------------------------------------------------------------------------------
---------------------------------------------------------------------------------
Start Rebuilding User Hierarchy
---------------------------------------------------------------------------------
---------------------------------------------------------------------------------
Finished Rebuilding User Hierarchy : Time (s): cpu = 00:00:21 ; elapsed = 00:00:22 . Memory (MB): peak = 1517.734 ; gain = 537.492
---------------------------------------------------------------------------------
---------------------------------------------------------------------------------
Start Renaming Generated Ports
---------------------------------------------------------------------------------
---------------------------------------------------------------------------------
Finished Renaming Generated Ports : Time (s): cpu = 00:00:21 ; elapsed = 00:00:22 . Memory (MB): peak = 1517.734 ; gain = 537.492
---------------------------------------------------------------------------------
---------------------------------------------------------------------------------
Start Handling Custom Attributes
---------------------------------------------------------------------------------
---------------------------------------------------------------------------------
Finished Handling Custom Attributes : Time (s): cpu = 00:00:21 ; elapsed = 00:00:22 . Memory (MB): peak = 1517.734 ; gain = 537.492
---------------------------------------------------------------------------------
---------------------------------------------------------------------------------
Start Renaming Generated Nets
---------------------------------------------------------------------------------
---------------------------------------------------------------------------------
Finished Renaming Generated Nets : Time (s): cpu = 00:00:21 ; elapsed = 00:00:22 . Memory (MB): peak = 1517.734 ; gain = 537.492
---------------------------------------------------------------------------------
---------------------------------------------------------------------------------
Start Writing Synthesis Report
---------------------------------------------------------------------------------

Report BlackBoxes: 
+------+-----------------------------------+----------+
|      |BlackBox name                      |Instances |
+------+-----------------------------------+----------+
|1     |design_1_s00_mmu_0                 |         1|
|2     |design_1_xbar_0                    |         1|
|3     |design_1_auto_pc_0                 |         1|
|4     |design_1_DCS_Analyzer_0_0          |         1|
|5     |design_1_axi_fifo_mm_s_0_1         |         1|
|6     |design_1_clk_wiz_0_0               |         1|
|7     |design_1_axi_bram_ctrl_0_bram_0    |         1|
|8     |design_1_axi_bram_ctrl_0_0         |         1|
|9     |design_1_countCorrelateWrapper_0_0 |         1|
|10    |design_1_intensityRebin_0_0        |         1|
|11    |design_1_mdm_1_1                   |         1|
|12    |design_1_microblaze_0_1            |         1|
|13    |design_1_microblaze_0_axi_intc_1   |         1|
|14    |design_1_rst_clk_wiz_100M_0        |         1|
|15    |design_1_system_ila_0_0            |         1|
|16    |design_1_uart_aggregator_0_0       |         1|
|17    |design_1_dlmb_bram_if_cntlr_1      |         1|
|18    |design_1_dlmb_v10_1                |         1|
|19    |design_1_ilmb_bram_if_cntlr_1      |         1|
|20    |design_1_ilmb_v10_1                |         1|
|21    |design_1_lmb_bram_1                |         1|
+------+-----------------------------------+----------+

Report Cell Usage: 
+------+----------------------------------------+------+
|      |Cell                                    |Count |
+------+----------------------------------------+------+
|1     |design_1_DCS_Analyzer_0_0_bbox          |     1|
|2     |design_1_auto_pc_0_bbox                 |     1|
|3     |design_1_axi_bram_ctrl_0_0_bbox         |     1|
|4     |design_1_axi_bram_ctrl_0_bram_0_bbox    |     1|
|5     |design_1_axi_fifo_mm_s_0_1_bbox         |     1|
|6     |design_1_clk_wiz_0_0_bbox               |     1|
|7     |design_1_countCorrelateWrapper_0_0_bbox |     1|
|8     |design_1_dlmb_bram_if_cntlr_1_bbox      |     1|
|9     |design_1_dlmb_v10_1_bbox                |     1|
|10    |design_1_ilmb_bram_if_cntlr_1_bbox      |     1|
|11    |design_1_ilmb_v10_1_bbox                |     1|
|12    |design_1_intensityRebin_0_0_bbox        |     1|
|13    |design_1_lmb_bram_1_bbox                |     1|
|14    |design_1_mdm_1_1_bbox                   |     1|
|15    |design_1_microblaze_0_1_bbox            |     1|
|16    |design_1_microblaze_0_axi_intc_1_bbox   |     1|
|17    |design_1_rst_clk_wiz_100M_0_bbox        |     1|
|18    |design_1_s00_mmu_0_bbox                 |     1|
|19    |design_1_system_ila_0_0_bbox            |     1|
|20    |design_1_uart_aggregator_0_0_bbox       |     1|
|21    |design_1_xbar_0_bbox                    |     1|
|22    |IBUF                                    |     3|
|23    |OBUF                                    |     1|
+------+----------------------------------------+------+
---------------------------------------------------------------------------------
Finished Writing Synthesis Report : Time (s): cpu = 00:00:21 ; elapsed = 00:00:22 . Memory (MB): peak = 1517.734 ; gain = 537.492
---------------------------------------------------------------------------------
Synthesis finished with 0 errors, 0 critical warnings and 13 warnings.
Synthesis Optimization Runtime : Time (s): cpu = 00:00:13 ; elapsed = 00:00:20 . Memory (MB): peak = 1517.734 ; gain = 517.191
Synthesis Optimization Complete : Time (s): cpu = 00:00:21 ; elapsed = 00:00:22 . Memory (MB): peak = 1517.734 ; gain = 537.492
INFO: [Project 1-571] Translating synthesized netlist
Netlist sorting complete. Time (s): cpu = 00:00:00 ; elapsed = 00:00:00.016 . Memory (MB): peak = 1517.734 ; gain = 0.000
INFO: [Project 1-570] Preparing netlist for logic optimization
INFO: [Opt 31-138] Pushed 0 inverter(s) to 0 load pin(s).
Netlist sorting complete. Time (s): cpu = 00:00:00 ; elapsed = 00:00:00 . Memory (MB): peak = 1520.809 ; gain = 0.000
INFO: [Project 1-111] Unisim Transformation Summary:
No Unisim elements were transformed.

Synth Design complete | Checksum: 5ffecb16
INFO: [Common 17-83] Releasing license: Synthesis
88 Infos, 105 Warnings, 0 Critical Warnings and 0 Errors encountered.
synth_design completed successfully
synth_design: Time (s): cpu = 00:00:24 ; elapsed = 00:00:26 . Memory (MB): peak = 1520.809 ; gain = 940.008
INFO: [Common 17-1381] The checkpoint 'C:/Users/johny/BOILresearch/full_dcs_system_6_23_23.xpr/full_dcs_system/full_dcs_system.runs/synth_1/design_1_wrapper.dcp' has been generated.
INFO: [runtcl-4] Executing : report_utilization -file design_1_wrapper_utilization_synth.rpt -pb design_1_wrapper_utilization_synth.pb
INFO: [Common 17-206] Exiting Vivado at Sat Mar 21 23:21:51 2026...
