
*** Running vivado
    with args -log design_1_axi_fifo_mm_s_0_1.vds -m64 -product Vivado -mode batch -messageDb vivado.pb -notrace -source design_1_axi_fifo_mm_s_0_1.tcl


ECHO is off.
ECHO is off.

****** Vivado v2023.1 (64-bit)
  **** SW Build 3865809 on Sun May  7 15:05:29 MDT 2023
  **** IP Build 3864474 on Sun May  7 20:36:21 MDT 2023
  **** SharedData Build 3865790 on Sun May 07 13:33:03 MDT 2023
    ** Copyright 1986-2022 Xilinx, Inc. All Rights Reserved.
    ** Copyright 2022-2023 Advanced Micro Devices, Inc. All Rights Reserved.

source design_1_axi_fifo_mm_s_0_1.tcl -notrace
create_project: Time (s): cpu = 00:00:10 ; elapsed = 00:00:11 . Memory (MB): peak = 456.133 ; gain = 163.695
INFO: [IP_Flow 19-234] Refreshing IP repositories
INFO: [IP_Flow 19-1700] Loaded user IP repository 'c:/Users/johny/BOILresearch/full_dcs_system_6_23_23.xpr/full_dcs_system/full_dcs_system.ipdefs/dcs_analyzer_axil'.
INFO: [IP_Flow 19-1700] Loaded user IP repository 'c:/Users/johny/BOILresearch/full_dcs_system_6_23_23.xpr/full_dcs_system/full_dcs_system.ipdefs/correlator_ip'.
INFO: [IP_Flow 19-2313] Loaded Vivado IP repository 'C:/Xilinx/Vivado/2023.1/data/ip'.
WARNING: [IP_Flow 19-4995] The host OS only allows 260 characters in a normal path. The IP cache path is more than 80 characters. If you experience issues with IP caching, please consider changing the IP cache to a location with a shorter path. Alternately consider using the OS subst command to map part of the path to a drive letter. 
Current IP cache path is c:/Users/johny/BOILresearch/full_dcs_system_6_23_23.xpr/full_dcs_system/full_dcs_system.cache/ip 
INFO: [IP_Flow 19-6924] IPCACHE: Running cache check for IP inst: design_1_axi_fifo_mm_s_0_1
Command: synth_design -top design_1_axi_fifo_mm_s_0_1 -part xc7a75tfgg484-1 -incremental_mode off -mode out_of_context
Starting synth_design
Attempting to get a license for feature 'Synthesis' and/or device 'xc7a75t'
INFO: [Common 17-349] Got license for feature 'Synthesis' and/or device 'xc7a75t'
INFO: [Device 21-403] Loading part xc7a75tfgg484-1
INFO: [Synth 8-7079] Multithreading enabled for synth_design using a maximum of 2 processes.
INFO: [Synth 8-7078] Launching helper process for spawning children vivado processes
INFO: [Synth 8-7075] Helper process launched with PID 39664
---------------------------------------------------------------------------------
Starting RTL Elaboration : Time (s): cpu = 00:00:12 ; elapsed = 00:00:13 . Memory (MB): peak = 1298.805 ; gain = 410.055
---------------------------------------------------------------------------------
INFO: [Synth 8-638] synthesizing module 'design_1_axi_fifo_mm_s_0_1' [c:/Users/johny/BOILresearch/full_dcs_system_6_23_23.xpr/full_dcs_system/full_dcs_system.gen/sources_1/bd/design_1/ip/design_1_axi_fifo_mm_s_0_1/synth/design_1_axi_fifo_mm_s_0_1.vhd:89]
	Parameter C_FAMILY bound to: artix7 - type: string 
	Parameter C_S_AXI_ID_WIDTH bound to: 4 - type: integer 
	Parameter C_S_AXI_ADDR_WIDTH bound to: 32 - type: integer 
	Parameter C_S_AXI_DATA_WIDTH bound to: 32 - type: integer 
	Parameter C_S_AXI4_DATA_WIDTH bound to: 32 - type: integer 
	Parameter C_TX_FIFO_DEPTH bound to: 512 - type: integer 
	Parameter C_RX_FIFO_DEPTH bound to: 512 - type: integer 
	Parameter C_TX_CASCADE_HEIGHT bound to: 0 - type: integer 
	Parameter C_RX_CASCADE_HEIGHT bound to: 0 - type: integer 
	Parameter C_TX_FIFO_PF_THRESHOLD bound to: 507 - type: integer 
	Parameter C_TX_FIFO_PE_THRESHOLD bound to: 5 - type: integer 
	Parameter C_RX_FIFO_PF_THRESHOLD bound to: 507 - type: integer 
	Parameter C_RX_FIFO_PE_THRESHOLD bound to: 5 - type: integer 
	Parameter C_USE_TX_CUT_THROUGH bound to: 0 - type: integer 
	Parameter C_DATA_INTERFACE_TYPE bound to: 0 - type: integer 
	Parameter C_TX_ENABLE_ECC bound to: 0 - type: integer 
	Parameter C_RX_ENABLE_ECC bound to: 0 - type: integer 
	Parameter C_TX_HAS_ECC_ERR_INJECT bound to: 0 - type: integer 
	Parameter C_RX_HAS_ECC_ERR_INJECT bound to: 0 - type: integer 
	Parameter C_BASEADDR bound to: 32'b01000100101000000000000000000000 
	Parameter C_HIGHADDR bound to: 32'b01000100101000001111111111111111 
	Parameter C_AXI4_BASEADDR bound to: 32'b10000000000000000001000000000000 
	Parameter C_AXI4_HIGHADDR bound to: 32'b10000000000000000010111111111111 
	Parameter C_HAS_AXIS_TID bound to: 0 - type: integer 
	Parameter C_HAS_AXIS_TDEST bound to: 0 - type: integer 
	Parameter C_HAS_AXIS_TUSER bound to: 0 - type: integer 
	Parameter C_HAS_AXIS_TSTRB bound to: 0 - type: integer 
	Parameter C_HAS_AXIS_TKEEP bound to: 0 - type: integer 
	Parameter C_AXIS_TID_WIDTH bound to: 4 - type: integer 
	Parameter C_AXIS_TDEST_WIDTH bound to: 4 - type: integer 
	Parameter C_AXIS_TUSER_WIDTH bound to: 4 - type: integer 
	Parameter C_USE_RX_CUT_THROUGH bound to: 0 - type: integer 
	Parameter C_USE_TX_DATA bound to: 1 - type: integer 
	Parameter C_USE_TX_CTRL bound to: 0 - type: integer 
	Parameter C_USE_RX_DATA bound to: 0 - type: integer 
INFO: [Synth 8-3491] module 'axi_fifo_mm_s' declared at 'c:/Users/johny/BOILresearch/full_dcs_system_6_23_23.xpr/full_dcs_system/full_dcs_system.gen/sources_1/bd/design_1/ipshared/f0c7/hdl/axi_fifo_mm_s_v4_3_rfs.vhd:4764' bound to instance 'U0' of component 'axi_fifo_mm_s' [c:/Users/johny/BOILresearch/full_dcs_system_6_23_23.xpr/full_dcs_system/full_dcs_system.gen/sources_1/bd/design_1/ip/design_1_axi_fifo_mm_s_0_1/synth/design_1_axi_fifo_mm_s_0_1.vhd:260]
INFO: [Synth 8-638] synthesizing module 'axi_fifo_mm_s' [c:/Users/johny/BOILresearch/full_dcs_system_6_23_23.xpr/full_dcs_system/full_dcs_system.gen/sources_1/bd/design_1/ipshared/f0c7/hdl/axi_fifo_mm_s_v4_3_rfs.vhd:4928]
INFO: [Synth 8-638] synthesizing module 'axi_lite_ipif' [c:/Users/johny/BOILresearch/full_dcs_system_6_23_23.xpr/full_dcs_system/full_dcs_system.gen/sources_1/bd/design_1/ipshared/66ea/hdl/axi_lite_ipif_v3_0_vh_rfs.vhd:2948]
INFO: [Synth 8-638] synthesizing module 'slave_attachment' [c:/Users/johny/BOILresearch/full_dcs_system_6_23_23.xpr/full_dcs_system/full_dcs_system.gen/sources_1/bd/design_1/ipshared/66ea/hdl/axi_lite_ipif_v3_0_vh_rfs.vhd:2341]
INFO: [Synth 8-638] synthesizing module 'address_decoder' [c:/Users/johny/BOILresearch/full_dcs_system_6_23_23.xpr/full_dcs_system/full_dcs_system.gen/sources_1/bd/design_1/ipshared/66ea/hdl/axi_lite_ipif_v3_0_vh_rfs.vhd:1775]
INFO: [Synth 8-638] synthesizing module 'pselect_f' [c:/Users/johny/BOILresearch/full_dcs_system_6_23_23.xpr/full_dcs_system/full_dcs_system.gen/sources_1/bd/design_1/ipshared/66ea/hdl/axi_lite_ipif_v3_0_vh_rfs.vhd:1534]
INFO: [Synth 8-256] done synthesizing module 'pselect_f' (0#1) [c:/Users/johny/BOILresearch/full_dcs_system_6_23_23.xpr/full_dcs_system/full_dcs_system.gen/sources_1/bd/design_1/ipshared/66ea/hdl/axi_lite_ipif_v3_0_vh_rfs.vhd:1534]
INFO: [Synth 8-638] synthesizing module 'pselect_f__parameterized0' [c:/Users/johny/BOILresearch/full_dcs_system_6_23_23.xpr/full_dcs_system/full_dcs_system.gen/sources_1/bd/design_1/ipshared/66ea/hdl/axi_lite_ipif_v3_0_vh_rfs.vhd:1534]
INFO: [Synth 8-256] done synthesizing module 'pselect_f__parameterized0' (0#1) [c:/Users/johny/BOILresearch/full_dcs_system_6_23_23.xpr/full_dcs_system/full_dcs_system.gen/sources_1/bd/design_1/ipshared/66ea/hdl/axi_lite_ipif_v3_0_vh_rfs.vhd:1534]
INFO: [Synth 8-638] synthesizing module 'pselect_f__parameterized1' [c:/Users/johny/BOILresearch/full_dcs_system_6_23_23.xpr/full_dcs_system/full_dcs_system.gen/sources_1/bd/design_1/ipshared/66ea/hdl/axi_lite_ipif_v3_0_vh_rfs.vhd:1534]
INFO: [Synth 8-256] done synthesizing module 'pselect_f__parameterized1' (0#1) [c:/Users/johny/BOILresearch/full_dcs_system_6_23_23.xpr/full_dcs_system/full_dcs_system.gen/sources_1/bd/design_1/ipshared/66ea/hdl/axi_lite_ipif_v3_0_vh_rfs.vhd:1534]
INFO: [Synth 8-638] synthesizing module 'pselect_f__parameterized2' [c:/Users/johny/BOILresearch/full_dcs_system_6_23_23.xpr/full_dcs_system/full_dcs_system.gen/sources_1/bd/design_1/ipshared/66ea/hdl/axi_lite_ipif_v3_0_vh_rfs.vhd:1534]
INFO: [Synth 8-256] done synthesizing module 'pselect_f__parameterized2' (0#1) [c:/Users/johny/BOILresearch/full_dcs_system_6_23_23.xpr/full_dcs_system/full_dcs_system.gen/sources_1/bd/design_1/ipshared/66ea/hdl/axi_lite_ipif_v3_0_vh_rfs.vhd:1534]
INFO: [Synth 8-638] synthesizing module 'pselect_f__parameterized3' [c:/Users/johny/BOILresearch/full_dcs_system_6_23_23.xpr/full_dcs_system/full_dcs_system.gen/sources_1/bd/design_1/ipshared/66ea/hdl/axi_lite_ipif_v3_0_vh_rfs.vhd:1534]
INFO: [Synth 8-256] done synthesizing module 'pselect_f__parameterized3' (0#1) [c:/Users/johny/BOILresearch/full_dcs_system_6_23_23.xpr/full_dcs_system/full_dcs_system.gen/sources_1/bd/design_1/ipshared/66ea/hdl/axi_lite_ipif_v3_0_vh_rfs.vhd:1534]
INFO: [Synth 8-638] synthesizing module 'pselect_f__parameterized4' [c:/Users/johny/BOILresearch/full_dcs_system_6_23_23.xpr/full_dcs_system/full_dcs_system.gen/sources_1/bd/design_1/ipshared/66ea/hdl/axi_lite_ipif_v3_0_vh_rfs.vhd:1534]
INFO: [Synth 8-256] done synthesizing module 'pselect_f__parameterized4' (0#1) [c:/Users/johny/BOILresearch/full_dcs_system_6_23_23.xpr/full_dcs_system/full_dcs_system.gen/sources_1/bd/design_1/ipshared/66ea/hdl/axi_lite_ipif_v3_0_vh_rfs.vhd:1534]
INFO: [Synth 8-638] synthesizing module 'pselect_f__parameterized5' [c:/Users/johny/BOILresearch/full_dcs_system_6_23_23.xpr/full_dcs_system/full_dcs_system.gen/sources_1/bd/design_1/ipshared/66ea/hdl/axi_lite_ipif_v3_0_vh_rfs.vhd:1534]
INFO: [Synth 8-256] done synthesizing module 'pselect_f__parameterized5' (0#1) [c:/Users/johny/BOILresearch/full_dcs_system_6_23_23.xpr/full_dcs_system/full_dcs_system.gen/sources_1/bd/design_1/ipshared/66ea/hdl/axi_lite_ipif_v3_0_vh_rfs.vhd:1534]
INFO: [Synth 8-638] synthesizing module 'pselect_f__parameterized6' [c:/Users/johny/BOILresearch/full_dcs_system_6_23_23.xpr/full_dcs_system/full_dcs_system.gen/sources_1/bd/design_1/ipshared/66ea/hdl/axi_lite_ipif_v3_0_vh_rfs.vhd:1534]
INFO: [Synth 8-256] done synthesizing module 'pselect_f__parameterized6' (0#1) [c:/Users/johny/BOILresearch/full_dcs_system_6_23_23.xpr/full_dcs_system/full_dcs_system.gen/sources_1/bd/design_1/ipshared/66ea/hdl/axi_lite_ipif_v3_0_vh_rfs.vhd:1534]
INFO: [Synth 8-638] synthesizing module 'pselect_f__parameterized7' [c:/Users/johny/BOILresearch/full_dcs_system_6_23_23.xpr/full_dcs_system/full_dcs_system.gen/sources_1/bd/design_1/ipshared/66ea/hdl/axi_lite_ipif_v3_0_vh_rfs.vhd:1534]
INFO: [Synth 8-256] done synthesizing module 'pselect_f__parameterized7' (0#1) [c:/Users/johny/BOILresearch/full_dcs_system_6_23_23.xpr/full_dcs_system/full_dcs_system.gen/sources_1/bd/design_1/ipshared/66ea/hdl/axi_lite_ipif_v3_0_vh_rfs.vhd:1534]
INFO: [Synth 8-638] synthesizing module 'pselect_f__parameterized8' [c:/Users/johny/BOILresearch/full_dcs_system_6_23_23.xpr/full_dcs_system/full_dcs_system.gen/sources_1/bd/design_1/ipshared/66ea/hdl/axi_lite_ipif_v3_0_vh_rfs.vhd:1534]
INFO: [Synth 8-256] done synthesizing module 'pselect_f__parameterized8' (0#1) [c:/Users/johny/BOILresearch/full_dcs_system_6_23_23.xpr/full_dcs_system/full_dcs_system.gen/sources_1/bd/design_1/ipshared/66ea/hdl/axi_lite_ipif_v3_0_vh_rfs.vhd:1534]
INFO: [Synth 8-638] synthesizing module 'pselect_f__parameterized9' [c:/Users/johny/BOILresearch/full_dcs_system_6_23_23.xpr/full_dcs_system/full_dcs_system.gen/sources_1/bd/design_1/ipshared/66ea/hdl/axi_lite_ipif_v3_0_vh_rfs.vhd:1534]
INFO: [Synth 8-256] done synthesizing module 'pselect_f__parameterized9' (0#1) [c:/Users/johny/BOILresearch/full_dcs_system_6_23_23.xpr/full_dcs_system/full_dcs_system.gen/sources_1/bd/design_1/ipshared/66ea/hdl/axi_lite_ipif_v3_0_vh_rfs.vhd:1534]
INFO: [Synth 8-638] synthesizing module 'pselect_f__parameterized10' [c:/Users/johny/BOILresearch/full_dcs_system_6_23_23.xpr/full_dcs_system/full_dcs_system.gen/sources_1/bd/design_1/ipshared/66ea/hdl/axi_lite_ipif_v3_0_vh_rfs.vhd:1534]
INFO: [Synth 8-256] done synthesizing module 'pselect_f__parameterized10' (0#1) [c:/Users/johny/BOILresearch/full_dcs_system_6_23_23.xpr/full_dcs_system/full_dcs_system.gen/sources_1/bd/design_1/ipshared/66ea/hdl/axi_lite_ipif_v3_0_vh_rfs.vhd:1534]
INFO: [Synth 8-638] synthesizing module 'pselect_f__parameterized11' [c:/Users/johny/BOILresearch/full_dcs_system_6_23_23.xpr/full_dcs_system/full_dcs_system.gen/sources_1/bd/design_1/ipshared/66ea/hdl/axi_lite_ipif_v3_0_vh_rfs.vhd:1534]
INFO: [Synth 8-256] done synthesizing module 'pselect_f__parameterized11' (0#1) [c:/Users/johny/BOILresearch/full_dcs_system_6_23_23.xpr/full_dcs_system/full_dcs_system.gen/sources_1/bd/design_1/ipshared/66ea/hdl/axi_lite_ipif_v3_0_vh_rfs.vhd:1534]
INFO: [Synth 8-638] synthesizing module 'pselect_f__parameterized12' [c:/Users/johny/BOILresearch/full_dcs_system_6_23_23.xpr/full_dcs_system/full_dcs_system.gen/sources_1/bd/design_1/ipshared/66ea/hdl/axi_lite_ipif_v3_0_vh_rfs.vhd:1534]
INFO: [Synth 8-256] done synthesizing module 'pselect_f__parameterized12' (0#1) [c:/Users/johny/BOILresearch/full_dcs_system_6_23_23.xpr/full_dcs_system/full_dcs_system.gen/sources_1/bd/design_1/ipshared/66ea/hdl/axi_lite_ipif_v3_0_vh_rfs.vhd:1534]
INFO: [Synth 8-638] synthesizing module 'pselect_f__parameterized13' [c:/Users/johny/BOILresearch/full_dcs_system_6_23_23.xpr/full_dcs_system/full_dcs_system.gen/sources_1/bd/design_1/ipshared/66ea/hdl/axi_lite_ipif_v3_0_vh_rfs.vhd:1534]
INFO: [Synth 8-256] done synthesizing module 'pselect_f__parameterized13' (0#1) [c:/Users/johny/BOILresearch/full_dcs_system_6_23_23.xpr/full_dcs_system/full_dcs_system.gen/sources_1/bd/design_1/ipshared/66ea/hdl/axi_lite_ipif_v3_0_vh_rfs.vhd:1534]
INFO: [Synth 8-638] synthesizing module 'pselect_f__parameterized14' [c:/Users/johny/BOILresearch/full_dcs_system_6_23_23.xpr/full_dcs_system/full_dcs_system.gen/sources_1/bd/design_1/ipshared/66ea/hdl/axi_lite_ipif_v3_0_vh_rfs.vhd:1534]
INFO: [Synth 8-256] done synthesizing module 'pselect_f__parameterized14' (0#1) [c:/Users/johny/BOILresearch/full_dcs_system_6_23_23.xpr/full_dcs_system/full_dcs_system.gen/sources_1/bd/design_1/ipshared/66ea/hdl/axi_lite_ipif_v3_0_vh_rfs.vhd:1534]
INFO: [Synth 8-638] synthesizing module 'pselect_f__parameterized15' [c:/Users/johny/BOILresearch/full_dcs_system_6_23_23.xpr/full_dcs_system/full_dcs_system.gen/sources_1/bd/design_1/ipshared/66ea/hdl/axi_lite_ipif_v3_0_vh_rfs.vhd:1534]
INFO: [Synth 8-256] done synthesizing module 'pselect_f__parameterized15' (0#1) [c:/Users/johny/BOILresearch/full_dcs_system_6_23_23.xpr/full_dcs_system/full_dcs_system.gen/sources_1/bd/design_1/ipshared/66ea/hdl/axi_lite_ipif_v3_0_vh_rfs.vhd:1534]
INFO: [Synth 8-638] synthesizing module 'pselect_f__parameterized16' [c:/Users/johny/BOILresearch/full_dcs_system_6_23_23.xpr/full_dcs_system/full_dcs_system.gen/sources_1/bd/design_1/ipshared/66ea/hdl/axi_lite_ipif_v3_0_vh_rfs.vhd:1534]
INFO: [Synth 8-256] done synthesizing module 'pselect_f__parameterized16' (0#1) [c:/Users/johny/BOILresearch/full_dcs_system_6_23_23.xpr/full_dcs_system/full_dcs_system.gen/sources_1/bd/design_1/ipshared/66ea/hdl/axi_lite_ipif_v3_0_vh_rfs.vhd:1534]
INFO: [Synth 8-638] synthesizing module 'pselect_f__parameterized17' [c:/Users/johny/BOILresearch/full_dcs_system_6_23_23.xpr/full_dcs_system/full_dcs_system.gen/sources_1/bd/design_1/ipshared/66ea/hdl/axi_lite_ipif_v3_0_vh_rfs.vhd:1534]
INFO: [Synth 8-256] done synthesizing module 'pselect_f__parameterized17' (0#1) [c:/Users/johny/BOILresearch/full_dcs_system_6_23_23.xpr/full_dcs_system/full_dcs_system.gen/sources_1/bd/design_1/ipshared/66ea/hdl/axi_lite_ipif_v3_0_vh_rfs.vhd:1534]
INFO: [Synth 8-638] synthesizing module 'pselect_f__parameterized18' [c:/Users/johny/BOILresearch/full_dcs_system_6_23_23.xpr/full_dcs_system/full_dcs_system.gen/sources_1/bd/design_1/ipshared/66ea/hdl/axi_lite_ipif_v3_0_vh_rfs.vhd:1534]
INFO: [Synth 8-256] done synthesizing module 'pselect_f__parameterized18' (0#1) [c:/Users/johny/BOILresearch/full_dcs_system_6_23_23.xpr/full_dcs_system/full_dcs_system.gen/sources_1/bd/design_1/ipshared/66ea/hdl/axi_lite_ipif_v3_0_vh_rfs.vhd:1534]
INFO: [Synth 8-638] synthesizing module 'pselect_f__parameterized19' [c:/Users/johny/BOILresearch/full_dcs_system_6_23_23.xpr/full_dcs_system/full_dcs_system.gen/sources_1/bd/design_1/ipshared/66ea/hdl/axi_lite_ipif_v3_0_vh_rfs.vhd:1534]
INFO: [Synth 8-256] done synthesizing module 'pselect_f__parameterized19' (0#1) [c:/Users/johny/BOILresearch/full_dcs_system_6_23_23.xpr/full_dcs_system/full_dcs_system.gen/sources_1/bd/design_1/ipshared/66ea/hdl/axi_lite_ipif_v3_0_vh_rfs.vhd:1534]
INFO: [Synth 8-256] done synthesizing module 'address_decoder' (0#1) [c:/Users/johny/BOILresearch/full_dcs_system_6_23_23.xpr/full_dcs_system/full_dcs_system.gen/sources_1/bd/design_1/ipshared/66ea/hdl/axi_lite_ipif_v3_0_vh_rfs.vhd:1775]
INFO: [Synth 8-226] default block is never used [c:/Users/johny/BOILresearch/full_dcs_system_6_23_23.xpr/full_dcs_system/full_dcs_system.gen/sources_1/bd/design_1/ipshared/66ea/hdl/axi_lite_ipif_v3_0_vh_rfs.vhd:2550]
INFO: [Synth 8-256] done synthesizing module 'slave_attachment' (0#1) [c:/Users/johny/BOILresearch/full_dcs_system_6_23_23.xpr/full_dcs_system/full_dcs_system.gen/sources_1/bd/design_1/ipshared/66ea/hdl/axi_lite_ipif_v3_0_vh_rfs.vhd:2341]
INFO: [Synth 8-256] done synthesizing module 'axi_lite_ipif' (0#1) [c:/Users/johny/BOILresearch/full_dcs_system_6_23_23.xpr/full_dcs_system/full_dcs_system.gen/sources_1/bd/design_1/ipshared/66ea/hdl/axi_lite_ipif_v3_0_vh_rfs.vhd:2948]
INFO: [Synth 8-638] synthesizing module 'ipic2axi_s' [c:/Users/johny/BOILresearch/full_dcs_system_6_23_23.xpr/full_dcs_system/full_dcs_system.gen/sources_1/bd/design_1/ipshared/f0c7/hdl/axi_fifo_mm_s_v4_3_rfs.vhd:3537]
INFO: [Synth 8-638] synthesizing module 'fifo' [c:/Users/johny/BOILresearch/full_dcs_system_6_23_23.xpr/full_dcs_system/full_dcs_system.gen/sources_1/bd/design_1/ipshared/f0c7/hdl/axi_fifo_mm_s_v4_3_rfs.vhd:3073]
INFO: [Synth 8-638] synthesizing module 'axis_fg' [c:/Users/johny/BOILresearch/full_dcs_system_6_23_23.xpr/full_dcs_system/full_dcs_system.gen/sources_1/bd/design_1/ipshared/f0c7/hdl/axi_fifo_mm_s_v4_3_rfs.vhd:2774]
	Parameter CLOCKING_MODE bound to: COMMON - type: string 
	Parameter FIFO_MEMORY_TYPE bound to: BRAM - type: string 
	Parameter CASCADE_HEIGHT bound to: 0 - type: integer 
	Parameter PACKET_FIFO bound to: true - type: string 
	Parameter FIFO_DEPTH bound to: 512 - type: integer 
	Parameter TDATA_WIDTH bound to: 32 - type: integer 
	Parameter TID_WIDTH bound to: 4 - type: integer 
	Parameter TDEST_WIDTH bound to: 4 - type: integer 
	Parameter TUSER_WIDTH bound to: 4 - type: integer 
	Parameter ECC_MODE bound to: NO_ECC - type: string 
	Parameter RELATED_CLOCKS bound to: 0 - type: integer 
	Parameter USE_ADV_FEATURES bound to: 1606 - type: string 
	Parameter WR_DATA_COUNT_WIDTH bound to: 10 - type: integer 
	Parameter RD_DATA_COUNT_WIDTH bound to: 10 - type: integer 
	Parameter PROG_FULL_THRESH bound to: 507 - type: integer 
	Parameter PROG_EMPTY_THRESH bound to: 5 - type: integer 
	Parameter CDC_SYNC_STAGES bound to: 2 - type: integer 
INFO: [Synth 8-3491] module 'xpm_fifo_axis' declared at 'C:/Xilinx/Vivado/2023.1/data/ip/xpm/xpm_fifo/hdl/xpm_fifo.sv:2349' bound to instance 'COMP_FIFO' of component 'xpm_fifo_axis' [c:/Users/johny/BOILresearch/full_dcs_system_6_23_23.xpr/full_dcs_system/full_dcs_system.gen/sources_1/bd/design_1/ipshared/f0c7/hdl/axi_fifo_mm_s_v4_3_rfs.vhd:2841]
INFO: [Synth 8-6157] synthesizing module 'xpm_fifo_axis' [C:/Xilinx/Vivado/2023.1/data/ip/xpm/xpm_fifo/hdl/xpm_fifo.sv:2349]
INFO: [Synth 8-6059] Synth Info: [XPM_FIFO_AXIS 21-1] Almost full flag option is not enabled (USE_ADV_FEATURES[3] = 1'b0) but Packet FIFO mode requires almost_full to be enabled. XPM_FIFO_AXIS enables the Almost full flag automatically. You may ignore almost_full port if not required   [C:/Xilinx/Vivado/2023.1/data/ip/xpm/xpm_fifo/hdl/xpm_fifo.sv:2571]
INFO: [Synth 8-6059] Synth Info: [XPM_FIFO_AXIS 21-1] Almost empty flag option is not enabled (USE_ADV_FEATURES[11] = 1'b0) but Packet FIFO mode requires almost_empty to be enabled. XPM_FIFO_AXIS enables the Almost empty flag automatically. You may ignore almost_empty port if not required   [C:/Xilinx/Vivado/2023.1/data/ip/xpm/xpm_fifo/hdl/xpm_fifo.sv:2574]
INFO: [Synth 8-6157] synthesizing module 'xpm_cdc_sync_rst' [C:/Xilinx/Vivado/2023.1/data/ip/xpm/xpm_cdc/hdl/xpm_cdc.sv:1058]
INFO: [Synth 8-6155] done synthesizing module 'xpm_cdc_sync_rst' (0#1) [C:/Xilinx/Vivado/2023.1/data/ip/xpm/xpm_cdc/hdl/xpm_cdc.sv:1058]
INFO: [Synth 8-6157] synthesizing module 'xpm_fifo_base' [C:/Xilinx/Vivado/2023.1/data/ip/xpm/xpm_fifo/hdl/xpm_fifo.sv:55]
INFO: [Synth 8-6157] synthesizing module 'xpm_counter_updn' [C:/Xilinx/Vivado/2023.1/data/ip/xpm/xpm_fifo/hdl/xpm_fifo.sv:1859]
INFO: [Synth 8-6155] done synthesizing module 'xpm_counter_updn' (0#1) [C:/Xilinx/Vivado/2023.1/data/ip/xpm/xpm_fifo/hdl/xpm_fifo.sv:1859]
INFO: [Synth 8-6157] synthesizing module 'xpm_counter_updn__parameterized0' [C:/Xilinx/Vivado/2023.1/data/ip/xpm/xpm_fifo/hdl/xpm_fifo.sv:1859]
INFO: [Synth 8-6155] done synthesizing module 'xpm_counter_updn__parameterized0' (0#1) [C:/Xilinx/Vivado/2023.1/data/ip/xpm/xpm_fifo/hdl/xpm_fifo.sv:1859]
INFO: [Synth 8-6157] synthesizing module 'xpm_memory_base' [C:/Xilinx/Vivado/2023.1/data/ip/xpm/xpm_memory/hdl/xpm_memory.sv:56]
INFO: [Synth 8-6155] done synthesizing module 'xpm_memory_base' (0#1) [C:/Xilinx/Vivado/2023.1/data/ip/xpm/xpm_memory/hdl/xpm_memory.sv:56]
INFO: [Synth 8-226] default block is never used [C:/Xilinx/Vivado/2023.1/data/ip/xpm/xpm_fifo/hdl/xpm_fifo.sv:1207]
INFO: [Synth 8-226] default block is never used [C:/Xilinx/Vivado/2023.1/data/ip/xpm/xpm_fifo/hdl/xpm_fifo.sv:1274]
INFO: [Synth 8-226] default block is never used [C:/Xilinx/Vivado/2023.1/data/ip/xpm/xpm_fifo/hdl/xpm_fifo.sv:1296]
INFO: [Synth 8-6157] synthesizing module 'xpm_fifo_reg_bit' [C:/Xilinx/Vivado/2023.1/data/ip/xpm/xpm_fifo/hdl/xpm_fifo.sv:1907]
INFO: [Synth 8-6155] done synthesizing module 'xpm_fifo_reg_bit' (0#1) [C:/Xilinx/Vivado/2023.1/data/ip/xpm/xpm_fifo/hdl/xpm_fifo.sv:1907]
INFO: [Synth 8-6157] synthesizing module 'xpm_counter_updn__parameterized1' [C:/Xilinx/Vivado/2023.1/data/ip/xpm/xpm_fifo/hdl/xpm_fifo.sv:1859]
INFO: [Synth 8-6155] done synthesizing module 'xpm_counter_updn__parameterized1' (0#1) [C:/Xilinx/Vivado/2023.1/data/ip/xpm/xpm_fifo/hdl/xpm_fifo.sv:1859]
INFO: [Synth 8-6157] synthesizing module 'xpm_fifo_rst' [C:/Xilinx/Vivado/2023.1/data/ip/xpm/xpm_fifo/hdl/xpm_fifo.sv:1619]
INFO: [Synth 8-6155] done synthesizing module 'xpm_fifo_rst' (0#1) [C:/Xilinx/Vivado/2023.1/data/ip/xpm/xpm_fifo/hdl/xpm_fifo.sv:1619]
INFO: [Synth 8-6157] synthesizing module 'xpm_counter_updn__parameterized2' [C:/Xilinx/Vivado/2023.1/data/ip/xpm/xpm_fifo/hdl/xpm_fifo.sv:1859]
INFO: [Synth 8-6155] done synthesizing module 'xpm_counter_updn__parameterized2' (0#1) [C:/Xilinx/Vivado/2023.1/data/ip/xpm/xpm_fifo/hdl/xpm_fifo.sv:1859]
INFO: [Synth 8-6157] synthesizing module 'xpm_counter_updn__parameterized3' [C:/Xilinx/Vivado/2023.1/data/ip/xpm/xpm_fifo/hdl/xpm_fifo.sv:1859]
INFO: [Synth 8-6155] done synthesizing module 'xpm_counter_updn__parameterized3' (0#1) [C:/Xilinx/Vivado/2023.1/data/ip/xpm/xpm_fifo/hdl/xpm_fifo.sv:1859]
INFO: [Synth 8-6155] done synthesizing module 'xpm_fifo_base' (0#1) [C:/Xilinx/Vivado/2023.1/data/ip/xpm/xpm_fifo/hdl/xpm_fifo.sv:55]
INFO: [Synth 8-6155] done synthesizing module 'xpm_fifo_axis' (0#1) [C:/Xilinx/Vivado/2023.1/data/ip/xpm/xpm_fifo/hdl/xpm_fifo.sv:2349]
INFO: [Synth 8-256] done synthesizing module 'axis_fg' (0#1) [c:/Users/johny/BOILresearch/full_dcs_system_6_23_23.xpr/full_dcs_system/full_dcs_system.gen/sources_1/bd/design_1/ipshared/f0c7/hdl/axi_fifo_mm_s_v4_3_rfs.vhd:2774]
INFO: [Synth 8-256] done synthesizing module 'fifo' (0#1) [c:/Users/johny/BOILresearch/full_dcs_system_6_23_23.xpr/full_dcs_system/full_dcs_system.gen/sources_1/bd/design_1/ipshared/f0c7/hdl/axi_fifo_mm_s_v4_3_rfs.vhd:3073]
INFO: [Synth 8-256] done synthesizing module 'ipic2axi_s' (0#1) [c:/Users/johny/BOILresearch/full_dcs_system_6_23_23.xpr/full_dcs_system/full_dcs_system.gen/sources_1/bd/design_1/ipshared/f0c7/hdl/axi_fifo_mm_s_v4_3_rfs.vhd:3537]
INFO: [Synth 8-256] done synthesizing module 'axi_fifo_mm_s' (0#1) [c:/Users/johny/BOILresearch/full_dcs_system_6_23_23.xpr/full_dcs_system/full_dcs_system.gen/sources_1/bd/design_1/ipshared/f0c7/hdl/axi_fifo_mm_s_v4_3_rfs.vhd:4928]
INFO: [Synth 8-256] done synthesizing module 'design_1_axi_fifo_mm_s_0_1' (0#1) [c:/Users/johny/BOILresearch/full_dcs_system_6_23_23.xpr/full_dcs_system/full_dcs_system.gen/sources_1/bd/design_1/ip/design_1_axi_fifo_mm_s_0_1/synth/design_1_axi_fifo_mm_s_0_1.vhd:89]
WARNING: [Synth 8-6014] Unused sequential element is_read_reg was removed.  [c:/Users/johny/BOILresearch/full_dcs_system_6_23_23.xpr/full_dcs_system/full_dcs_system.gen/sources_1/bd/design_1/ipshared/66ea/hdl/axi_lite_ipif_v3_0_vh_rfs.vhd:2447]
WARNING: [Synth 8-6014] Unused sequential element is_write_reg was removed.  [c:/Users/johny/BOILresearch/full_dcs_system_6_23_23.xpr/full_dcs_system/full_dcs_system.gen/sources_1/bd/design_1/ipshared/66ea/hdl/axi_lite_ipif_v3_0_vh_rfs.vhd:2448]
WARNING: [Synth 8-6014] Unused sequential element gen_rd_b.gen_doutb_pipe.enb_pipe_reg[0] was removed.  [C:/Xilinx/Vivado/2023.1/data/ip/xpm/xpm_memory/hdl/xpm_memory.sv:3071]
WARNING: [Synth 8-6014] Unused sequential element gdvld.data_valid_std_reg was removed.  [C:/Xilinx/Vivado/2023.1/data/ip/xpm/xpm_fifo/hdl/xpm_fifo.sv:537]
WARNING: [Synth 8-6014] Unused sequential element gen_pntr_flags_cc.gae_cc_std.ram_aempty_i_reg was removed.  [C:/Xilinx/Vivado/2023.1/data/ip/xpm/xpm_fifo/hdl/xpm_fifo.sv:969]
WARNING: [Synth 8-6014] Unused sequential element gen_fwft.empty_fwft_fb_reg was removed.  [C:/Xilinx/Vivado/2023.1/data/ip/xpm/xpm_fifo/hdl/xpm_fifo.sv:1391]
WARNING: [Synth 8-6014] Unused sequential element gtxd.tx_ecc1_cntr_reg was removed.  [c:/Users/johny/BOILresearch/full_dcs_system_6_23_23.xpr/full_dcs_system/full_dcs_system.gen/sources_1/bd/design_1/ipshared/f0c7/hdl/axi_fifo_mm_s_v4_3_rfs.vhd:3896]
WARNING: [Synth 8-6014] Unused sequential element gtxd.tx_ecc2_cntr_reg was removed.  [c:/Users/johny/BOILresearch/full_dcs_system_6_23_23.xpr/full_dcs_system/full_dcs_system.gen/sources_1/bd/design_1/ipshared/f0c7/hdl/axi_fifo_mm_s_v4_3_rfs.vhd:3911]
WARNING: [Synth 8-6014] Unused sequential element sig_rx_channel_reset_reg was removed.  [c:/Users/johny/BOILresearch/full_dcs_system_6_23_23.xpr/full_dcs_system/full_dcs_system.gen/sources_1/bd/design_1/ipshared/f0c7/hdl/axi_fifo_mm_s_v4_3_rfs.vhd:3999]
WARNING: [Synth 8-6014] Unused sequential element sig_rxd_rd_en_reg was removed.  [c:/Users/johny/BOILresearch/full_dcs_system_6_23_23.xpr/full_dcs_system/full_dcs_system.gen/sources_1/bd/design_1/ipshared/f0c7/hdl/axi_fifo_mm_s_v4_3_rfs.vhd:4003]
WARNING: [Synth 8-6014] Unused sequential element sig_ip2bus_data_mux_reg was removed.  [c:/Users/johny/BOILresearch/full_dcs_system_6_23_23.xpr/full_dcs_system/full_dcs_system.gen/sources_1/bd/design_1/ipshared/f0c7/hdl/axi_fifo_mm_s_v4_3_rfs.vhd:4007]
WARNING: [Synth 8-6014] Unused sequential element sig_rd_decode_reg was removed.  [c:/Users/johny/BOILresearch/full_dcs_system_6_23_23.xpr/full_dcs_system/full_dcs_system.gen/sources_1/bd/design_1/ipshared/f0c7/hdl/axi_fifo_mm_s_v4_3_rfs.vhd:4010]
WARNING: [Synth 8-6014] Unused sequential element sig_rd_rlen_reg was removed.  [c:/Users/johny/BOILresearch/full_dcs_system_6_23_23.xpr/full_dcs_system/full_dcs_system.gen/sources_1/bd/design_1/ipshared/f0c7/hdl/axi_fifo_mm_s_v4_3_rfs.vhd:4011]
WARNING: [Synth 8-6014] Unused sequential element sig_tx_ecc_ec_reset_reg was removed.  [c:/Users/johny/BOILresearch/full_dcs_system_6_23_23.xpr/full_dcs_system/full_dcs_system.gen/sources_1/bd/design_1/ipshared/f0c7/hdl/axi_fifo_mm_s_v4_3_rfs.vhd:3895]
WARNING: [Synth 8-6014] Unused sequential element sig_rx_ecc_ec_reset_reg was removed.  [c:/Users/johny/BOILresearch/full_dcs_system_6_23_23.xpr/full_dcs_system/full_dcs_system.gen/sources_1/bd/design_1/ipshared/f0c7/hdl/axi_fifo_mm_s_v4_3_rfs.vhd:4017]
WARNING: [Synth 8-6014] Unused sequential element sig_rx_injsbiterr_reg was removed.  [c:/Users/johny/BOILresearch/full_dcs_system_6_23_23.xpr/full_dcs_system/full_dcs_system.gen/sources_1/bd/design_1/ipshared/f0c7/hdl/axi_fifo_mm_s_v4_3_rfs.vhd:4018]
WARNING: [Synth 8-6014] Unused sequential element sig_rx_injdbiterr_reg was removed.  [c:/Users/johny/BOILresearch/full_dcs_system_6_23_23.xpr/full_dcs_system/full_dcs_system.gen/sources_1/bd/design_1/ipshared/f0c7/hdl/axi_fifo_mm_s_v4_3_rfs.vhd:4019]
WARNING: [Synth 8-7129] Port rd_clk in module xpm_fifo_rst is either unconnected or has no load
WARNING: [Synth 8-7129] Port sleep in module xpm_memory_base is either unconnected or has no load
WARNING: [Synth 8-7129] Port rsta in module xpm_memory_base is either unconnected or has no load
WARNING: [Synth 8-7129] Port regcea in module xpm_memory_base is either unconnected or has no load
WARNING: [Synth 8-7129] Port injectsbiterra in module xpm_memory_base is either unconnected or has no load
WARNING: [Synth 8-7129] Port injectdbiterra in module xpm_memory_base is either unconnected or has no load
WARNING: [Synth 8-7129] Port clkb in module xpm_memory_base is either unconnected or has no load
WARNING: [Synth 8-7129] Port dinb[52] in module xpm_memory_base is either unconnected or has no load
WARNING: [Synth 8-7129] Port dinb[51] in module xpm_memory_base is either unconnected or has no load
WARNING: [Synth 8-7129] Port dinb[50] in module xpm_memory_base is either unconnected or has no load
WARNING: [Synth 8-7129] Port dinb[49] in module xpm_memory_base is either unconnected or has no load
WARNING: [Synth 8-7129] Port dinb[48] in module xpm_memory_base is either unconnected or has no load
WARNING: [Synth 8-7129] Port dinb[47] in module xpm_memory_base is either unconnected or has no load
WARNING: [Synth 8-7129] Port dinb[46] in module xpm_memory_base is either unconnected or has no load
WARNING: [Synth 8-7129] Port dinb[45] in module xpm_memory_base is either unconnected or has no load
WARNING: [Synth 8-7129] Port dinb[44] in module xpm_memory_base is either unconnected or has no load
WARNING: [Synth 8-7129] Port dinb[43] in module xpm_memory_base is either unconnected or has no load
WARNING: [Synth 8-7129] Port dinb[42] in module xpm_memory_base is either unconnected or has no load
WARNING: [Synth 8-7129] Port dinb[41] in module xpm_memory_base is either unconnected or has no load
WARNING: [Synth 8-7129] Port dinb[40] in module xpm_memory_base is either unconnected or has no load
WARNING: [Synth 8-7129] Port dinb[39] in module xpm_memory_base is either unconnected or has no load
WARNING: [Synth 8-7129] Port dinb[38] in module xpm_memory_base is either unconnected or has no load
WARNING: [Synth 8-7129] Port dinb[37] in module xpm_memory_base is either unconnected or has no load
WARNING: [Synth 8-7129] Port dinb[36] in module xpm_memory_base is either unconnected or has no load
WARNING: [Synth 8-7129] Port dinb[35] in module xpm_memory_base is either unconnected or has no load
WARNING: [Synth 8-7129] Port dinb[34] in module xpm_memory_base is either unconnected or has no load
WARNING: [Synth 8-7129] Port dinb[33] in module xpm_memory_base is either unconnected or has no load
WARNING: [Synth 8-7129] Port dinb[32] in module xpm_memory_base is either unconnected or has no load
WARNING: [Synth 8-7129] Port dinb[31] in module xpm_memory_base is either unconnected or has no load
WARNING: [Synth 8-7129] Port dinb[30] in module xpm_memory_base is either unconnected or has no load
WARNING: [Synth 8-7129] Port dinb[29] in module xpm_memory_base is either unconnected or has no load
WARNING: [Synth 8-7129] Port dinb[28] in module xpm_memory_base is either unconnected or has no load
WARNING: [Synth 8-7129] Port dinb[27] in module xpm_memory_base is either unconnected or has no load
WARNING: [Synth 8-7129] Port dinb[26] in module xpm_memory_base is either unconnected or has no load
WARNING: [Synth 8-7129] Port dinb[25] in module xpm_memory_base is either unconnected or has no load
WARNING: [Synth 8-7129] Port dinb[24] in module xpm_memory_base is either unconnected or has no load
WARNING: [Synth 8-7129] Port dinb[23] in module xpm_memory_base is either unconnected or has no load
WARNING: [Synth 8-7129] Port dinb[22] in module xpm_memory_base is either unconnected or has no load
WARNING: [Synth 8-7129] Port dinb[21] in module xpm_memory_base is either unconnected or has no load
WARNING: [Synth 8-7129] Port dinb[20] in module xpm_memory_base is either unconnected or has no load
WARNING: [Synth 8-7129] Port dinb[19] in module xpm_memory_base is either unconnected or has no load
WARNING: [Synth 8-7129] Port dinb[18] in module xpm_memory_base is either unconnected or has no load
WARNING: [Synth 8-7129] Port dinb[17] in module xpm_memory_base is either unconnected or has no load
WARNING: [Synth 8-7129] Port dinb[16] in module xpm_memory_base is either unconnected or has no load
WARNING: [Synth 8-7129] Port dinb[15] in module xpm_memory_base is either unconnected or has no load
WARNING: [Synth 8-7129] Port dinb[14] in module xpm_memory_base is either unconnected or has no load
WARNING: [Synth 8-7129] Port dinb[13] in module xpm_memory_base is either unconnected or has no load
WARNING: [Synth 8-7129] Port dinb[12] in module xpm_memory_base is either unconnected or has no load
WARNING: [Synth 8-7129] Port dinb[11] in module xpm_memory_base is either unconnected or has no load
WARNING: [Synth 8-7129] Port dinb[10] in module xpm_memory_base is either unconnected or has no load
WARNING: [Synth 8-7129] Port dinb[9] in module xpm_memory_base is either unconnected or has no load
WARNING: [Synth 8-7129] Port dinb[8] in module xpm_memory_base is either unconnected or has no load
WARNING: [Synth 8-7129] Port dinb[7] in module xpm_memory_base is either unconnected or has no load
WARNING: [Synth 8-7129] Port dinb[6] in module xpm_memory_base is either unconnected or has no load
WARNING: [Synth 8-7129] Port dinb[5] in module xpm_memory_base is either unconnected or has no load
WARNING: [Synth 8-7129] Port dinb[4] in module xpm_memory_base is either unconnected or has no load
WARNING: [Synth 8-7129] Port dinb[3] in module xpm_memory_base is either unconnected or has no load
WARNING: [Synth 8-7129] Port dinb[2] in module xpm_memory_base is either unconnected or has no load
WARNING: [Synth 8-7129] Port dinb[1] in module xpm_memory_base is either unconnected or has no load
WARNING: [Synth 8-7129] Port dinb[0] in module xpm_memory_base is either unconnected or has no load
WARNING: [Synth 8-7129] Port injectsbiterrb in module xpm_memory_base is either unconnected or has no load
WARNING: [Synth 8-7129] Port injectdbiterrb in module xpm_memory_base is either unconnected or has no load
WARNING: [Synth 8-7129] Port m_aclk in module xpm_fifo_axis is either unconnected or has no load
WARNING: [Synth 8-7129] Port rd_en in module fifo is either unconnected or has no load
WARNING: [Synth 8-7129] Port wr_data[0] in module fifo is either unconnected or has no load
WARNING: [Synth 8-7129] Port mm2s_tstrb[3] in module fifo is either unconnected or has no load
WARNING: [Synth 8-7129] Port mm2s_tstrb[2] in module fifo is either unconnected or has no load
WARNING: [Synth 8-7129] Port mm2s_tstrb[1] in module fifo is either unconnected or has no load
WARNING: [Synth 8-7129] Port mm2s_tstrb[0] in module fifo is either unconnected or has no load
WARNING: [Synth 8-7129] Port s2mm_tstrb[3] in module fifo is either unconnected or has no load
WARNING: [Synth 8-7129] Port s2mm_tstrb[2] in module fifo is either unconnected or has no load
WARNING: [Synth 8-7129] Port s2mm_tstrb[1] in module fifo is either unconnected or has no load
WARNING: [Synth 8-7129] Port s2mm_tstrb[0] in module fifo is either unconnected or has no load
WARNING: [Synth 8-7129] Port s2mm_tdest[3] in module fifo is either unconnected or has no load
WARNING: [Synth 8-7129] Port s2mm_tdest[2] in module fifo is either unconnected or has no load
WARNING: [Synth 8-7129] Port s2mm_tdest[1] in module fifo is either unconnected or has no load
WARNING: [Synth 8-7129] Port s2mm_tdest[0] in module fifo is either unconnected or has no load
WARNING: [Synth 8-7129] Port Bus2IP_BE[0] in module ipic2axi_s is either unconnected or has no load
WARNING: [Synth 8-7129] Port Bus2IP_BE[1] in module ipic2axi_s is either unconnected or has no load
WARNING: [Synth 8-7129] Port Bus2IP_BE[2] in module ipic2axi_s is either unconnected or has no load
WARNING: [Synth 8-7129] Port Bus2IP_BE[3] in module ipic2axi_s is either unconnected or has no load
WARNING: [Synth 8-7129] Port axil_rdata_ack in module ipic2axi_s is either unconnected or has no load
WARNING: [Synth 8-7129] Port axi4_tdfd_en in module ipic2axi_s is either unconnected or has no load
WARNING: [Synth 8-7129] Port axi4_rdfd_en in module ipic2axi_s is either unconnected or has no load
WARNING: [Synth 8-7129] Port axi4_fifo_wr_en in module ipic2axi_s is either unconnected or has no load
WARNING: [Synth 8-7129] Port S_AXI4_WDATA[0] in module ipic2axi_s is either unconnected or has no load
WARNING: [Synth 8-7129] Port S_AXI4_WDATA[1] in module ipic2axi_s is either unconnected or has no load
WARNING: [Synth 8-7129] Port S_AXI4_WDATA[2] in module ipic2axi_s is either unconnected or has no load
WARNING: [Synth 8-7129] Port S_AXI4_WDATA[3] in module ipic2axi_s is either unconnected or has no load
WARNING: [Synth 8-7129] Port S_AXI4_WDATA[4] in module ipic2axi_s is either unconnected or has no load
WARNING: [Synth 8-7129] Port S_AXI4_WDATA[5] in module ipic2axi_s is either unconnected or has no load
WARNING: [Synth 8-7129] Port S_AXI4_WDATA[6] in module ipic2axi_s is either unconnected or has no load
WARNING: [Synth 8-7129] Port S_AXI4_WDATA[7] in module ipic2axi_s is either unconnected or has no load
WARNING: [Synth 8-7129] Port S_AXI4_WDATA[8] in module ipic2axi_s is either unconnected or has no load
WARNING: [Synth 8-7129] Port S_AXI4_WDATA[9] in module ipic2axi_s is either unconnected or has no load
WARNING: [Synth 8-7129] Port S_AXI4_WDATA[10] in module ipic2axi_s is either unconnected or has no load
WARNING: [Synth 8-7129] Port S_AXI4_WDATA[11] in module ipic2axi_s is either unconnected or has no load
WARNING: [Synth 8-7129] Port S_AXI4_WDATA[12] in module ipic2axi_s is either unconnected or has no load
WARNING: [Synth 8-7129] Port S_AXI4_WDATA[13] in module ipic2axi_s is either unconnected or has no load
WARNING: [Synth 8-7129] Port S_AXI4_WDATA[14] in module ipic2axi_s is either unconnected or has no load
INFO: [Common 17-14] Message 'Synth 8-7129' appears 100 times and further instances of the messages will be disabled. Use the Tcl command set_msg_config to change the current settings.
---------------------------------------------------------------------------------
Finished RTL Elaboration : Time (s): cpu = 00:00:22 ; elapsed = 00:00:26 . Memory (MB): peak = 1531.281 ; gain = 642.531
---------------------------------------------------------------------------------
---------------------------------------------------------------------------------
Start Handling Custom Attributes
---------------------------------------------------------------------------------
---------------------------------------------------------------------------------
Finished Handling Custom Attributes : Time (s): cpu = 00:00:22 ; elapsed = 00:00:26 . Memory (MB): peak = 1531.281 ; gain = 642.531
---------------------------------------------------------------------------------
---------------------------------------------------------------------------------
Finished RTL Optimization Phase 1 : Time (s): cpu = 00:00:22 ; elapsed = 00:00:26 . Memory (MB): peak = 1531.281 ; gain = 642.531
---------------------------------------------------------------------------------
Netlist sorting complete. Time (s): cpu = 00:00:00 ; elapsed = 00:00:00.036 . Memory (MB): peak = 1531.281 ; gain = 0.000
INFO: [Project 1-570] Preparing netlist for logic optimization

Processing XDC Constraints
Initializing timing engine
Parsing XDC File [c:/Users/johny/BOILresearch/full_dcs_system_6_23_23.xpr/full_dcs_system/full_dcs_system.gen/sources_1/bd/design_1/ip/design_1_axi_fifo_mm_s_0_1/design_1_axi_fifo_mm_s_0_1_ooc.xdc] for cell 'U0'
Finished Parsing XDC File [c:/Users/johny/BOILresearch/full_dcs_system_6_23_23.xpr/full_dcs_system/full_dcs_system.gen/sources_1/bd/design_1/ip/design_1_axi_fifo_mm_s_0_1/design_1_axi_fifo_mm_s_0_1_ooc.xdc] for cell 'U0'
Parsing XDC File [C:/Users/johny/BOILresearch/full_dcs_system_6_23_23.xpr/full_dcs_system/full_dcs_system.runs/design_1_axi_fifo_mm_s_0_1_synth_1/dont_touch.xdc]
Finished Parsing XDC File [C:/Users/johny/BOILresearch/full_dcs_system_6_23_23.xpr/full_dcs_system/full_dcs_system.runs/design_1_axi_fifo_mm_s_0_1_synth_1/dont_touch.xdc]
INFO: [Project 1-236] Implementation specific constraints were found while reading constraint file [C:/Xilinx/Vivado/2023.1/data/ip/xpm/xpm_fifo/tcl/xpm_fifo_rst_axis.tcl]. These constraints will be ignored for synthesis but will be used in implementation. Impacted constraints are listed in the file [.Xil/design_1_axi_fifo_mm_s_0_1_propImpl.xdc].
Resolution: To avoid this warning, move constraints listed in [.Xil/design_1_axi_fifo_mm_s_0_1_propImpl.xdc] to another XDC file and exclude this new file from synthesis with the used_in_synthesis property (File Properties dialog in GUI) and re-run elaboration/synthesis.
INFO: [Project 1-1714] 2 XPM XDC files have been applied to the design.
Completed Processing XDC Constraints

Netlist sorting complete. Time (s): cpu = 00:00:00 ; elapsed = 00:00:00.001 . Memory (MB): peak = 1531.281 ; gain = 0.000
INFO: [Project 1-111] Unisim Transformation Summary:
No Unisim elements were transformed.

Constraint Validation Runtime : Time (s): cpu = 00:00:00 ; elapsed = 00:00:00.051 . Memory (MB): peak = 1531.281 ; gain = 0.000
INFO: [Designutils 20-5008] Incremental synthesis strategy off
---------------------------------------------------------------------------------
Finished Constraint Validation : Time (s): cpu = 00:00:34 ; elapsed = 00:00:38 . Memory (MB): peak = 1531.281 ; gain = 642.531
---------------------------------------------------------------------------------
---------------------------------------------------------------------------------
Start Loading Part and Timing Information
---------------------------------------------------------------------------------
Loading part: xc7a75tfgg484-1
---------------------------------------------------------------------------------
Finished Loading Part and Timing Information : Time (s): cpu = 00:00:34 ; elapsed = 00:00:38 . Memory (MB): peak = 1531.281 ; gain = 642.531
---------------------------------------------------------------------------------
---------------------------------------------------------------------------------
Start Applying 'set_property' XDC Constraints
---------------------------------------------------------------------------------
Applied set_property KEEP_HIERARCHY = SOFT for U0. (constraint file  C:/Users/johny/BOILresearch/full_dcs_system_6_23_23.xpr/full_dcs_system/full_dcs_system.runs/design_1_axi_fifo_mm_s_0_1_synth_1/dont_touch.xdc, line 9).
Applied set_property KEEP_HIERARCHY = SOFT for U0/COMP_IPIC2AXI_S/\gtxd.COMP_TXD_FIFO /\gfifo_gen.COMP_AXIS_FG_FIFO /COMP_FIFO/\gaxis_rst_sync.xpm_cdc_sync_rst_inst . (constraint file  auto generated constraint).
Applied set_property KEEP_HIERARCHY = SOFT for U0/COMP_IPIC2AXI_S/\gtxd.COMP_TXD_FIFO /\gfifo_gen.COMP_AXIS_FG_FIFO /COMP_FIFO. (constraint file  auto generated constraint).
---------------------------------------------------------------------------------
Finished applying 'set_property' XDC Constraints : Time (s): cpu = 00:00:34 ; elapsed = 00:00:38 . Memory (MB): peak = 1531.281 ; gain = 642.531
---------------------------------------------------------------------------------
INFO: [Synth 8-802] inferred FSM for state register 'state_reg' in module 'slave_attachment'
INFO: [Synth 8-802] inferred FSM for state register 'gen_fwft.curr_fwft_state_reg' in module 'xpm_fifo_base'
---------------------------------------------------------------------------------------------------
                   State |                     New Encoding |                Previous Encoding 
---------------------------------------------------------------------------------------------------
                 sm_idle |                             0010 |                               00
                 sm_read |                             1000 |                               01
                sm_write |                             0100 |                               10
                 sm_resp |                             0001 |                               11
---------------------------------------------------------------------------------------------------
INFO: [Synth 8-3354] encoded FSM with state register 'state_reg' using encoding 'one-hot' in module 'slave_attachment'
INFO: [Synth 8-5775] Found 'rw_addr_collision' attribute set to 'no' on SDP RAM gen_wr_a.gen_word_narrow.mem_reg. Setting write mode to NO_CHANGE 
---------------------------------------------------------------------------------------------------
                   State |                     New Encoding |                Previous Encoding 
---------------------------------------------------------------------------------------------------
                 invalid |                               00 |                               00
            stage1_valid |                               01 |                               10
       both_stages_valid |                               10 |                               11
            stage2_valid |                               11 |                               01
---------------------------------------------------------------------------------------------------
INFO: [Synth 8-3354] encoded FSM with state register 'gen_fwft.curr_fwft_state_reg' using encoding 'sequential' in module 'xpm_fifo_base'
---------------------------------------------------------------------------------
Finished RTL Optimization Phase 2 : Time (s): cpu = 00:00:35 ; elapsed = 00:00:39 . Memory (MB): peak = 1531.281 ; gain = 642.531
---------------------------------------------------------------------------------
---------------------------------------------------------------------------------
Start RTL Component Statistics 
---------------------------------------------------------------------------------
Detailed RTL Component Info : 
+---Adders : 
	   2 Input   31 Bit       Adders := 1     
	   4 Input   10 Bit       Adders := 4     
	   2 Input   10 Bit       Adders := 2     
	   4 Input    9 Bit       Adders := 5     
	   3 Input    9 Bit       Adders := 1     
	   4 Input    2 Bit       Adders := 1     
+---Registers : 
	               53 Bit    Registers := 2     
	               33 Bit    Registers := 1     
	               32 Bit    Registers := 3     
	               17 Bit    Registers := 2     
	               10 Bit    Registers := 6     
	                9 Bit    Registers := 6     
	                7 Bit    Registers := 1     
	                4 Bit    Registers := 2     
	                3 Bit    Registers := 1     
	                2 Bit    Registers := 4     
	                1 Bit    Registers := 63    
+---RAMs : 
	              26K Bit	(512 X 53 bit)          RAMs := 1     
+---Muxes : 
	  11 Input   33 Bit        Muxes := 1     
	  12 Input   32 Bit        Muxes := 1     
	   2 Input   17 Bit        Muxes := 6     
	  11 Input   17 Bit        Muxes := 3     
	   2 Input    7 Bit        Muxes := 1     
	   4 Input    4 Bit        Muxes := 1     
	   2 Input    4 Bit        Muxes := 5     
	   5 Input    4 Bit        Muxes := 1     
	   2 Input    2 Bit        Muxes := 33    
	   4 Input    2 Bit        Muxes := 7     
	   2 Input    1 Bit        Muxes := 59    
	   4 Input    1 Bit        Muxes := 2     
	   3 Input    1 Bit        Muxes := 1     
	  11 Input    1 Bit        Muxes := 8     
	  17 Input    1 Bit        Muxes := 1     
---------------------------------------------------------------------------------
Finished RTL Component Statistics 
---------------------------------------------------------------------------------
---------------------------------------------------------------------------------
Start Part Resource Summary
---------------------------------------------------------------------------------
Part Resources:
DSPs: 180 (col length:80)
BRAMs: 210 (col length: RAMB18 80 RAMB36 40)
---------------------------------------------------------------------------------
Finished Part Resource Summary
---------------------------------------------------------------------------------
---------------------------------------------------------------------------------
Start Cross Boundary and Area Optimization
---------------------------------------------------------------------------------
WARNING: [Synth 8-7080] Parallel synthesis criteria is not met
INFO: [Synth 8-5775] Found 'rw_addr_collision' attribute set to 'no' on SDP RAM gen_wr_a.gen_word_narrow.mem_reg. Setting write mode to NO_CHANGE 
INFO: [Synth 8-5775] Found 'rw_addr_collision' attribute set to 'no' on SDP RAM gen_wr_a.gen_word_narrow.mem_reg. Setting write mode to NO_CHANGE 
INFO: [Synth 8-5775] Found 'rw_addr_collision' attribute set to 'no' on SDP RAM gen_wr_a.gen_word_narrow.mem_reg. Setting write mode to NO_CHANGE 
INFO: [Synth 8-5775] Found 'rw_addr_collision' attribute set to 'no' on SDP RAM gen_wr_a.gen_word_narrow.mem_reg. Setting write mode to NO_CHANGE 
INFO: [Synth 8-5775] Found 'rw_addr_collision' attribute set to 'no' on SDP RAM gen_wr_a.gen_word_narrow.mem_reg. Setting write mode to NO_CHANGE 
INFO: [Synth 8-5775] Found 'rw_addr_collision' attribute set to 'no' on SDP RAM gen_wr_a.gen_word_narrow.mem_reg. Setting write mode to NO_CHANGE 
---------------------------------------------------------------------------------
Finished Cross Boundary and Area Optimization : Time (s): cpu = 00:00:40 ; elapsed = 00:00:45 . Memory (MB): peak = 1531.281 ; gain = 642.531
---------------------------------------------------------------------------------
INFO: [Synth 8-5775] Found 'rw_addr_collision' attribute set to 'no' on SDP RAM gen_wr_a.gen_word_narrow.mem_reg. Setting write mode to NO_CHANGE 
---------------------------------------------------------------------------------
Start ROM, RAM, DSP, Shift Register and Retiming Reporting
---------------------------------------------------------------------------------

Block RAM: Preliminary Mapping Report (see note below)
+-----------------------------------------------------------------------------------------------------------------------------------+----------------------------------+------------------------+---+---+------------------------+---+---+------------------+--------+--------+
|Module Name                                                                                                                        | RTL Object                       | PORT A (Depth x Width) | W | R | PORT B (Depth x Width) | W | R | Ports driving FF | RAMB18 | RAMB36 | 
+-----------------------------------------------------------------------------------------------------------------------------------+----------------------------------+------------------------+---+---+------------------------+---+---+------------------+--------+--------+
|U0/\COMP_IPIC2AXI_S/gtxd.COMP_TXD_FIFO/gfifo_gen.COMP_AXIS_FG_FIFO/COMP_FIFO /xpm_fifo_base_inst/\gen_sdpram.xpm_memory_base_inst  | gen_wr_a.gen_word_narrow.mem_reg | 512 x 53(NO_CHANGE)    | W |   | 512 x 53(NO_CHANGE)    |   | R | Port A and B     | 0      | 1      | 
+-----------------------------------------------------------------------------------------------------------------------------------+----------------------------------+------------------------+---+---+------------------------+---+---+------------------+--------+--------+

Note: The table above is a preliminary report that shows the Block RAMs at the current stage of the synthesis flow. Some Block RAMs may be reimplemented as non Block RAM primitives later in the synthesis flow. Multiple instantiated Block RAMs are reported only once. 
---------------------------------------------------------------------------------
Finished ROM, RAM, DSP, Shift Register and Retiming Reporting
---------------------------------------------------------------------------------
---------------------------------------------------------------------------------
Start Applying XDC Timing Constraints
---------------------------------------------------------------------------------
---------------------------------------------------------------------------------
Finished Applying XDC Timing Constraints : Time (s): cpu = 00:00:48 ; elapsed = 00:00:53 . Memory (MB): peak = 1531.281 ; gain = 642.531
---------------------------------------------------------------------------------
---------------------------------------------------------------------------------
Start Timing Optimization
---------------------------------------------------------------------------------
INFO: [Synth 8-5775] Found 'rw_addr_collision' attribute set to 'no' on SDP RAM gen_wr_a.gen_word_narrow.mem_reg. Setting write mode to NO_CHANGE 
---------------------------------------------------------------------------------
Finished Timing Optimization : Time (s): cpu = 00:00:49 ; elapsed = 00:00:54 . Memory (MB): peak = 1531.281 ; gain = 642.531
---------------------------------------------------------------------------------
---------------------------------------------------------------------------------
Start ROM, RAM, DSP, Shift Register and Retiming Reporting
---------------------------------------------------------------------------------

Block RAM: Final Mapping Report
+-----------------------------------------------------------------------------------------------------------------------------------+----------------------------------+------------------------+---+---+------------------------+---+---+------------------+--------+--------+
|Module Name                                                                                                                        | RTL Object                       | PORT A (Depth x Width) | W | R | PORT B (Depth x Width) | W | R | Ports driving FF | RAMB18 | RAMB36 | 
+-----------------------------------------------------------------------------------------------------------------------------------+----------------------------------+------------------------+---+---+------------------------+---+---+------------------+--------+--------+
|U0/\COMP_IPIC2AXI_S/gtxd.COMP_TXD_FIFO/gfifo_gen.COMP_AXIS_FG_FIFO/COMP_FIFO /xpm_fifo_base_inst/\gen_sdpram.xpm_memory_base_inst  | gen_wr_a.gen_word_narrow.mem_reg | 512 x 53(NO_CHANGE)    | W |   | 512 x 53(NO_CHANGE)    |   | R | Port A and B     | 0      | 1      | 
+-----------------------------------------------------------------------------------------------------------------------------------+----------------------------------+------------------------+---+---+------------------------+---+---+------------------+--------+--------+

---------------------------------------------------------------------------------
Finished ROM, RAM, DSP, Shift Register and Retiming Reporting
---------------------------------------------------------------------------------
---------------------------------------------------------------------------------
Start Technology Mapping
---------------------------------------------------------------------------------
---------------------------------------------------------------------------------
Finished Technology Mapping : Time (s): cpu = 00:00:49 ; elapsed = 00:00:54 . Memory (MB): peak = 1531.281 ; gain = 642.531
---------------------------------------------------------------------------------
---------------------------------------------------------------------------------
Start IO Insertion
---------------------------------------------------------------------------------
---------------------------------------------------------------------------------
Start Flattening Before IO Insertion
---------------------------------------------------------------------------------
---------------------------------------------------------------------------------
Finished Flattening Before IO Insertion
---------------------------------------------------------------------------------
---------------------------------------------------------------------------------
Start Final Netlist Cleanup
---------------------------------------------------------------------------------
---------------------------------------------------------------------------------
Finished Final Netlist Cleanup
---------------------------------------------------------------------------------
---------------------------------------------------------------------------------
Finished IO Insertion : Time (s): cpu = 00:00:56 ; elapsed = 00:01:01 . Memory (MB): peak = 1531.281 ; gain = 642.531
---------------------------------------------------------------------------------
---------------------------------------------------------------------------------
Start Renaming Generated Instances
---------------------------------------------------------------------------------
---------------------------------------------------------------------------------
Finished Renaming Generated Instances : Time (s): cpu = 00:00:56 ; elapsed = 00:01:01 . Memory (MB): peak = 1531.281 ; gain = 642.531
---------------------------------------------------------------------------------
---------------------------------------------------------------------------------
Start Rebuilding User Hierarchy
---------------------------------------------------------------------------------
---------------------------------------------------------------------------------
Finished Rebuilding User Hierarchy : Time (s): cpu = 00:00:57 ; elapsed = 00:01:02 . Memory (MB): peak = 1531.281 ; gain = 642.531
---------------------------------------------------------------------------------
---------------------------------------------------------------------------------
Start Renaming Generated Ports
---------------------------------------------------------------------------------
---------------------------------------------------------------------------------
Finished Renaming Generated Ports : Time (s): cpu = 00:00:57 ; elapsed = 00:01:02 . Memory (MB): peak = 1531.281 ; gain = 642.531
---------------------------------------------------------------------------------
---------------------------------------------------------------------------------
Start Handling Custom Attributes
---------------------------------------------------------------------------------
---------------------------------------------------------------------------------
Finished Handling Custom Attributes : Time (s): cpu = 00:00:57 ; elapsed = 00:01:02 . Memory (MB): peak = 1531.281 ; gain = 642.531
---------------------------------------------------------------------------------
---------------------------------------------------------------------------------
Start Renaming Generated Nets
---------------------------------------------------------------------------------
---------------------------------------------------------------------------------
Finished Renaming Generated Nets : Time (s): cpu = 00:00:57 ; elapsed = 00:01:02 . Memory (MB): peak = 1531.281 ; gain = 642.531
---------------------------------------------------------------------------------
---------------------------------------------------------------------------------
Start Writing Synthesis Report
---------------------------------------------------------------------------------

Report BlackBoxes: 
+-+--------------+----------+
| |BlackBox name |Instances |
+-+--------------+----------+
+-+--------------+----------+

Report Cell Usage: 
+------+---------+------+
|      |Cell     |Count |
+------+---------+------+
|1     |CARRY4   |    47|
|2     |LUT1     |    39|
|3     |LUT2     |    96|
|4     |LUT3     |    38|
|5     |LUT4     |    59|
|6     |LUT5     |    79|
|7     |LUT6     |   142|
|8     |RAMB36E1 |     1|
|9     |FDRE     |   365|
|10    |FDSE     |    15|
+------+---------+------+
---------------------------------------------------------------------------------
Finished Writing Synthesis Report : Time (s): cpu = 00:00:57 ; elapsed = 00:01:02 . Memory (MB): peak = 1531.281 ; gain = 642.531
---------------------------------------------------------------------------------
Synthesis finished with 0 errors, 0 critical warnings and 327 warnings.
Synthesis Optimization Runtime : Time (s): cpu = 00:00:31 ; elapsed = 00:00:58 . Memory (MB): peak = 1531.281 ; gain = 642.531
Synthesis Optimization Complete : Time (s): cpu = 00:00:57 ; elapsed = 00:01:02 . Memory (MB): peak = 1531.281 ; gain = 642.531
INFO: [Project 1-571] Translating synthesized netlist
Netlist sorting complete. Time (s): cpu = 00:00:00 ; elapsed = 00:00:00.025 . Memory (MB): peak = 1531.281 ; gain = 0.000
INFO: [Netlist 29-17] Analyzing 48 Unisim elements for replacement
INFO: [Netlist 29-28] Unisim Transformation completed in 0 CPU seconds
INFO: [Project 1-570] Preparing netlist for logic optimization
INFO: [Opt 31-138] Pushed 0 inverter(s) to 0 load pin(s).
Netlist sorting complete. Time (s): cpu = 00:00:00 ; elapsed = 00:00:00.001 . Memory (MB): peak = 1531.281 ; gain = 0.000
INFO: [Project 1-111] Unisim Transformation Summary:
No Unisim elements were transformed.

Synth Design complete | Checksum: d85ad7f1
INFO: [Common 17-83] Releasing license: Synthesis
124 Infos, 119 Warnings, 0 Critical Warnings and 0 Errors encountered.
synth_design completed successfully
synth_design: Time (s): cpu = 00:01:04 ; elapsed = 00:01:10 . Memory (MB): peak = 1531.281 ; gain = 1041.918
INFO: [Common 17-1381] The checkpoint 'C:/Users/johny/BOILresearch/full_dcs_system_6_23_23.xpr/full_dcs_system/full_dcs_system.runs/design_1_axi_fifo_mm_s_0_1_synth_1/design_1_axi_fifo_mm_s_0_1.dcp' has been generated.
INFO: [Coretcl 2-1648] Added synthesis output to IP cache for IP design_1_axi_fifo_mm_s_0_1, cache-ID = 1506c5c22960f11b
INFO: [Coretcl 2-1174] Renamed 39 cell refs.
INFO: [Common 17-1381] The checkpoint 'C:/Users/johny/BOILresearch/full_dcs_system_6_23_23.xpr/full_dcs_system/full_dcs_system.runs/design_1_axi_fifo_mm_s_0_1_synth_1/design_1_axi_fifo_mm_s_0_1.dcp' has been generated.
INFO: [runtcl-4] Executing : report_utilization -file design_1_axi_fifo_mm_s_0_1_utilization_synth.rpt -pb design_1_axi_fifo_mm_s_0_1_utilization_synth.pb
INFO: [Common 17-206] Exiting Vivado at Wed Mar 18 22:14:05 2026...
