
*** Running vivado
    with args -log design_1_uart_aggregator_0_0.vds -m64 -product Vivado -mode batch -messageDb vivado.pb -notrace -source design_1_uart_aggregator_0_0.tcl


ECHO is off.
ECHO is off.

****** Vivado v2023.1 (64-bit)
  **** SW Build 3865809 on Sun May  7 15:05:29 MDT 2023
  **** IP Build 3864474 on Sun May  7 20:36:21 MDT 2023
  **** SharedData Build 3865790 on Sun May 07 13:33:03 MDT 2023
    ** Copyright 1986-2022 Xilinx, Inc. All Rights Reserved.
    ** Copyright 2022-2023 Advanced Micro Devices, Inc. All Rights Reserved.

source design_1_uart_aggregator_0_0.tcl -notrace
create_project: Time (s): cpu = 00:00:05 ; elapsed = 00:00:08 . Memory (MB): peak = 455.828 ; gain = 160.016
INFO: [IP_Flow 19-234] Refreshing IP repositories
INFO: [IP_Flow 19-1700] Loaded user IP repository 'c:/Users/johny/BOILresearch/full_dcs_system_6_23_23.xpr/full_dcs_system/full_dcs_system.ipdefs/dcs_analyzer_axil'.
INFO: [IP_Flow 19-1700] Loaded user IP repository 'c:/Users/johny/BOILresearch/full_dcs_system_6_23_23.xpr/full_dcs_system/full_dcs_system.ipdefs/correlator_ip'.
INFO: [IP_Flow 19-2313] Loaded Vivado IP repository 'C:/Xilinx/Vivado/2023.1/data/ip'.
WARNING: [IP_Flow 19-4995] The host OS only allows 260 characters in a normal path. The IP cache path is more than 80 characters. If you experience issues with IP caching, please consider changing the IP cache to a location with a shorter path. Alternately consider using the OS subst command to map part of the path to a drive letter. 
Current IP cache path is c:/Users/johny/BOILresearch/full_dcs_system_6_23_23.xpr/full_dcs_system/full_dcs_system.cache/ip 
Command: synth_design -top design_1_uart_aggregator_0_0 -part xc7a75tfgg484-3 -incremental_mode off -mode out_of_context
Starting synth_design
Attempting to get a license for feature 'Synthesis' and/or device 'xc7a75t'
INFO: [Common 17-349] Got license for feature 'Synthesis' and/or device 'xc7a75t'
INFO: [Device 21-403] Loading part xc7a75tfgg484-3
INFO: [Synth 8-7079] Multithreading enabled for synth_design using a maximum of 2 processes.
INFO: [Synth 8-7078] Launching helper process for spawning children vivado processes
INFO: [Synth 8-7075] Helper process launched with PID 22864
---------------------------------------------------------------------------------
Starting RTL Elaboration : Time (s): cpu = 00:00:04 ; elapsed = 00:00:05 . Memory (MB): peak = 1300.969 ; gain = 409.180
---------------------------------------------------------------------------------
INFO: [Synth 8-638] synthesizing module 'design_1_uart_aggregator_0_0' [c:/Users/johny/BOILresearch/full_dcs_system_6_23_23.xpr/full_dcs_system/full_dcs_system.gen/sources_1/bd/design_1/ip/design_1_uart_aggregator_0_0/synth/design_1_uart_aggregator_0_0.vhd:77]
	Parameter correlationLength bound to: 64 - type: integer 
INFO: [Synth 8-3491] module 'uart_aggregator' declared at 'C:/Users/johny/BOILresearch/full_dcs_system_6_23_23.xpr/full_dcs_system/full_dcs_system.srcs/sources_1/new/uart_aggregator.vhd:5' bound to instance 'U0' of component 'uart_aggregator' [c:/Users/johny/BOILresearch/full_dcs_system_6_23_23.xpr/full_dcs_system/full_dcs_system.gen/sources_1/bd/design_1/ip/design_1_uart_aggregator_0_0/synth/design_1_uart_aggregator_0_0.vhd:123]
INFO: [Synth 8-638] synthesizing module 'uart_aggregator' [C:/Users/johny/BOILresearch/full_dcs_system_6_23_23.xpr/full_dcs_system/full_dcs_system.srcs/sources_1/new/uart_aggregator.vhd:40]
	Parameter CLK_FREQ bound to: 100000000 - type: integer 
	Parameter BAUD_RATE bound to: 3125000 - type: integer 
	Parameter PARITY_BIT bound to: odd - type: string 
	Parameter USE_DEBOUNCER bound to: 1 - type: bool 
INFO: [Synth 8-3491] module 'UART' declared at 'C:/Users/johny/BOILresearch/full_dcs_system_6_23_23.xpr/full_dcs_system/full_dcs_system.srcs/sources_1/imports/rtl/uart.vhd:19' bound to instance 'uart_controller' of component 'UART' [C:/Users/johny/BOILresearch/full_dcs_system_6_23_23.xpr/full_dcs_system/full_dcs_system.srcs/sources_1/new/uart_aggregator.vhd:142]
INFO: [Synth 8-638] synthesizing module 'UART' [C:/Users/johny/BOILresearch/full_dcs_system_6_23_23.xpr/full_dcs_system/full_dcs_system.srcs/sources_1/imports/rtl/uart.vhd:45]
INFO: [Synth 8-638] synthesizing module 'UART_CLK_DIV' [C:/Users/johny/BOILresearch/full_dcs_system_6_23_23.xpr/full_dcs_system/full_dcs_system.srcs/sources_1/imports/rtl/comp/uart_clk_div.vhd:29]
INFO: [Synth 8-256] done synthesizing module 'UART_CLK_DIV' (0#1) [C:/Users/johny/BOILresearch/full_dcs_system_6_23_23.xpr/full_dcs_system/full_dcs_system.srcs/sources_1/imports/rtl/comp/uart_clk_div.vhd:29]
INFO: [Synth 8-638] synthesizing module 'UART_DEBOUNCER' [C:/Users/johny/BOILresearch/full_dcs_system_6_23_23.xpr/full_dcs_system/full_dcs_system.srcs/sources_1/imports/rtl/comp/uart_debouncer.vhd:26]
INFO: [Synth 8-256] done synthesizing module 'UART_DEBOUNCER' (0#1) [C:/Users/johny/BOILresearch/full_dcs_system_6_23_23.xpr/full_dcs_system/full_dcs_system.srcs/sources_1/imports/rtl/comp/uart_debouncer.vhd:26]
INFO: [Synth 8-638] synthesizing module 'UART_RX' [C:/Users/johny/BOILresearch/full_dcs_system_6_23_23.xpr/full_dcs_system/full_dcs_system.srcs/sources_1/imports/rtl/comp/uart_rx.vhd:32]
INFO: [Synth 8-638] synthesizing module 'UART_CLK_DIV__parameterized0' [C:/Users/johny/BOILresearch/full_dcs_system_6_23_23.xpr/full_dcs_system/full_dcs_system.srcs/sources_1/imports/rtl/comp/uart_clk_div.vhd:29]
INFO: [Synth 8-256] done synthesizing module 'UART_CLK_DIV__parameterized0' (0#1) [C:/Users/johny/BOILresearch/full_dcs_system_6_23_23.xpr/full_dcs_system/full_dcs_system.srcs/sources_1/imports/rtl/comp/uart_clk_div.vhd:29]
INFO: [Synth 8-638] synthesizing module 'UART_PARITY' [C:/Users/johny/BOILresearch/full_dcs_system_6_23_23.xpr/full_dcs_system/full_dcs_system.srcs/sources_1/imports/rtl/comp/uart_parity.vhd:24]
INFO: [Synth 8-256] done synthesizing module 'UART_PARITY' (0#1) [C:/Users/johny/BOILresearch/full_dcs_system_6_23_23.xpr/full_dcs_system/full_dcs_system.srcs/sources_1/imports/rtl/comp/uart_parity.vhd:24]
INFO: [Synth 8-256] done synthesizing module 'UART_RX' (0#1) [C:/Users/johny/BOILresearch/full_dcs_system_6_23_23.xpr/full_dcs_system/full_dcs_system.srcs/sources_1/imports/rtl/comp/uart_rx.vhd:32]
INFO: [Synth 8-638] synthesizing module 'UART_TX' [C:/Users/johny/BOILresearch/full_dcs_system_6_23_23.xpr/full_dcs_system/full_dcs_system.srcs/sources_1/imports/rtl/comp/uart_tx.vhd:31]
INFO: [Synth 8-638] synthesizing module 'UART_CLK_DIV__parameterized1' [C:/Users/johny/BOILresearch/full_dcs_system_6_23_23.xpr/full_dcs_system/full_dcs_system.srcs/sources_1/imports/rtl/comp/uart_clk_div.vhd:29]
INFO: [Synth 8-256] done synthesizing module 'UART_CLK_DIV__parameterized1' (0#1) [C:/Users/johny/BOILresearch/full_dcs_system_6_23_23.xpr/full_dcs_system/full_dcs_system.srcs/sources_1/imports/rtl/comp/uart_clk_div.vhd:29]
INFO: [Synth 8-256] done synthesizing module 'UART_TX' (0#1) [C:/Users/johny/BOILresearch/full_dcs_system_6_23_23.xpr/full_dcs_system/full_dcs_system.srcs/sources_1/imports/rtl/comp/uart_tx.vhd:31]
INFO: [Synth 8-256] done synthesizing module 'UART' (0#1) [C:/Users/johny/BOILresearch/full_dcs_system_6_23_23.xpr/full_dcs_system/full_dcs_system.srcs/sources_1/imports/rtl/uart.vhd:45]
INFO: [Synth 8-3491] module 'intensityFIFO' declared at 'C:/Users/johny/BOILresearch/full_dcs_system_6_23_23.xpr/full_dcs_system/full_dcs_system.runs/design_1_uart_aggregator_0_0_synth_1/.Xil/Vivado-25108-JohnWorkstat/realtime/intensityFIFO_stub.vhdl:6' bound to instance 'intensity_fifo' of component 'intensityFIFO' [C:/Users/johny/BOILresearch/full_dcs_system_6_23_23.xpr/full_dcs_system/full_dcs_system.srcs/sources_1/new/uart_aggregator.vhd:269]
INFO: [Synth 8-638] synthesizing module 'intensityFIFO' [C:/Users/johny/BOILresearch/full_dcs_system_6_23_23.xpr/full_dcs_system/full_dcs_system.runs/design_1_uart_aggregator_0_0_synth_1/.Xil/Vivado-25108-JohnWorkstat/realtime/intensityFIFO_stub.vhdl:24]
INFO: [Synth 8-3491] module 'correlatorFIFO' declared at 'C:/Users/johny/BOILresearch/full_dcs_system_6_23_23.xpr/full_dcs_system/full_dcs_system.runs/design_1_uart_aggregator_0_0_synth_1/.Xil/Vivado-25108-JohnWorkstat/realtime/correlatorFIFO_stub.vhdl:6' bound to instance 'correlation_fifo' of component 'correlatorFIFO' [C:/Users/johny/BOILresearch/full_dcs_system_6_23_23.xpr/full_dcs_system/full_dcs_system.srcs/sources_1/new/uart_aggregator.vhd:285]
INFO: [Synth 8-638] synthesizing module 'correlatorFIFO' [C:/Users/johny/BOILresearch/full_dcs_system_6_23_23.xpr/full_dcs_system/full_dcs_system.runs/design_1_uart_aggregator_0_0_synth_1/.Xil/Vivado-25108-JohnWorkstat/realtime/correlatorFIFO_stub.vhdl:24]
INFO: [Synth 8-3491] module 'uart_fifo' declared at 'C:/Users/johny/BOILresearch/full_dcs_system_6_23_23.xpr/full_dcs_system/full_dcs_system.runs/design_1_uart_aggregator_0_0_synth_1/.Xil/Vivado-25108-JohnWorkstat/realtime/uart_fifo_stub.vhdl:6' bound to instance 'main_fifo' of component 'uart_fifo' [C:/Users/johny/BOILresearch/full_dcs_system_6_23_23.xpr/full_dcs_system/full_dcs_system.srcs/sources_1/new/uart_aggregator.vhd:302]
INFO: [Synth 8-638] synthesizing module 'uart_fifo' [C:/Users/johny/BOILresearch/full_dcs_system_6_23_23.xpr/full_dcs_system/full_dcs_system.runs/design_1_uart_aggregator_0_0_synth_1/.Xil/Vivado-25108-JohnWorkstat/realtime/uart_fifo_stub.vhdl:21]
INFO: [Synth 8-256] done synthesizing module 'uart_aggregator' (0#1) [C:/Users/johny/BOILresearch/full_dcs_system_6_23_23.xpr/full_dcs_system/full_dcs_system.srcs/sources_1/new/uart_aggregator.vhd:40]
INFO: [Synth 8-256] done synthesizing module 'design_1_uart_aggregator_0_0' (0#1) [c:/Users/johny/BOILresearch/full_dcs_system_6_23_23.xpr/full_dcs_system/full_dcs_system.gen/sources_1/bd/design_1/ip/design_1_uart_aggregator_0_0/synth/design_1_uart_aggregator_0_0.vhd:77]
WARNING: [Synth 8-7129] Port RST in module UART_CLK_DIV__parameterized1 is either unconnected or has no load
WARNING: [Synth 8-7129] Port RST in module UART_CLK_DIV__parameterized0 is either unconnected or has no load
WARNING: [Synth 8-7129] Port RST in module UART_CLK_DIV is either unconnected or has no load
---------------------------------------------------------------------------------
Finished RTL Elaboration : Time (s): cpu = 00:00:05 ; elapsed = 00:00:06 . Memory (MB): peak = 1400.258 ; gain = 508.469
---------------------------------------------------------------------------------
---------------------------------------------------------------------------------
Start Handling Custom Attributes
---------------------------------------------------------------------------------
---------------------------------------------------------------------------------
Finished Handling Custom Attributes : Time (s): cpu = 00:00:05 ; elapsed = 00:00:06 . Memory (MB): peak = 1400.258 ; gain = 508.469
---------------------------------------------------------------------------------
---------------------------------------------------------------------------------
Finished RTL Optimization Phase 1 : Time (s): cpu = 00:00:05 ; elapsed = 00:00:06 . Memory (MB): peak = 1400.258 ; gain = 508.469
---------------------------------------------------------------------------------
Netlist sorting complete. Time (s): cpu = 00:00:00 ; elapsed = 00:00:00.002 . Memory (MB): peak = 1400.258 ; gain = 0.000
INFO: [Project 1-570] Preparing netlist for logic optimization

Processing XDC Constraints
Initializing timing engine
Parsing XDC File [C:/Users/johny/BOILresearch/full_dcs_system_6_23_23.xpr/full_dcs_system/full_dcs_system.runs/design_1_uart_aggregator_0_0_synth_1/.Xil/Vivado-25108-JohnWorkstat/uart_fifo/uart_fifo/uart_fifo_in_context.xdc] for cell 'U0/main_fifo'
Finished Parsing XDC File [C:/Users/johny/BOILresearch/full_dcs_system_6_23_23.xpr/full_dcs_system/full_dcs_system.runs/design_1_uart_aggregator_0_0_synth_1/.Xil/Vivado-25108-JohnWorkstat/uart_fifo/uart_fifo/uart_fifo_in_context.xdc] for cell 'U0/main_fifo'
Parsing XDC File [C:/Users/johny/BOILresearch/full_dcs_system_6_23_23.xpr/full_dcs_system/full_dcs_system.runs/design_1_uart_aggregator_0_0_synth_1/.Xil/Vivado-25108-JohnWorkstat/correlatorFIFO/correlatorFIFO/correlatorFIFO_in_context.xdc] for cell 'U0/aggregator.correlation_fifo'
Finished Parsing XDC File [C:/Users/johny/BOILresearch/full_dcs_system_6_23_23.xpr/full_dcs_system/full_dcs_system.runs/design_1_uart_aggregator_0_0_synth_1/.Xil/Vivado-25108-JohnWorkstat/correlatorFIFO/correlatorFIFO/correlatorFIFO_in_context.xdc] for cell 'U0/aggregator.correlation_fifo'
Parsing XDC File [C:/Users/johny/BOILresearch/full_dcs_system_6_23_23.xpr/full_dcs_system/full_dcs_system.runs/design_1_uart_aggregator_0_0_synth_1/.Xil/Vivado-25108-JohnWorkstat/intensityFIFO/intensityFIFO/intensityFIFO_in_context.xdc] for cell 'U0/aggregator.intensity_fifo'
Finished Parsing XDC File [C:/Users/johny/BOILresearch/full_dcs_system_6_23_23.xpr/full_dcs_system/full_dcs_system.runs/design_1_uart_aggregator_0_0_synth_1/.Xil/Vivado-25108-JohnWorkstat/intensityFIFO/intensityFIFO/intensityFIFO_in_context.xdc] for cell 'U0/aggregator.intensity_fifo'
Parsing XDC File [c:/Users/johny/BOILresearch/full_dcs_system_6_23_23.xpr/full_dcs_system/full_dcs_system.gen/sources_1/bd/design_1/ip/design_1_uart_aggregator_0_0/design_1_uart_aggregator_0_0_ooc.xdc] for cell 'U0'
Finished Parsing XDC File [c:/Users/johny/BOILresearch/full_dcs_system_6_23_23.xpr/full_dcs_system/full_dcs_system.gen/sources_1/bd/design_1/ip/design_1_uart_aggregator_0_0/design_1_uart_aggregator_0_0_ooc.xdc] for cell 'U0'
Parsing XDC File [C:/Users/johny/BOILresearch/full_dcs_system_6_23_23.xpr/full_dcs_system/full_dcs_system.runs/design_1_uart_aggregator_0_0_synth_1/dont_touch.xdc]
Finished Parsing XDC File [C:/Users/johny/BOILresearch/full_dcs_system_6_23_23.xpr/full_dcs_system/full_dcs_system.runs/design_1_uart_aggregator_0_0_synth_1/dont_touch.xdc]
Completed Processing XDC Constraints

Netlist sorting complete. Time (s): cpu = 00:00:00 ; elapsed = 00:00:00 . Memory (MB): peak = 1505.648 ; gain = 0.000
INFO: [Project 1-111] Unisim Transformation Summary:
No Unisim elements were transformed.

Constraint Validation Runtime : Time (s): cpu = 00:00:00 ; elapsed = 00:00:00.038 . Memory (MB): peak = 1505.648 ; gain = 0.000
INFO: [Designutils 20-5008] Incremental synthesis strategy off
---------------------------------------------------------------------------------
Finished Constraint Validation : Time (s): cpu = 00:00:11 ; elapsed = 00:00:13 . Memory (MB): peak = 1505.648 ; gain = 613.859
---------------------------------------------------------------------------------
---------------------------------------------------------------------------------
Start Loading Part and Timing Information
---------------------------------------------------------------------------------
Loading part: xc7a75tfgg484-3
---------------------------------------------------------------------------------
Finished Loading Part and Timing Information : Time (s): cpu = 00:00:11 ; elapsed = 00:00:13 . Memory (MB): peak = 1505.648 ; gain = 613.859
---------------------------------------------------------------------------------
---------------------------------------------------------------------------------
Start Applying 'set_property' XDC Constraints
---------------------------------------------------------------------------------
Applied set_property KEEP_HIERARCHY = SOFT for U0. (constraint file  C:/Users/johny/BOILresearch/full_dcs_system_6_23_23.xpr/full_dcs_system/full_dcs_system.runs/design_1_uart_aggregator_0_0_synth_1/dont_touch.xdc, line 18).
Applied set_property KEEP_HIERARCHY = SOFT for U0/main_fifo. (constraint file  auto generated constraint).
Applied set_property KEEP_HIERARCHY = SOFT for U0/\aggregator.correlation_fifo . (constraint file  auto generated constraint).
Applied set_property KEEP_HIERARCHY = SOFT for U0/\aggregator.intensity_fifo . (constraint file  auto generated constraint).
---------------------------------------------------------------------------------
Finished applying 'set_property' XDC Constraints : Time (s): cpu = 00:00:11 ; elapsed = 00:00:13 . Memory (MB): peak = 1505.648 ; gain = 613.859
---------------------------------------------------------------------------------
INFO: [Synth 8-802] inferred FSM for state register 'fsm_pstate_reg' in module 'UART_RX'
INFO: [Synth 8-802] inferred FSM for state register 'tx_pstate_reg' in module 'UART_TX'
---------------------------------------------------------------------------------------------------
                   State |                     New Encoding |                Previous Encoding 
---------------------------------------------------------------------------------------------------
                    idle |                            00001 |                              000
                startbit |                            00010 |                              001
                databits |                            00100 |                              010
               paritybit |                            01000 |                              011
                 stopbit |                            10000 |                              100
---------------------------------------------------------------------------------------------------
INFO: [Synth 8-3354] encoded FSM with state register 'fsm_pstate_reg' using encoding 'one-hot' in module 'UART_RX'
---------------------------------------------------------------------------------------------------
                   State |                     New Encoding |                Previous Encoding 
---------------------------------------------------------------------------------------------------
                    idle |                           000001 |                              000
                  txsync |                           000010 |                              001
                startbit |                           000100 |                              010
                databits |                           001000 |                              011
               paritybit |                           010000 |                              100
                 stopbit |                           100000 |                              101
---------------------------------------------------------------------------------------------------
INFO: [Synth 8-3354] encoded FSM with state register 'tx_pstate_reg' using encoding 'one-hot' in module 'UART_TX'
---------------------------------------------------------------------------------
Finished RTL Optimization Phase 2 : Time (s): cpu = 00:00:11 ; elapsed = 00:00:13 . Memory (MB): peak = 1505.648 ; gain = 613.859
---------------------------------------------------------------------------------
---------------------------------------------------------------------------------
Start RTL Component Statistics 
---------------------------------------------------------------------------------
Detailed RTL Component Info : 
+---Adders : 
	   2 Input    4 Bit       Adders := 2     
	   2 Input    3 Bit       Adders := 2     
+---XORs : 
	   9 Input      1 Bit         XORs := 2     
	   2 Input      1 Bit         XORs := 1     
+---Registers : 
	               32 Bit    Registers := 1     
	                8 Bit    Registers := 2     
	                4 Bit    Registers := 2     
	                3 Bit    Registers := 3     
	                1 Bit    Registers := 18    
+---Muxes : 
	   2 Input   32 Bit        Muxes := 4     
	   6 Input    6 Bit        Muxes := 1     
	   2 Input    6 Bit        Muxes := 7     
	   5 Input    5 Bit        Muxes := 1     
	   2 Input    5 Bit        Muxes := 5     
	   2 Input    4 Bit        Muxes := 2     
	   2 Input    3 Bit        Muxes := 2     
	   6 Input    2 Bit        Muxes := 1     
	   2 Input    1 Bit        Muxes := 9     
	   6 Input    1 Bit        Muxes := 1     
	   4 Input    1 Bit        Muxes := 1     
	   3 Input    1 Bit        Muxes := 1     
---------------------------------------------------------------------------------
Finished RTL Component Statistics 
---------------------------------------------------------------------------------
---------------------------------------------------------------------------------
Start Part Resource Summary
---------------------------------------------------------------------------------
Part Resources:
DSPs: 180 (col length:80)
BRAMs: 210 (col length: RAMB18 80 RAMB36 40)
---------------------------------------------------------------------------------
Finished Part Resource Summary
---------------------------------------------------------------------------------
---------------------------------------------------------------------------------
Start Cross Boundary and Area Optimization
---------------------------------------------------------------------------------
WARNING: [Synth 8-7080] Parallel synthesis criteria is not met
---------------------------------------------------------------------------------
Finished Cross Boundary and Area Optimization : Time (s): cpu = 00:00:13 ; elapsed = 00:00:15 . Memory (MB): peak = 1505.648 ; gain = 613.859
---------------------------------------------------------------------------------
---------------------------------------------------------------------------------
Start Applying XDC Timing Constraints
---------------------------------------------------------------------------------
---------------------------------------------------------------------------------
Finished Applying XDC Timing Constraints : Time (s): cpu = 00:00:16 ; elapsed = 00:00:18 . Memory (MB): peak = 1505.648 ; gain = 613.859
---------------------------------------------------------------------------------
---------------------------------------------------------------------------------
Start Timing Optimization
---------------------------------------------------------------------------------
---------------------------------------------------------------------------------
Finished Timing Optimization : Time (s): cpu = 00:00:16 ; elapsed = 00:00:18 . Memory (MB): peak = 1505.648 ; gain = 613.859
---------------------------------------------------------------------------------
---------------------------------------------------------------------------------
Start Technology Mapping
---------------------------------------------------------------------------------
---------------------------------------------------------------------------------
Finished Technology Mapping : Time (s): cpu = 00:00:16 ; elapsed = 00:00:18 . Memory (MB): peak = 1505.648 ; gain = 613.859
---------------------------------------------------------------------------------
---------------------------------------------------------------------------------
Start IO Insertion
---------------------------------------------------------------------------------
---------------------------------------------------------------------------------
Start Flattening Before IO Insertion
---------------------------------------------------------------------------------
---------------------------------------------------------------------------------
Finished Flattening Before IO Insertion
---------------------------------------------------------------------------------
---------------------------------------------------------------------------------
Start Final Netlist Cleanup
---------------------------------------------------------------------------------
---------------------------------------------------------------------------------
Finished Final Netlist Cleanup
---------------------------------------------------------------------------------
---------------------------------------------------------------------------------
Finished IO Insertion : Time (s): cpu = 00:00:19 ; elapsed = 00:00:22 . Memory (MB): peak = 1505.648 ; gain = 613.859
---------------------------------------------------------------------------------
---------------------------------------------------------------------------------
Start Renaming Generated Instances
---------------------------------------------------------------------------------
---------------------------------------------------------------------------------
Finished Renaming Generated Instances : Time (s): cpu = 00:00:19 ; elapsed = 00:00:22 . Memory (MB): peak = 1505.648 ; gain = 613.859
---------------------------------------------------------------------------------
---------------------------------------------------------------------------------
Start Rebuilding User Hierarchy
---------------------------------------------------------------------------------
---------------------------------------------------------------------------------
Finished Rebuilding User Hierarchy : Time (s): cpu = 00:00:19 ; elapsed = 00:00:22 . Memory (MB): peak = 1505.648 ; gain = 613.859
---------------------------------------------------------------------------------
---------------------------------------------------------------------------------
Start Renaming Generated Ports
---------------------------------------------------------------------------------
---------------------------------------------------------------------------------
Finished Renaming Generated Ports : Time (s): cpu = 00:00:19 ; elapsed = 00:00:22 . Memory (MB): peak = 1505.648 ; gain = 613.859
---------------------------------------------------------------------------------
---------------------------------------------------------------------------------
Start Handling Custom Attributes
---------------------------------------------------------------------------------
---------------------------------------------------------------------------------
Finished Handling Custom Attributes : Time (s): cpu = 00:00:19 ; elapsed = 00:00:22 . Memory (MB): peak = 1505.648 ; gain = 613.859
---------------------------------------------------------------------------------
---------------------------------------------------------------------------------
Start Renaming Generated Nets
---------------------------------------------------------------------------------
---------------------------------------------------------------------------------
Finished Renaming Generated Nets : Time (s): cpu = 00:00:19 ; elapsed = 00:00:22 . Memory (MB): peak = 1505.648 ; gain = 613.859
---------------------------------------------------------------------------------
---------------------------------------------------------------------------------
Start Writing Synthesis Report
---------------------------------------------------------------------------------

Report BlackBoxes: 
+------+---------------+----------+
|      |BlackBox name  |Instances |
+------+---------------+----------+
|1     |uart_fifo      |         1|
|2     |intensityFIFO  |         1|
|3     |correlatorFIFO |         1|
+------+---------------+----------+

Report Cell Usage: 
+------+--------------------+------+
|      |Cell                |Count |
+------+--------------------+------+
|1     |correlatorFIFO_bbox |     1|
|2     |intensityFIFO_bbox  |     1|
|3     |uart_fifo_bbox      |     1|
|4     |LUT1                |     6|
|5     |LUT2                |     4|
|6     |LUT3                |    14|
|7     |LUT4                |    13|
|8     |LUT5                |     8|
|9     |LUT6                |    44|
|10    |MUXF7               |     1|
|11    |FDRE                |    91|
|12    |FDSE                |     3|
+------+--------------------+------+
---------------------------------------------------------------------------------
Finished Writing Synthesis Report : Time (s): cpu = 00:00:19 ; elapsed = 00:00:22 . Memory (MB): peak = 1505.648 ; gain = 613.859
---------------------------------------------------------------------------------
Synthesis finished with 0 errors, 0 critical warnings and 1 warnings.
Synthesis Optimization Runtime : Time (s): cpu = 00:00:12 ; elapsed = 00:00:20 . Memory (MB): peak = 1505.648 ; gain = 508.469
Synthesis Optimization Complete : Time (s): cpu = 00:00:19 ; elapsed = 00:00:22 . Memory (MB): peak = 1505.648 ; gain = 613.859
INFO: [Project 1-571] Translating synthesized netlist
Netlist sorting complete. Time (s): cpu = 00:00:00 ; elapsed = 00:00:00.001 . Memory (MB): peak = 1505.648 ; gain = 0.000
INFO: [Netlist 29-17] Analyzing 1 Unisim elements for replacement
INFO: [Netlist 29-28] Unisim Transformation completed in 0 CPU seconds
INFO: [Project 1-570] Preparing netlist for logic optimization
INFO: [Opt 31-138] Pushed 0 inverter(s) to 0 load pin(s).
Netlist sorting complete. Time (s): cpu = 00:00:00 ; elapsed = 00:00:00 . Memory (MB): peak = 1505.648 ; gain = 0.000
INFO: [Project 1-111] Unisim Transformation Summary:
No Unisim elements were transformed.

Synth Design complete | Checksum: e80b0e39
INFO: [Common 17-83] Releasing license: Synthesis
51 Infos, 5 Warnings, 0 Critical Warnings and 0 Errors encountered.
synth_design completed successfully
synth_design: Time (s): cpu = 00:00:23 ; elapsed = 00:00:38 . Memory (MB): peak = 1505.648 ; gain = 1015.980
INFO: [Coretcl 2-1174] Renamed 11 cell refs.
INFO: [Common 17-1381] The checkpoint 'C:/Users/johny/BOILresearch/full_dcs_system_6_23_23.xpr/full_dcs_system/full_dcs_system.runs/design_1_uart_aggregator_0_0_synth_1/design_1_uart_aggregator_0_0.dcp' has been generated.
INFO: [runtcl-4] Executing : report_utilization -file design_1_uart_aggregator_0_0_utilization_synth.rpt -pb design_1_uart_aggregator_0_0_utilization_synth.pb
INFO: [Common 17-206] Exiting Vivado at Fri Mar  6 15:08:01 2026...
